<?xml version="1.0" encoding="UTF-8"?>
<!-- Generated by org.testng.reporters.JUnitReportReporter -->
<testsuite skipped="0" hostname="PW-HAN-063" name="PS_cbc_Test" tests="1" failures="0" timestamp="04 Nov 2019 05:12:02 GMT" time="17.415" errors="0">
  <testcase name="execute" time="17.415" classname="PS_cbc_Test"/>
</testsuite> <!-- PS_cbc_Test -->
