<?xml version="1.0" encoding="UTF-8"?>
<!-- Generated by org.testng.reporters.JUnitReportReporter -->
<testsuite skipped="0" hostname="DESKTOP-V097D2E" name="automation.project3ds.FillCreditCardTest" tests="1" failures="0" timestamp="02 Jul 2019 11:03:38 GMT" time="43.885" errors="0">
  <testcase name="execute" time="43.885" classname="automation.project3ds.FillCreditCardTest"/>
</testsuite> <!-- automation.project3ds.FillCreditCardTest -->
