<?xml version="1.0" encoding="UTF-8"?>
<!-- Generated by org.testng.reporters.JUnitReportReporter -->
<testsuite skipped="0" hostname="PW-HAN-063" name="PS_openbucks_Test" tests="1" failures="0" timestamp="25 Dec 2019 09:45:30 GMT" time="29.637" errors="0">
  <testcase name="execute" time="29.637" classname="PS_openbucks_Test"/>
</testsuite> <!-- PS_openbucks_Test -->
