<?xml version="1.0" encoding="UTF-8"?>
<!-- Generated by org.testng.reporters.JUnitReportReporter -->
<testsuite skipped="0" hostname="PW-HAN-063" name="WidgetBrick_1v6_Test_tab_boletobancario_Boleto" tests="2" failures="0" timestamp="04 Sep 2019 11:38:54 GMT" time="56.927" errors="0">
  <testcase name="paymentPersonalSuccess" time="28.910" classname="WidgetBrick_1v6_Test_tab_boletobancario_Boleto"/>
  <testcase name="paymentBussinessSuccess" time="28.017" classname="WidgetBrick_1v6_Test_tab_boletobancario_Boleto"/>
</testsuite> <!-- WidgetBrick_1v6_Test_tab_boletobancario_Boleto -->
