<?xml version="1.0" encoding="UTF-8"?>
<!-- Generated by org.testng.reporters.JUnitReportReporter -->
<testsuite skipped="0" hostname="PW-HAN-063" name="PS_ppro_mybank_Test" tests="1" failures="0" timestamp="07 Nov 2019 12:28:16 GMT" time="18.835" errors="0">
  <testcase name="execute" time="18.835" classname="PS_ppro_mybank_Test"/>
</testsuite> <!-- PS_ppro_mybank_Test -->
