<?xml version="1.0" encoding="UTF-8"?>
<!-- Generated by org.testng.reporters.JUnitReportReporter -->
<testsuite skipped="0" hostname="PW-HAN-063" name="threedsON.PS_gateway_old_widget_embarcalero1_ON" tests="1" failures="0" timestamp="21 Nov 2019 04:49:19 GMT" time="43.761" errors="0">
  <testcase name="v1" time="43.761" classname="threedsON.PS_gateway_old_widget_embarcalero1_ON"/>
</testsuite> <!-- threedsON.PS_gateway_old_widget_embarcalero1_ON -->
