<?xml version="1.0" encoding="UTF-8"?>
<!-- Generated by org.testng.reporters.JUnitReportReporter -->
<testsuite skipped="0" hostname="PW-HAN-063" name="threedsON.PS_gateway_custom_embarcalero2_ON" tests="1" failures="0" timestamp="21 Oct 2019 05:23:07 GMT" time="37.778" errors="0">
  <testcase name="v2" time="37.778" classname="threedsON.PS_gateway_custom_embarcalero2_ON"/>
</testsuite> <!-- threedsON.PS_gateway_custom_embarcalero2_ON -->
