<?xml version="1.0" encoding="UTF-8"?>
<!-- Generated by org.testng.reporters.JUnitReportReporter -->
<testsuite skipped="0" hostname="PW-HAN-063" name="PS_przelewy24_NOTSelectBank_Test2" tests="1" failures="0" timestamp="04 Nov 2019 09:39:57 GMT" time="49.278" errors="0">
  <testcase name="execute" time="49.278" classname="PS_przelewy24_NOTSelectBank_Test2"/>
</testsuite> <!-- PS_przelewy24_NOTSelectBank_Test2 -->
