<?xml version="1.0" encoding="UTF-8"?>
<!-- Generated by org.testng.reporters.JUnitReportReporter -->
<testsuite skipped="0" hostname="PW-HAN-063" name="PS_idealpayments_Test" tests="1" failures="0" timestamp="04 Nov 2019 11:04:14 GMT" time="22.773" errors="0">
  <testcase name="execute" time="22.773" classname="PS_idealpayments_Test"/>
</testsuite> <!-- PS_idealpayments_Test -->
