<?xml version="1.0" encoding="UTF-8"?>
<!-- Generated by org.testng.reporters.JUnitReportReporter -->
<testsuite skipped="0" hostname="PW-HAN-063" name="Add_Merchant_PW_Test" tests="1" failures="0" timestamp="08 Jan 2020 09:48:55 GMT" time="168.549" errors="0">
  <testcase name="addMerchant" time="168.549" classname="Add_Merchant_PW_Test"/>
</testsuite> <!-- Add_Merchant_PW_Test -->
