<?xml version="1.0" encoding="UTF-8"?>
<!-- Generated by org.testng.reporters.JUnitReportReporter -->
<testsuite skipped="0" hostname="DESKTOP-V097D2E" name="WidgetBrick_1v6_Test_StaticLink" tests="1" failures="0" timestamp="22 Aug 2019 05:03:37 GMT" time="14.763" errors="0">
  <testcase name="storedCardSwitch" time="14.763" classname="WidgetBrick_1v6_Test_StaticLink"/>
</testsuite> <!-- WidgetBrick_1v6_Test_StaticLink -->
