<?xml version="1.0" encoding="UTF-8"?>
<!-- Generated by org.testng.reporters.JUnitReportReporter -->
<testsuite skipped="0" hostname="PW-HAN-063" name="logo.Logo" tests="2" failures="0" timestamp="30 Sep 2019 11:51:27 GMT" time="133.444" errors="0">
  <testcase name="buildLogoReport" time="82.492" classname="logo.Logo"/>
  <testcase name="buildLogoReport" time="50.952" classname="logo.Logo"/>
</testsuite> <!-- logo.Logo -->
