<?xml version="1.0" encoding="UTF-8"?>
<!-- Generated by org.testng.reporters.JUnitReportReporter -->
<testsuite skipped="0" hostname="PW-HAN-063" name="threedsON.PS_ccbrazil_Test_3dsON" tests="1" failures="0" timestamp="21 Oct 2019 05:23:07 GMT" time="37.944" errors="0">
  <testcase name="execute" time="37.944" classname="threedsON.PS_ccbrazil_Test_3dsON"/>
</testsuite> <!-- threedsON.PS_ccbrazil_Test_3dsON -->
