<?xml version="1.0" encoding="UTF-8"?>
<!-- Generated by org.testng.reporters.JUnitReportReporter -->
<testsuite skipped="0" hostname="PW-HAN-063" name="threedsOFF.PS_gateway_corel_p2_3_polk" tests="1" failures="0" timestamp="03 Jan 2020 11:08:01 GMT" time="50.176" errors="0">
  <testcase name="polk" time="50.176" classname="threedsOFF.PS_gateway_corel_p2_3_polk"/>
</testsuite> <!-- threedsOFF.PS_gateway_corel_p2_3_polk -->
