<?xml version="1.0" encoding="UTF-8"?>
<!-- Generated by org.testng.reporters.JUnitReportReporter -->
<testsuite skipped="0" hostname="PW-HAN-063" name="PS_ebanx_bancobrazil_Test" tests="1" failures="0" timestamp="21 Nov 2019 11:52:32 GMT" time="19.485" errors="0">
  <testcase name="execute" time="19.485" classname="PS_ebanx_bancobrazil_Test"/>
</testsuite> <!-- PS_ebanx_bancobrazil_Test -->
