<?xml version="1.0" encoding="UTF-8"?>
<!-- Generated by org.testng.reporters.JUnitReportReporter -->
<testsuite skipped="0" hostname="PW-HAN-063" name="PS_pagseguro_Boleto_Test" tests="1" failures="0" timestamp="17 Dec 2019 08:36:44 GMT" time="140.032" errors="0">
  <testcase name="execute" time="140.032" classname="PS_pagseguro_Boleto_Test"/>
</testsuite> <!-- PS_pagseguro_Boleto_Test -->
