<?xml version="1.0" encoding="UTF-8"?>
<!-- Generated by org.testng.reporters.JUnitReportReporter -->
<testsuite skipped="0" hostname="PW-HAN-063" name="p2_done.PS_boletobr_Bussiness_Test" tests="1" failures="0" timestamp="02 Jan 2020 05:29:46 GMT" time="31.984" errors="0">
  <testcase name="execute" time="31.984" classname="p2_done.PS_boletobr_Bussiness_Test"/>
</testsuite> <!-- p2_done.PS_boletobr_Bussiness_Test -->
