<?xml version="1.0" encoding="UTF-8"?>
<!-- Generated by org.testng.reporters.JUnitReportReporter -->
<testsuite skipped="0" hostname="PW-HAN-063" name="automation.project3ds.oldTest.BrickHTML_Card2_OFF_Test" tests="36" failures="0" timestamp="17 Sep 2019 12:49:19 GMT" time="848.337" errors="0">
  <testcase name="execute" time="19.852" classname="automation.project3ds.oldTest.BrickHTML_Card2_OFF_Test"/>
  <testcase name="execute" time="17.757" classname="automation.project3ds.oldTest.BrickHTML_Card2_OFF_Test"/>
  <testcase name="execute" time="18.123" classname="automation.project3ds.oldTest.BrickHTML_Card2_OFF_Test"/>
  <testcase name="execute" time="18.019" classname="automation.project3ds.oldTest.BrickHTML_Card2_OFF_Test"/>
  <testcase name="execute" time="17.463" classname="automation.project3ds.oldTest.BrickHTML_Card2_OFF_Test"/>
  <testcase name="execute" time="18.039" classname="automation.project3ds.oldTest.BrickHTML_Card2_OFF_Test"/>
  <testcase name="execute" time="23.100" classname="automation.project3ds.oldTest.BrickHTML_Card2_OFF_Test"/>
  <testcase name="execute" time="23.081" classname="automation.project3ds.oldTest.BrickHTML_Card2_OFF_Test"/>
  <testcase name="execute" time="18.914" classname="automation.project3ds.oldTest.BrickHTML_Card2_OFF_Test"/>
  <testcase name="execute" time="31.230" classname="automation.project3ds.oldTest.BrickHTML_Card2_OFF_Test"/>
  <testcase name="execute" time="17.736" classname="automation.project3ds.oldTest.BrickHTML_Card2_OFF_Test"/>
  <testcase name="execute" time="38.497" classname="automation.project3ds.oldTest.BrickHTML_Card2_OFF_Test"/>
  <testcase name="execute" time="22.090" classname="automation.project3ds.oldTest.BrickHTML_Card2_OFF_Test"/>
  <testcase name="execute" time="27.320" classname="automation.project3ds.oldTest.BrickHTML_Card2_OFF_Test"/>
  <testcase name="execute" time="18.015" classname="automation.project3ds.oldTest.BrickHTML_Card2_OFF_Test"/>
  <testcase name="execute" time="23.620" classname="automation.project3ds.oldTest.BrickHTML_Card2_OFF_Test"/>
  <testcase name="execute" time="18.950" classname="automation.project3ds.oldTest.BrickHTML_Card2_OFF_Test"/>
  <testcase name="execute" time="29.622" classname="automation.project3ds.oldTest.BrickHTML_Card2_OFF_Test"/>
  <testcase name="execute" time="19.638" classname="automation.project3ds.oldTest.BrickHTML_Card2_OFF_Test"/>
  <testcase name="execute" time="20.000" classname="automation.project3ds.oldTest.BrickHTML_Card2_OFF_Test"/>
  <testcase name="execute" time="45.978" classname="automation.project3ds.oldTest.BrickHTML_Card2_OFF_Test"/>
  <testcase name="execute" time="18.492" classname="automation.project3ds.oldTest.BrickHTML_Card2_OFF_Test"/>
  <testcase name="execute" time="17.585" classname="automation.project3ds.oldTest.BrickHTML_Card2_OFF_Test"/>
  <testcase name="execute" time="18.903" classname="automation.project3ds.oldTest.BrickHTML_Card2_OFF_Test"/>
  <testcase name="execute" time="24.607" classname="automation.project3ds.oldTest.BrickHTML_Card2_OFF_Test"/>
  <testcase name="execute" time="23.934" classname="automation.project3ds.oldTest.BrickHTML_Card2_OFF_Test"/>
  <testcase name="execute" time="37.404" classname="automation.project3ds.oldTest.BrickHTML_Card2_OFF_Test"/>
  <testcase name="execute" time="21.482" classname="automation.project3ds.oldTest.BrickHTML_Card2_OFF_Test"/>
  <testcase name="execute" time="19.282" classname="automation.project3ds.oldTest.BrickHTML_Card2_OFF_Test"/>
  <testcase name="execute" time="40.285" classname="automation.project3ds.oldTest.BrickHTML_Card2_OFF_Test"/>
  <testcase name="execute" time="17.454" classname="automation.project3ds.oldTest.BrickHTML_Card2_OFF_Test"/>
  <testcase name="execute" time="40.597" classname="automation.project3ds.oldTest.BrickHTML_Card2_OFF_Test"/>
  <testcase name="execute" time="21.111" classname="automation.project3ds.oldTest.BrickHTML_Card2_OFF_Test"/>
  <testcase name="execute" time="20.982" classname="automation.project3ds.oldTest.BrickHTML_Card2_OFF_Test"/>
  <testcase name="execute" time="18.267" classname="automation.project3ds.oldTest.BrickHTML_Card2_OFF_Test"/>
  <testcase name="execute" time="20.908" classname="automation.project3ds.oldTest.BrickHTML_Card2_OFF_Test"/>
</testsuite> <!-- automation.project3ds.oldTest.BrickHTML_Card2_OFF_Test -->
