<?xml version="1.0" encoding="UTF-8"?>
<!-- Generated by org.testng.reporters.JUnitReportReporter -->
<testsuite skipped="0" hostname="PW-HAN-063" name="Case13_19_WidgetBrick_1v6_Test_ValidateCardNumber" tests="6" failures="0" timestamp="23 Sep 2019 09:44:47 GMT" time="111.821" errors="0">
  <testcase name="masterCard" time="19.965" classname="Case13_19_WidgetBrick_1v6_Test_ValidateCardNumber"/>
  <testcase name="invalidValue" time="20.041" classname="Case13_19_WidgetBrick_1v6_Test_ValidateCardNumber"/>
  <testcase name="supportedBrandButInvalidValue" time="15.685" classname="Case13_19_WidgetBrick_1v6_Test_ValidateCardNumber"/>
  <testcase name="amexCard" time="22.851" classname="Case13_19_WidgetBrick_1v6_Test_ValidateCardNumber"/>
  <testcase name="visaCard" time="17.671" classname="Case13_19_WidgetBrick_1v6_Test_ValidateCardNumber"/>
  <testcase name="unsupportedBrand" time="15.608" classname="Case13_19_WidgetBrick_1v6_Test_ValidateCardNumber"/>
</testsuite> <!-- Case13_19_WidgetBrick_1v6_Test_ValidateCardNumber -->
