<?xml version="1.0" encoding="UTF-8"?>
<!-- Generated by org.testng.reporters.JUnitReportReporter -->
<testsuite skipped="0" hostname="DESKTOP-V097D2E" name="automation.project3ds.testBrickURL" tests="1" failures="1" timestamp="19 Jul 2019 07:48:05 GMT" time="72.163" errors="0">
  <testcase name="execute" time="72.163" classname="automation.project3ds.testBrickURL">
    <failure type="java.lang.AssertionError" message="The following asserts failed:
	[Enrolled] expected [Y] but found [U],
	[PAResStatus] expected [Y] but found [null],
	[SignitureVerification] expected [Y] but found [null],
	[Cavv] expected object to not be null,
	[EciFlag] expected [05] but found [07],
	[cardholderVerificationMethod3] expected [THREEDS] but found [CVV2],
	[cavv] expected object to not be null,
	[version] expected [V2] but found [null],
	[directoryServerTransactionId] expected object to not be null">
      <![CDATA[java.lang.AssertionError: The following asserts failed:
[Enrolled] expected [Y] but found [U],
[PAResStatus] expected [Y] but found [null],
[SignitureVerification] expected [Y] but found [null],
[Cavv] expected object to not be null,
[EciFlag] expected [05] but found [07],
[cardholderVerificationMethod3] expected [THREEDS] but found [CVV2],
[cavv] expected object to not be null,
[version] expected [V2] but found [null],
[directoryServerTransactionId] expected object to not be null
at automation.project3ds.MySoftAssertAll.assertAll(MySoftAssertAll.java:57)
at automation.project3ds.testBrickURL.execute(testBrickURL.java:315)
at sun.reflect.NativeMethodAccessorImpl.invoke0(Native Method)
at sun.reflect.NativeMethodAccessorImpl.invoke(NativeMethodAccessorImpl.java:62)
at sun.reflect.DelegatingMethodAccessorImpl.invoke(DelegatingMethodAccessorImpl.java:43)
at java.lang.reflect.Method.invoke(Method.java:498)
at org.testng.internal.MethodInvocationHelper.invokeMethod(MethodInvocationHelper.java:124)
at org.testng.internal.Invoker.invokeMethod(Invoker.java:583)
at org.testng.internal.Invoker.invokeTestMethod(Invoker.java:719)
at org.testng.internal.Invoker.invokeTestMethods(Invoker.java:989)
at org.testng.internal.TestMethodWorker.invokeTestMethods(TestMethodWorker.java:125)
at org.testng.internal.TestMethodWorker.run(TestMethodWorker.java:109)
at org.testng.TestRunner.privateRun(TestRunner.java:648)
at org.testng.TestRunner.run(TestRunner.java:505)
at org.testng.SuiteRunner.runTest(SuiteRunner.java:455)
at org.testng.SuiteRunner.runSequentially(SuiteRunner.java:450)
at org.testng.SuiteRunner.privateRun(SuiteRunner.java:415)
at org.testng.SuiteRunner.run(SuiteRunner.java:364)
at org.testng.SuiteRunnerWorker.runSuite(SuiteRunnerWorker.java:52)
at org.testng.SuiteRunnerWorker.run(SuiteRunnerWorker.java:84)
at org.testng.TestNG.runSuitesSequentially(TestNG.java:1208)
at org.testng.TestNG.runSuitesLocally(TestNG.java:1137)
at org.testng.TestNG.runSuites(TestNG.java:1049)
at org.testng.TestNG.run(TestNG.java:1017)
at org.testng.remote.AbstractRemoteTestNG.run(AbstractRemoteTestNG.java:115)
at org.testng.remote.RemoteTestNG.initAndRun(RemoteTestNG.java:251)
at org.testng.remote.RemoteTestNG.main(RemoteTestNG.java:77)
]]>
    </failure>
  </testcase> <!-- execute -->
</testsuite> <!-- automation.project3ds.testBrickURL -->
