<?xml version="1.0" encoding="UTF-8"?>
<!-- Generated by org.testng.reporters.JUnitReportReporter -->
<testsuite skipped="0" hostname="PW-HAN-063" name="PS_netbanking_Test" tests="1" failures="0" timestamp="18 Dec 2019 11:01:11 GMT" time="80.202" errors="0">
  <testcase name="execute" time="80.202" classname="PS_netbanking_Test"/>
</testsuite> <!-- PS_netbanking_Test -->
