<?xml version="1.0" encoding="UTF-8"?>
<!-- Generated by org.testng.reporters.JUnitReportReporter -->
<testsuite skipped="0" hostname="PW-HAN-063" name="threedsOFF.PS_gateway_fp_custom_embarcalero2_OFF2" tests="1" failures="0" timestamp="30 Oct 2019 09:08:12 GMT" time="77.096" errors="0">
  <testcase name="v2" time="77.096" classname="threedsOFF.PS_gateway_fp_custom_embarcalero2_OFF2"/>
</testsuite> <!-- threedsOFF.PS_gateway_fp_custom_embarcalero2_OFF2 -->
