<?xml version="1.0" encoding="UTF-8"?>
<!-- Generated by org.testng.reporters.JUnitReportReporter -->
<testsuite skipped="0" hostname="DESKTOP-V097D2E" name="automation.project3ds.BrickWidget_OFF2_Test" tests="18" failures="0" timestamp="07 Aug 2019 10:07:37 GMT" time="506.496" errors="0">
  <testcase name="execute" time="31.442" classname="automation.project3ds.BrickWidget_OFF2_Test"/>
  <testcase name="execute" time="23.162" classname="automation.project3ds.BrickWidget_OFF2_Test"/>
  <testcase name="execute" time="31.911" classname="automation.project3ds.BrickWidget_OFF2_Test"/>
  <testcase name="execute" time="38.970" classname="automation.project3ds.BrickWidget_OFF2_Test"/>
  <testcase name="execute" time="23.518" classname="automation.project3ds.BrickWidget_OFF2_Test"/>
  <testcase name="execute" time="23.488" classname="automation.project3ds.BrickWidget_OFF2_Test"/>
  <testcase name="execute" time="28.285" classname="automation.project3ds.BrickWidget_OFF2_Test"/>
  <testcase name="execute" time="26.327" classname="automation.project3ds.BrickWidget_OFF2_Test"/>
  <testcase name="execute" time="23.955" classname="automation.project3ds.BrickWidget_OFF2_Test"/>
  <testcase name="execute" time="26.283" classname="automation.project3ds.BrickWidget_OFF2_Test"/>
  <testcase name="execute" time="37.600" classname="automation.project3ds.BrickWidget_OFF2_Test"/>
  <testcase name="execute" time="25.447" classname="automation.project3ds.BrickWidget_OFF2_Test"/>
  <testcase name="execute" time="23.947" classname="automation.project3ds.BrickWidget_OFF2_Test"/>
  <testcase name="execute" time="25.776" classname="automation.project3ds.BrickWidget_OFF2_Test"/>
  <testcase name="execute" time="25.821" classname="automation.project3ds.BrickWidget_OFF2_Test"/>
  <testcase name="execute" time="29.565" classname="automation.project3ds.BrickWidget_OFF2_Test"/>
  <testcase name="execute" time="33.389" classname="automation.project3ds.BrickWidget_OFF2_Test"/>
  <testcase name="execute" time="27.610" classname="automation.project3ds.BrickWidget_OFF2_Test"/>
</testsuite> <!-- automation.project3ds.BrickWidget_OFF2_Test -->
