<?xml version="1.0" encoding="UTF-8"?>
<!-- Generated by org.testng.reporters.JUnitReportReporter -->
<testsuite skipped="0" hostname="PW-HAN-063" name="threedsOFF.PS_gateway_fp_html_1v6_embarcalero1_ON3" tests="1" failures="0" timestamp="20 Jan 2020 07:21:15 GMT" time="109.024" errors="0">
  <testcase name="v1" time="109.024" classname="threedsOFF.PS_gateway_fp_html_1v6_embarcalero1_ON3"/>
</testsuite> <!-- threedsOFF.PS_gateway_fp_html_1v6_embarcalero1_ON3 -->
