<?xml version="1.0" encoding="UTF-8"?>
<!-- Generated by org.testng.reporters.JUnitReportReporter -->
<testsuite skipped="0" hostname="PW-HAN-063" name="PS_Neosurf_Test" tests="1" failures="0" timestamp="25 Oct 2019 12:21:24 GMT" time="32.763" errors="0">
  <testcase name="execute" time="32.763" classname="PS_Neosurf_Test"/>
</testsuite> <!-- PS_Neosurf_Test -->
