<?xml version="1.0" encoding="UTF-8"?>
<!-- Generated by org.testng.reporters.JUnitReportReporter -->
<testsuite skipped="0" hostname="DESKTOP-V097D2E" name="automation.project3ds.CreditCardTest" tests="1" failures="0" timestamp="18 Jul 2019 08:01:47 GMT" time="41.045" errors="0">
  <testcase name="execute" time="41.045" classname="automation.project3ds.CreditCardTest"/>
</testsuite> <!-- automation.project3ds.CreditCardTest -->
