<?xml version="1.0" encoding="UTF-8"?>
<!-- Generated by org.testng.reporters.JUnitReportReporter -->
<testsuite skipped="0" hostname="PW-HAN-063" name="Logo" tests="47" failures="0" timestamp="11 Sep 2019 12:26:41 GMT" time="1075.368" errors="0">
  <testcase name="buildLogoReport" time="2.616" classname="Logo"/>
  <testcase name="buildLogoReport" time="34.406" classname="Logo"/>
  <testcase name="buildLogoReport" time="35.943" classname="Logo"/>
  <testcase name="buildLogoReport" time="34.744" classname="Logo"/>
  <testcase name="buildLogoReport" time="33.220" classname="Logo"/>
  <testcase name="buildLogoReport" time="1.866" classname="Logo"/>
  <testcase name="buildLogoReport" time="37.310" classname="Logo"/>
  <testcase name="buildLogoReport" time="35.644" classname="Logo"/>
  <testcase name="buildLogoReport" time="1.946" classname="Logo"/>
  <testcase name="buildLogoReport" time="1.498" classname="Logo"/>
  <testcase name="buildLogoReport" time="1.522" classname="Logo"/>
  <testcase name="buildLogoReport" time="34.103" classname="Logo"/>
  <testcase name="buildLogoReport" time="33.445" classname="Logo"/>
  <testcase name="buildLogoReport" time="35.298" classname="Logo"/>
  <testcase name="buildLogoReport" time="39.238" classname="Logo"/>
  <testcase name="buildLogoReport" time="35.003" classname="Logo"/>
  <testcase name="buildLogoReport" time="32.379" classname="Logo"/>
  <testcase name="buildLogoReport" time="1.730" classname="Logo"/>
  <testcase name="buildLogoReport" time="1.521" classname="Logo"/>
  <testcase name="buildLogoReport" time="35.059" classname="Logo"/>
  <testcase name="buildLogoReport" time="33.689" classname="Logo"/>
  <testcase name="buildLogoReport" time="33.944" classname="Logo"/>
  <testcase name="buildLogoReport" time="1.566" classname="Logo"/>
  <testcase name="buildLogoReport" time="37.917" classname="Logo"/>
  <testcase name="buildLogoReport" time="33.509" classname="Logo"/>
  <testcase name="buildLogoReport" time="1.694" classname="Logo"/>
  <testcase name="buildLogoReport" time="1.635" classname="Logo"/>
  <testcase name="buildLogoReport" time="1.499" classname="Logo"/>
  <testcase name="buildLogoReport" time="35.570" classname="Logo"/>
  <testcase name="buildLogoReport" time="1.716" classname="Logo"/>
  <testcase name="buildLogoReport" time="1.646" classname="Logo"/>
  <testcase name="buildLogoReport" time="35.003" classname="Logo"/>
  <testcase name="buildLogoReport" time="34.029" classname="Logo"/>
  <testcase name="buildLogoReport" time="34.978" classname="Logo"/>
  <testcase name="buildLogoReport" time="32.863" classname="Logo"/>
  <testcase name="buildLogoReport" time="37.425" classname="Logo"/>
  <testcase name="buildLogoReport" time="2.598" classname="Logo"/>
  <testcase name="buildLogoReport" time="35.086" classname="Logo"/>
  <testcase name="buildLogoReport" time="1.595" classname="Logo"/>
  <testcase name="buildLogoReport" time="1.592" classname="Logo"/>
  <testcase name="buildLogoReport" time="52.214" classname="Logo"/>
  <testcase name="buildLogoReport" time="36.494" classname="Logo"/>
  <testcase name="buildLogoReport" time="1.583" classname="Logo"/>
  <testcase name="buildLogoReport" time="32.648" classname="Logo"/>
  <testcase name="buildLogoReport" time="1.848" classname="Logo"/>
  <testcase name="buildLogoReport" time="33.161" classname="Logo"/>
  <testcase name="buildLogoReport" time="49.375" classname="Logo"/>
</testsuite> <!-- Logo -->
