<?xml version="1.0" encoding="UTF-8"?>
<!-- Generated by org.testng.reporters.JUnitReportReporter -->
<testsuite skipped="0" hostname="PW-HAN-063" name="threedsOFF.PS_gateway_widget_brick_1v6_embarcadero2_OFF" tests="1" failures="0" timestamp="06 Dec 2019 08:59:57 GMT" time="36.116" errors="0">
  <testcase name="v2" time="36.116" classname="threedsOFF.PS_gateway_widget_brick_1v6_embarcadero2_OFF"/>
</testsuite> <!-- threedsOFF.PS_gateway_widget_brick_1v6_embarcadero2_OFF -->
