<?xml version="1.0" encoding="UTF-8"?>
<!-- Generated by org.testng.reporters.JUnitReportReporter -->
<testsuite skipped="0" hostname="DESKTOP-V097D2E" name="automation.project3ds.testBrickHTML" tests="303" failures="25" timestamp="31 Jul 2019 14:22:20 GMT" time="6948.412" errors="0">
  <testcase name="execute" time="21.431" classname="automation.project3ds.testBrickHTML"/>
  <testcase name="execute" time="21.247" classname="automation.project3ds.testBrickHTML"/>
  <testcase name="execute" time="20.775" classname="automation.project3ds.testBrickHTML"/>
  <testcase name="execute" time="20.941" classname="automation.project3ds.testBrickHTML"/>
  <testcase name="execute" time="27.090" classname="automation.project3ds.testBrickHTML"/>
  <testcase name="execute" time="40.637" classname="automation.project3ds.testBrickHTML">
    <failure type="java.lang.AssertionError" message="The following asserts failed:
	[REFID] expected object to not be null">
      <![CDATA[java.lang.AssertionError: The following asserts failed:
[REFID] expected object to not be null
at automation.project3ds.MySoftAssertAll.assertAll(MySoftAssertAll.java:57)
at automation.project3ds.testBrickHTML.execute(testBrickHTML.java:315)
at sun.reflect.NativeMethodAccessorImpl.invoke0(Native Method)
at sun.reflect.NativeMethodAccessorImpl.invoke(NativeMethodAccessorImpl.java:62)
at sun.reflect.DelegatingMethodAccessorImpl.invoke(DelegatingMethodAccessorImpl.java:43)
at java.lang.reflect.Method.invoke(Method.java:498)
at org.testng.internal.MethodInvocationHelper.invokeMethod(MethodInvocationHelper.java:124)
at org.testng.internal.Invoker.invokeMethod(Invoker.java:583)
at org.testng.internal.Invoker.invokeTestMethod(Invoker.java:719)
at org.testng.internal.Invoker.invokeTestMethods(Invoker.java:989)
at org.testng.internal.TestMethodWorker.invokeTestMethods(TestMethodWorker.java:125)
at org.testng.internal.TestMethodWorker.run(TestMethodWorker.java:109)
at org.testng.TestRunner.privateRun(TestRunner.java:648)
at org.testng.TestRunner.run(TestRunner.java:505)
at org.testng.SuiteRunner.runTest(SuiteRunner.java:455)
at org.testng.SuiteRunner.runSequentially(SuiteRunner.java:450)
at org.testng.SuiteRunner.privateRun(SuiteRunner.java:415)
at org.testng.SuiteRunner.run(SuiteRunner.java:364)
at org.testng.SuiteRunnerWorker.runSuite(SuiteRunnerWorker.java:52)
at org.testng.SuiteRunnerWorker.run(SuiteRunnerWorker.java:84)
at org.testng.TestNG.runSuitesSequentially(TestNG.java:1208)
at org.testng.TestNG.runSuitesLocally(TestNG.java:1137)
at org.testng.TestNG.runSuites(TestNG.java:1049)
at org.testng.TestNG.run(TestNG.java:1017)
at org.testng.remote.AbstractRemoteTestNG.run(AbstractRemoteTestNG.java:115)
at org.testng.remote.RemoteTestNG.initAndRun(RemoteTestNG.java:251)
at org.testng.remote.RemoteTestNG.main(RemoteTestNG.java:77)
]]>
    </failure>
  </testcase> <!-- execute -->
  <testcase name="execute" time="22.210" classname="automation.project3ds.testBrickHTML"/>
  <testcase name="execute" time="20.829" classname="automation.project3ds.testBrickHTML"/>
  <testcase name="execute" time="21.033" classname="automation.project3ds.testBrickHTML"/>
  <testcase name="execute" time="20.731" classname="automation.project3ds.testBrickHTML"/>
  <testcase name="execute" time="20.573" classname="automation.project3ds.testBrickHTML"/>
  <testcase name="execute" time="22.947" classname="automation.project3ds.testBrickHTML"/>
  <testcase name="execute" time="21.128" classname="automation.project3ds.testBrickHTML"/>
  <testcase name="execute" time="20.841" classname="automation.project3ds.testBrickHTML"/>
  <testcase name="execute" time="21.576" classname="automation.project3ds.testBrickHTML"/>
  <testcase name="execute" time="27.409" classname="automation.project3ds.testBrickHTML"/>
  <testcase name="execute" time="20.469" classname="automation.project3ds.testBrickHTML"/>
  <testcase name="execute" time="21.214" classname="automation.project3ds.testBrickHTML"/>
  <testcase name="execute" time="21.155" classname="automation.project3ds.testBrickHTML"/>
  <testcase name="execute" time="20.960" classname="automation.project3ds.testBrickHTML"/>
  <testcase name="execute" time="23.802" classname="automation.project3ds.testBrickHTML">
    <failure type="java.lang.AssertionError" message="The following asserts failed:
	[REFID] expected object to not be null">
      <![CDATA[java.lang.AssertionError: The following asserts failed:
[REFID] expected object to not be null
at automation.project3ds.MySoftAssertAll.assertAll(MySoftAssertAll.java:57)
at automation.project3ds.testBrickHTML.execute(testBrickHTML.java:315)
at sun.reflect.GeneratedMethodAccessor2.invoke(Unknown Source)
at sun.reflect.DelegatingMethodAccessorImpl.invoke(DelegatingMethodAccessorImpl.java:43)
at java.lang.reflect.Method.invoke(Method.java:498)
at org.testng.internal.MethodInvocationHelper.invokeMethod(MethodInvocationHelper.java:124)
at org.testng.internal.Invoker.invokeMethod(Invoker.java:583)
at org.testng.internal.Invoker.invokeTestMethod(Invoker.java:719)
at org.testng.internal.Invoker.invokeTestMethods(Invoker.java:989)
at org.testng.internal.TestMethodWorker.invokeTestMethods(TestMethodWorker.java:125)
at org.testng.internal.TestMethodWorker.run(TestMethodWorker.java:109)
at org.testng.TestRunner.privateRun(TestRunner.java:648)
at org.testng.TestRunner.run(TestRunner.java:505)
at org.testng.SuiteRunner.runTest(SuiteRunner.java:455)
at org.testng.SuiteRunner.runSequentially(SuiteRunner.java:450)
at org.testng.SuiteRunner.privateRun(SuiteRunner.java:415)
at org.testng.SuiteRunner.run(SuiteRunner.java:364)
at org.testng.SuiteRunnerWorker.runSuite(SuiteRunnerWorker.java:52)
at org.testng.SuiteRunnerWorker.run(SuiteRunnerWorker.java:84)
at org.testng.TestNG.runSuitesSequentially(TestNG.java:1208)
at org.testng.TestNG.runSuitesLocally(TestNG.java:1137)
at org.testng.TestNG.runSuites(TestNG.java:1049)
at org.testng.TestNG.run(TestNG.java:1017)
at org.testng.remote.AbstractRemoteTestNG.run(AbstractRemoteTestNG.java:115)
at org.testng.remote.RemoteTestNG.initAndRun(RemoteTestNG.java:251)
at org.testng.remote.RemoteTestNG.main(RemoteTestNG.java:77)
]]>
    </failure>
  </testcase> <!-- execute -->
  <testcase name="execute" time="21.781" classname="automation.project3ds.testBrickHTML"/>
  <testcase name="execute" time="21.949" classname="automation.project3ds.testBrickHTML"/>
  <testcase name="execute" time="21.568" classname="automation.project3ds.testBrickHTML"/>
  <testcase name="execute" time="24.920" classname="automation.project3ds.testBrickHTML"/>
  <testcase name="execute" time="20.706" classname="automation.project3ds.testBrickHTML"/>
  <testcase name="execute" time="21.806" classname="automation.project3ds.testBrickHTML"/>
  <testcase name="execute" time="21.835" classname="automation.project3ds.testBrickHTML"/>
  <testcase name="execute" time="26.358" classname="automation.project3ds.testBrickHTML"/>
  <testcase name="execute" time="22.136" classname="automation.project3ds.testBrickHTML"/>
  <testcase name="execute" time="21.961" classname="automation.project3ds.testBrickHTML"/>
  <testcase name="execute" time="20.845" classname="automation.project3ds.testBrickHTML"/>
  <testcase name="execute" time="26.006" classname="automation.project3ds.testBrickHTML"/>
  <testcase name="execute" time="23.263" classname="automation.project3ds.testBrickHTML"/>
  <testcase name="execute" time="45.094" classname="automation.project3ds.testBrickHTML">
    <failure type="java.lang.AssertionError" message="The following asserts failed:
	[REFID] expected object to not be null">
      <![CDATA[java.lang.AssertionError: The following asserts failed:
[REFID] expected object to not be null
at automation.project3ds.MySoftAssertAll.assertAll(MySoftAssertAll.java:57)
at automation.project3ds.testBrickHTML.execute(testBrickHTML.java:315)
at sun.reflect.NativeMethodAccessorImpl.invoke0(Native Method)
at sun.reflect.NativeMethodAccessorImpl.invoke(NativeMethodAccessorImpl.java:62)
at sun.reflect.DelegatingMethodAccessorImpl.invoke(DelegatingMethodAccessorImpl.java:43)
at java.lang.reflect.Method.invoke(Method.java:498)
at org.testng.internal.MethodInvocationHelper.invokeMethod(MethodInvocationHelper.java:124)
at org.testng.internal.Invoker.invokeMethod(Invoker.java:583)
at org.testng.internal.Invoker.invokeTestMethod(Invoker.java:719)
at org.testng.internal.Invoker.invokeTestMethods(Invoker.java:989)
at org.testng.internal.TestMethodWorker.invokeTestMethods(TestMethodWorker.java:125)
at org.testng.internal.TestMethodWorker.run(TestMethodWorker.java:109)
at org.testng.TestRunner.privateRun(TestRunner.java:648)
at org.testng.TestRunner.run(TestRunner.java:505)
at org.testng.SuiteRunner.runTest(SuiteRunner.java:455)
at org.testng.SuiteRunner.runSequentially(SuiteRunner.java:450)
at org.testng.SuiteRunner.privateRun(SuiteRunner.java:415)
at org.testng.SuiteRunner.run(SuiteRunner.java:364)
at org.testng.SuiteRunnerWorker.runSuite(SuiteRunnerWorker.java:52)
at org.testng.SuiteRunnerWorker.run(SuiteRunnerWorker.java:84)
at org.testng.TestNG.runSuitesSequentially(TestNG.java:1208)
at org.testng.TestNG.runSuitesLocally(TestNG.java:1137)
at org.testng.TestNG.runSuites(TestNG.java:1049)
at org.testng.TestNG.run(TestNG.java:1017)
at org.testng.remote.AbstractRemoteTestNG.run(AbstractRemoteTestNG.java:115)
at org.testng.remote.RemoteTestNG.initAndRun(RemoteTestNG.java:251)
at org.testng.remote.RemoteTestNG.main(RemoteTestNG.java:77)
]]>
    </failure>
  </testcase> <!-- execute -->
  <testcase name="execute" time="20.558" classname="automation.project3ds.testBrickHTML"/>
  <testcase name="execute" time="37.321" classname="automation.project3ds.testBrickHTML">
    <failure type="java.lang.AssertionError" message="The following asserts failed:
	[REFID] expected object to not be null">
      <![CDATA[java.lang.AssertionError: The following asserts failed:
[REFID] expected object to not be null
at automation.project3ds.MySoftAssertAll.assertAll(MySoftAssertAll.java:57)
at automation.project3ds.testBrickHTML.execute(testBrickHTML.java:315)
at sun.reflect.GeneratedMethodAccessor2.invoke(Unknown Source)
at sun.reflect.DelegatingMethodAccessorImpl.invoke(DelegatingMethodAccessorImpl.java:43)
at java.lang.reflect.Method.invoke(Method.java:498)
at org.testng.internal.MethodInvocationHelper.invokeMethod(MethodInvocationHelper.java:124)
at org.testng.internal.Invoker.invokeMethod(Invoker.java:583)
at org.testng.internal.Invoker.invokeTestMethod(Invoker.java:719)
at org.testng.internal.Invoker.invokeTestMethods(Invoker.java:989)
at org.testng.internal.TestMethodWorker.invokeTestMethods(TestMethodWorker.java:125)
at org.testng.internal.TestMethodWorker.run(TestMethodWorker.java:109)
at org.testng.TestRunner.privateRun(TestRunner.java:648)
at org.testng.TestRunner.run(TestRunner.java:505)
at org.testng.SuiteRunner.runTest(SuiteRunner.java:455)
at org.testng.SuiteRunner.runSequentially(SuiteRunner.java:450)
at org.testng.SuiteRunner.privateRun(SuiteRunner.java:415)
at org.testng.SuiteRunner.run(SuiteRunner.java:364)
at org.testng.SuiteRunnerWorker.runSuite(SuiteRunnerWorker.java:52)
at org.testng.SuiteRunnerWorker.run(SuiteRunnerWorker.java:84)
at org.testng.TestNG.runSuitesSequentially(TestNG.java:1208)
at org.testng.TestNG.runSuitesLocally(TestNG.java:1137)
at org.testng.TestNG.runSuites(TestNG.java:1049)
at org.testng.TestNG.run(TestNG.java:1017)
at org.testng.remote.AbstractRemoteTestNG.run(AbstractRemoteTestNG.java:115)
at org.testng.remote.RemoteTestNG.initAndRun(RemoteTestNG.java:251)
at org.testng.remote.RemoteTestNG.main(RemoteTestNG.java:77)
]]>
    </failure>
  </testcase> <!-- execute -->
  <testcase name="execute" time="20.718" classname="automation.project3ds.testBrickHTML"/>
  <testcase name="execute" time="20.454" classname="automation.project3ds.testBrickHTML"/>
  <testcase name="execute" time="22.059" classname="automation.project3ds.testBrickHTML"/>
  <testcase name="execute" time="21.316" classname="automation.project3ds.testBrickHTML"/>
  <testcase name="execute" time="26.608" classname="automation.project3ds.testBrickHTML"/>
  <testcase name="execute" time="20.569" classname="automation.project3ds.testBrickHTML"/>
  <testcase name="execute" time="20.915" classname="automation.project3ds.testBrickHTML"/>
  <testcase name="execute" time="20.850" classname="automation.project3ds.testBrickHTML"/>
  <testcase name="execute" time="20.309" classname="automation.project3ds.testBrickHTML"/>
  <testcase name="execute" time="20.731" classname="automation.project3ds.testBrickHTML"/>
  <testcase name="execute" time="21.137" classname="automation.project3ds.testBrickHTML"/>
  <testcase name="execute" time="20.579" classname="automation.project3ds.testBrickHTML"/>
  <testcase name="execute" time="21.130" classname="automation.project3ds.testBrickHTML"/>
  <testcase name="execute" time="20.922" classname="automation.project3ds.testBrickHTML">
    <failure type="java.lang.AssertionError" message="The following asserts failed:
	[PAResStatus] expected [I] but found [U]">
      <![CDATA[java.lang.AssertionError: The following asserts failed:
[PAResStatus] expected [I] but found [U]
at automation.project3ds.MySoftAssertAll.assertAll(MySoftAssertAll.java:57)
at automation.project3ds.testBrickHTML.execute(testBrickHTML.java:315)
at sun.reflect.GeneratedMethodAccessor2.invoke(Unknown Source)
at sun.reflect.DelegatingMethodAccessorImpl.invoke(DelegatingMethodAccessorImpl.java:43)
at java.lang.reflect.Method.invoke(Method.java:498)
at org.testng.internal.MethodInvocationHelper.invokeMethod(MethodInvocationHelper.java:124)
at org.testng.internal.Invoker.invokeMethod(Invoker.java:583)
at org.testng.internal.Invoker.invokeTestMethod(Invoker.java:719)
at org.testng.internal.Invoker.invokeTestMethods(Invoker.java:989)
at org.testng.internal.TestMethodWorker.invokeTestMethods(TestMethodWorker.java:125)
at org.testng.internal.TestMethodWorker.run(TestMethodWorker.java:109)
at org.testng.TestRunner.privateRun(TestRunner.java:648)
at org.testng.TestRunner.run(TestRunner.java:505)
at org.testng.SuiteRunner.runTest(SuiteRunner.java:455)
at org.testng.SuiteRunner.runSequentially(SuiteRunner.java:450)
at org.testng.SuiteRunner.privateRun(SuiteRunner.java:415)
at org.testng.SuiteRunner.run(SuiteRunner.java:364)
at org.testng.SuiteRunnerWorker.runSuite(SuiteRunnerWorker.java:52)
at org.testng.SuiteRunnerWorker.run(SuiteRunnerWorker.java:84)
at org.testng.TestNG.runSuitesSequentially(TestNG.java:1208)
at org.testng.TestNG.runSuitesLocally(TestNG.java:1137)
at org.testng.TestNG.runSuites(TestNG.java:1049)
at org.testng.TestNG.run(TestNG.java:1017)
at org.testng.remote.AbstractRemoteTestNG.run(AbstractRemoteTestNG.java:115)
at org.testng.remote.RemoteTestNG.initAndRun(RemoteTestNG.java:251)
at org.testng.remote.RemoteTestNG.main(RemoteTestNG.java:77)
]]>
    </failure>
  </testcase> <!-- execute -->
  <testcase name="execute" time="20.323" classname="automation.project3ds.testBrickHTML"/>
  <testcase name="execute" time="20.290" classname="automation.project3ds.testBrickHTML"/>
  <testcase name="execute" time="21.242" classname="automation.project3ds.testBrickHTML"/>
  <testcase name="execute" time="21.477" classname="automation.project3ds.testBrickHTML"/>
  <testcase name="execute" time="24.206" classname="automation.project3ds.testBrickHTML"/>
  <testcase name="execute" time="22.213" classname="automation.project3ds.testBrickHTML"/>
  <testcase name="execute" time="21.621" classname="automation.project3ds.testBrickHTML"/>
  <testcase name="execute" time="21.081" classname="automation.project3ds.testBrickHTML"/>
  <testcase name="execute" time="20.589" classname="automation.project3ds.testBrickHTML"/>
  <testcase name="execute" time="21.181" classname="automation.project3ds.testBrickHTML"/>
  <testcase name="execute" time="22.714" classname="automation.project3ds.testBrickHTML"/>
  <testcase name="execute" time="22.303" classname="automation.project3ds.testBrickHTML"/>
  <testcase name="execute" time="21.762" classname="automation.project3ds.testBrickHTML"/>
  <testcase name="execute" time="21.533" classname="automation.project3ds.testBrickHTML"/>
  <testcase name="execute" time="21.788" classname="automation.project3ds.testBrickHTML"/>
  <testcase name="execute" time="21.439" classname="automation.project3ds.testBrickHTML"/>
  <testcase name="execute" time="20.553" classname="automation.project3ds.testBrickHTML"/>
  <testcase name="execute" time="20.745" classname="automation.project3ds.testBrickHTML"/>
  <testcase name="execute" time="21.502" classname="automation.project3ds.testBrickHTML"/>
  <testcase name="execute" time="20.951" classname="automation.project3ds.testBrickHTML"/>
  <testcase name="execute" time="21.697" classname="automation.project3ds.testBrickHTML"/>
  <testcase name="execute" time="21.627" classname="automation.project3ds.testBrickHTML"/>
  <testcase name="execute" time="20.370" classname="automation.project3ds.testBrickHTML"/>
  <testcase name="execute" time="21.199" classname="automation.project3ds.testBrickHTML"/>
  <testcase name="execute" time="26.432" classname="automation.project3ds.testBrickHTML"/>
  <testcase name="execute" time="22.072" classname="automation.project3ds.testBrickHTML"/>
  <testcase name="execute" time="27.681" classname="automation.project3ds.testBrickHTML"/>
  <testcase name="execute" time="20.516" classname="automation.project3ds.testBrickHTML"/>
  <testcase name="execute" time="21.162" classname="automation.project3ds.testBrickHTML"/>
  <testcase name="execute" time="21.212" classname="automation.project3ds.testBrickHTML"/>
  <testcase name="execute" time="21.636" classname="automation.project3ds.testBrickHTML"/>
  <testcase name="execute" time="25.744" classname="automation.project3ds.testBrickHTML"/>
  <testcase name="execute" time="25.439" classname="automation.project3ds.testBrickHTML">
    <failure type="java.lang.AssertionError" message="The following asserts failed:
	[REFID] expected object to not be null,
	[EciFlag] expected [01] but found [00]">
      <![CDATA[java.lang.AssertionError: The following asserts failed:
[REFID] expected object to not be null,
[EciFlag] expected [01] but found [00]
at automation.project3ds.MySoftAssertAll.assertAll(MySoftAssertAll.java:57)
at automation.project3ds.testBrickHTML.execute(testBrickHTML.java:315)
at sun.reflect.GeneratedMethodAccessor2.invoke(Unknown Source)
at sun.reflect.DelegatingMethodAccessorImpl.invoke(DelegatingMethodAccessorImpl.java:43)
at java.lang.reflect.Method.invoke(Method.java:498)
at org.testng.internal.MethodInvocationHelper.invokeMethod(MethodInvocationHelper.java:124)
at org.testng.internal.Invoker.invokeMethod(Invoker.java:583)
at org.testng.internal.Invoker.invokeTestMethod(Invoker.java:719)
at org.testng.internal.Invoker.invokeTestMethods(Invoker.java:989)
at org.testng.internal.TestMethodWorker.invokeTestMethods(TestMethodWorker.java:125)
at org.testng.internal.TestMethodWorker.run(TestMethodWorker.java:109)
at org.testng.TestRunner.privateRun(TestRunner.java:648)
at org.testng.TestRunner.run(TestRunner.java:505)
at org.testng.SuiteRunner.runTest(SuiteRunner.java:455)
at org.testng.SuiteRunner.runSequentially(SuiteRunner.java:450)
at org.testng.SuiteRunner.privateRun(SuiteRunner.java:415)
at org.testng.SuiteRunner.run(SuiteRunner.java:364)
at org.testng.SuiteRunnerWorker.runSuite(SuiteRunnerWorker.java:52)
at org.testng.SuiteRunnerWorker.run(SuiteRunnerWorker.java:84)
at org.testng.TestNG.runSuitesSequentially(TestNG.java:1208)
at org.testng.TestNG.runSuitesLocally(TestNG.java:1137)
at org.testng.TestNG.runSuites(TestNG.java:1049)
at org.testng.TestNG.run(TestNG.java:1017)
at org.testng.remote.AbstractRemoteTestNG.run(AbstractRemoteTestNG.java:115)
at org.testng.remote.RemoteTestNG.initAndRun(RemoteTestNG.java:251)
at org.testng.remote.RemoteTestNG.main(RemoteTestNG.java:77)
]]>
    </failure>
  </testcase> <!-- execute -->
  <testcase name="execute" time="21.391" classname="automation.project3ds.testBrickHTML"/>
  <testcase name="execute" time="20.240" classname="automation.project3ds.testBrickHTML"/>
  <testcase name="execute" time="20.603" classname="automation.project3ds.testBrickHTML"/>
  <testcase name="execute" time="20.560" classname="automation.project3ds.testBrickHTML"/>
  <testcase name="execute" time="21.090" classname="automation.project3ds.testBrickHTML"/>
  <testcase name="execute" time="21.204" classname="automation.project3ds.testBrickHTML"/>
  <testcase name="execute" time="21.217" classname="automation.project3ds.testBrickHTML"/>
  <testcase name="execute" time="24.554" classname="automation.project3ds.testBrickHTML"/>
  <testcase name="execute" time="23.380" classname="automation.project3ds.testBrickHTML"/>
  <testcase name="execute" time="20.393" classname="automation.project3ds.testBrickHTML"/>
  <testcase name="execute" time="21.700" classname="automation.project3ds.testBrickHTML"/>
  <testcase name="execute" time="20.857" classname="automation.project3ds.testBrickHTML"/>
  <testcase name="execute" time="21.479" classname="automation.project3ds.testBrickHTML"/>
  <testcase name="execute" time="39.717" classname="automation.project3ds.testBrickHTML">
    <failure type="java.lang.AssertionError" message="The following asserts failed:
	[REFID] expected object to not be null">
      <![CDATA[java.lang.AssertionError: The following asserts failed:
[REFID] expected object to not be null
at automation.project3ds.MySoftAssertAll.assertAll(MySoftAssertAll.java:57)
at automation.project3ds.testBrickHTML.execute(testBrickHTML.java:315)
at sun.reflect.GeneratedMethodAccessor2.invoke(Unknown Source)
at sun.reflect.DelegatingMethodAccessorImpl.invoke(DelegatingMethodAccessorImpl.java:43)
at java.lang.reflect.Method.invoke(Method.java:498)
at org.testng.internal.MethodInvocationHelper.invokeMethod(MethodInvocationHelper.java:124)
at org.testng.internal.Invoker.invokeMethod(Invoker.java:583)
at org.testng.internal.Invoker.invokeTestMethod(Invoker.java:719)
at org.testng.internal.Invoker.invokeTestMethods(Invoker.java:989)
at org.testng.internal.TestMethodWorker.invokeTestMethods(TestMethodWorker.java:125)
at org.testng.internal.TestMethodWorker.run(TestMethodWorker.java:109)
at org.testng.TestRunner.privateRun(TestRunner.java:648)
at org.testng.TestRunner.run(TestRunner.java:505)
at org.testng.SuiteRunner.runTest(SuiteRunner.java:455)
at org.testng.SuiteRunner.runSequentially(SuiteRunner.java:450)
at org.testng.SuiteRunner.privateRun(SuiteRunner.java:415)
at org.testng.SuiteRunner.run(SuiteRunner.java:364)
at org.testng.SuiteRunnerWorker.runSuite(SuiteRunnerWorker.java:52)
at org.testng.SuiteRunnerWorker.run(SuiteRunnerWorker.java:84)
at org.testng.TestNG.runSuitesSequentially(TestNG.java:1208)
at org.testng.TestNG.runSuitesLocally(TestNG.java:1137)
at org.testng.TestNG.runSuites(TestNG.java:1049)
at org.testng.TestNG.run(TestNG.java:1017)
at org.testng.remote.AbstractRemoteTestNG.run(AbstractRemoteTestNG.java:115)
at org.testng.remote.RemoteTestNG.initAndRun(RemoteTestNG.java:251)
at org.testng.remote.RemoteTestNG.main(RemoteTestNG.java:77)
]]>
    </failure>
  </testcase> <!-- execute -->
  <testcase name="execute" time="21.803" classname="automation.project3ds.testBrickHTML"/>
  <testcase name="execute" time="32.348" classname="automation.project3ds.testBrickHTML"/>
  <testcase name="execute" time="44.743" classname="automation.project3ds.testBrickHTML">
    <failure type="java.lang.AssertionError" message="The following asserts failed:
	[REFID] expected object to not be null">
      <![CDATA[java.lang.AssertionError: The following asserts failed:
[REFID] expected object to not be null
at automation.project3ds.MySoftAssertAll.assertAll(MySoftAssertAll.java:57)
at automation.project3ds.testBrickHTML.execute(testBrickHTML.java:315)
at sun.reflect.NativeMethodAccessorImpl.invoke0(Native Method)
at sun.reflect.NativeMethodAccessorImpl.invoke(NativeMethodAccessorImpl.java:62)
at sun.reflect.DelegatingMethodAccessorImpl.invoke(DelegatingMethodAccessorImpl.java:43)
at java.lang.reflect.Method.invoke(Method.java:498)
at org.testng.internal.MethodInvocationHelper.invokeMethod(MethodInvocationHelper.java:124)
at org.testng.internal.Invoker.invokeMethod(Invoker.java:583)
at org.testng.internal.Invoker.invokeTestMethod(Invoker.java:719)
at org.testng.internal.Invoker.invokeTestMethods(Invoker.java:989)
at org.testng.internal.TestMethodWorker.invokeTestMethods(TestMethodWorker.java:125)
at org.testng.internal.TestMethodWorker.run(TestMethodWorker.java:109)
at org.testng.TestRunner.privateRun(TestRunner.java:648)
at org.testng.TestRunner.run(TestRunner.java:505)
at org.testng.SuiteRunner.runTest(SuiteRunner.java:455)
at org.testng.SuiteRunner.runSequentially(SuiteRunner.java:450)
at org.testng.SuiteRunner.privateRun(SuiteRunner.java:415)
at org.testng.SuiteRunner.run(SuiteRunner.java:364)
at org.testng.SuiteRunnerWorker.runSuite(SuiteRunnerWorker.java:52)
at org.testng.SuiteRunnerWorker.run(SuiteRunnerWorker.java:84)
at org.testng.TestNG.runSuitesSequentially(TestNG.java:1208)
at org.testng.TestNG.runSuitesLocally(TestNG.java:1137)
at org.testng.TestNG.runSuites(TestNG.java:1049)
at org.testng.TestNG.run(TestNG.java:1017)
at org.testng.remote.AbstractRemoteTestNG.run(AbstractRemoteTestNG.java:115)
at org.testng.remote.RemoteTestNG.initAndRun(RemoteTestNG.java:251)
at org.testng.remote.RemoteTestNG.main(RemoteTestNG.java:77)
]]>
    </failure>
  </testcase> <!-- execute -->
  <testcase name="execute" time="21.047" classname="automation.project3ds.testBrickHTML"/>
  <testcase name="execute" time="44.792" classname="automation.project3ds.testBrickHTML">
    <failure type="java.lang.AssertionError" message="The following asserts failed:
	[REFID] expected object to not be null">
      <![CDATA[java.lang.AssertionError: The following asserts failed:
[REFID] expected object to not be null
at automation.project3ds.MySoftAssertAll.assertAll(MySoftAssertAll.java:57)
at automation.project3ds.testBrickHTML.execute(testBrickHTML.java:315)
at sun.reflect.NativeMethodAccessorImpl.invoke0(Native Method)
at sun.reflect.NativeMethodAccessorImpl.invoke(NativeMethodAccessorImpl.java:62)
at sun.reflect.DelegatingMethodAccessorImpl.invoke(DelegatingMethodAccessorImpl.java:43)
at java.lang.reflect.Method.invoke(Method.java:498)
at org.testng.internal.MethodInvocationHelper.invokeMethod(MethodInvocationHelper.java:124)
at org.testng.internal.Invoker.invokeMethod(Invoker.java:583)
at org.testng.internal.Invoker.invokeTestMethod(Invoker.java:719)
at org.testng.internal.Invoker.invokeTestMethods(Invoker.java:989)
at org.testng.internal.TestMethodWorker.invokeTestMethods(TestMethodWorker.java:125)
at org.testng.internal.TestMethodWorker.run(TestMethodWorker.java:109)
at org.testng.TestRunner.privateRun(TestRunner.java:648)
at org.testng.TestRunner.run(TestRunner.java:505)
at org.testng.SuiteRunner.runTest(SuiteRunner.java:455)
at org.testng.SuiteRunner.runSequentially(SuiteRunner.java:450)
at org.testng.SuiteRunner.privateRun(SuiteRunner.java:415)
at org.testng.SuiteRunner.run(SuiteRunner.java:364)
at org.testng.SuiteRunnerWorker.runSuite(SuiteRunnerWorker.java:52)
at org.testng.SuiteRunnerWorker.run(SuiteRunnerWorker.java:84)
at org.testng.TestNG.runSuitesSequentially(TestNG.java:1208)
at org.testng.TestNG.runSuitesLocally(TestNG.java:1137)
at org.testng.TestNG.runSuites(TestNG.java:1049)
at org.testng.TestNG.run(TestNG.java:1017)
at org.testng.remote.AbstractRemoteTestNG.run(AbstractRemoteTestNG.java:115)
at org.testng.remote.RemoteTestNG.initAndRun(RemoteTestNG.java:251)
at org.testng.remote.RemoteTestNG.main(RemoteTestNG.java:77)
]]>
    </failure>
  </testcase> <!-- execute -->
  <testcase name="execute" time="21.957" classname="automation.project3ds.testBrickHTML"/>
  <testcase name="execute" time="39.657" classname="automation.project3ds.testBrickHTML">
    <failure type="java.lang.AssertionError" message="The following asserts failed:
	[REFID] expected object to not be null">
      <![CDATA[java.lang.AssertionError: The following asserts failed:
[REFID] expected object to not be null
at automation.project3ds.MySoftAssertAll.assertAll(MySoftAssertAll.java:57)
at automation.project3ds.testBrickHTML.execute(testBrickHTML.java:315)
at sun.reflect.GeneratedMethodAccessor2.invoke(Unknown Source)
at sun.reflect.DelegatingMethodAccessorImpl.invoke(DelegatingMethodAccessorImpl.java:43)
at java.lang.reflect.Method.invoke(Method.java:498)
at org.testng.internal.MethodInvocationHelper.invokeMethod(MethodInvocationHelper.java:124)
at org.testng.internal.Invoker.invokeMethod(Invoker.java:583)
at org.testng.internal.Invoker.invokeTestMethod(Invoker.java:719)
at org.testng.internal.Invoker.invokeTestMethods(Invoker.java:989)
at org.testng.internal.TestMethodWorker.invokeTestMethods(TestMethodWorker.java:125)
at org.testng.internal.TestMethodWorker.run(TestMethodWorker.java:109)
at org.testng.TestRunner.privateRun(TestRunner.java:648)
at org.testng.TestRunner.run(TestRunner.java:505)
at org.testng.SuiteRunner.runTest(SuiteRunner.java:455)
at org.testng.SuiteRunner.runSequentially(SuiteRunner.java:450)
at org.testng.SuiteRunner.privateRun(SuiteRunner.java:415)
at org.testng.SuiteRunner.run(SuiteRunner.java:364)
at org.testng.SuiteRunnerWorker.runSuite(SuiteRunnerWorker.java:52)
at org.testng.SuiteRunnerWorker.run(SuiteRunnerWorker.java:84)
at org.testng.TestNG.runSuitesSequentially(TestNG.java:1208)
at org.testng.TestNG.runSuitesLocally(TestNG.java:1137)
at org.testng.TestNG.runSuites(TestNG.java:1049)
at org.testng.TestNG.run(TestNG.java:1017)
at org.testng.remote.AbstractRemoteTestNG.run(AbstractRemoteTestNG.java:115)
at org.testng.remote.RemoteTestNG.initAndRun(RemoteTestNG.java:251)
at org.testng.remote.RemoteTestNG.main(RemoteTestNG.java:77)
]]>
    </failure>
  </testcase> <!-- execute -->
  <testcase name="execute" time="38.010" classname="automation.project3ds.testBrickHTML">
    <failure type="java.lang.AssertionError" message="The following asserts failed:
	[REFID] expected object to not be null">
      <![CDATA[java.lang.AssertionError: The following asserts failed:
[REFID] expected object to not be null
at automation.project3ds.MySoftAssertAll.assertAll(MySoftAssertAll.java:57)
at automation.project3ds.testBrickHTML.execute(testBrickHTML.java:315)
at sun.reflect.GeneratedMethodAccessor2.invoke(Unknown Source)
at sun.reflect.DelegatingMethodAccessorImpl.invoke(DelegatingMethodAccessorImpl.java:43)
at java.lang.reflect.Method.invoke(Method.java:498)
at org.testng.internal.MethodInvocationHelper.invokeMethod(MethodInvocationHelper.java:124)
at org.testng.internal.Invoker.invokeMethod(Invoker.java:583)
at org.testng.internal.Invoker.invokeTestMethod(Invoker.java:719)
at org.testng.internal.Invoker.invokeTestMethods(Invoker.java:989)
at org.testng.internal.TestMethodWorker.invokeTestMethods(TestMethodWorker.java:125)
at org.testng.internal.TestMethodWorker.run(TestMethodWorker.java:109)
at org.testng.TestRunner.privateRun(TestRunner.java:648)
at org.testng.TestRunner.run(TestRunner.java:505)
at org.testng.SuiteRunner.runTest(SuiteRunner.java:455)
at org.testng.SuiteRunner.runSequentially(SuiteRunner.java:450)
at org.testng.SuiteRunner.privateRun(SuiteRunner.java:415)
at org.testng.SuiteRunner.run(SuiteRunner.java:364)
at org.testng.SuiteRunnerWorker.runSuite(SuiteRunnerWorker.java:52)
at org.testng.SuiteRunnerWorker.run(SuiteRunnerWorker.java:84)
at org.testng.TestNG.runSuitesSequentially(TestNG.java:1208)
at org.testng.TestNG.runSuitesLocally(TestNG.java:1137)
at org.testng.TestNG.runSuites(TestNG.java:1049)
at org.testng.TestNG.run(TestNG.java:1017)
at org.testng.remote.AbstractRemoteTestNG.run(AbstractRemoteTestNG.java:115)
at org.testng.remote.RemoteTestNG.initAndRun(RemoteTestNG.java:251)
at org.testng.remote.RemoteTestNG.main(RemoteTestNG.java:77)
]]>
    </failure>
  </testcase> <!-- execute -->
  <testcase name="execute" time="20.798" classname="automation.project3ds.testBrickHTML"/>
  <testcase name="execute" time="22.322" classname="automation.project3ds.testBrickHTML"/>
  <testcase name="execute" time="21.258" classname="automation.project3ds.testBrickHTML"/>
  <testcase name="execute" time="20.708" classname="automation.project3ds.testBrickHTML"/>
  <testcase name="execute" time="20.401" classname="automation.project3ds.testBrickHTML"/>
  <testcase name="execute" time="49.376" classname="automation.project3ds.testBrickHTML">
    <failure type="java.lang.AssertionError" message="The following asserts failed:
	[REFID] expected object to not be null">
      <![CDATA[java.lang.AssertionError: The following asserts failed:
[REFID] expected object to not be null
at automation.project3ds.MySoftAssertAll.assertAll(MySoftAssertAll.java:57)
at automation.project3ds.testBrickHTML.execute(testBrickHTML.java:315)
at sun.reflect.NativeMethodAccessorImpl.invoke0(Native Method)
at sun.reflect.NativeMethodAccessorImpl.invoke(NativeMethodAccessorImpl.java:62)
at sun.reflect.DelegatingMethodAccessorImpl.invoke(DelegatingMethodAccessorImpl.java:43)
at java.lang.reflect.Method.invoke(Method.java:498)
at org.testng.internal.MethodInvocationHelper.invokeMethod(MethodInvocationHelper.java:124)
at org.testng.internal.Invoker.invokeMethod(Invoker.java:583)
at org.testng.internal.Invoker.invokeTestMethod(Invoker.java:719)
at org.testng.internal.Invoker.invokeTestMethods(Invoker.java:989)
at org.testng.internal.TestMethodWorker.invokeTestMethods(TestMethodWorker.java:125)
at org.testng.internal.TestMethodWorker.run(TestMethodWorker.java:109)
at org.testng.TestRunner.privateRun(TestRunner.java:648)
at org.testng.TestRunner.run(TestRunner.java:505)
at org.testng.SuiteRunner.runTest(SuiteRunner.java:455)
at org.testng.SuiteRunner.runSequentially(SuiteRunner.java:450)
at org.testng.SuiteRunner.privateRun(SuiteRunner.java:415)
at org.testng.SuiteRunner.run(SuiteRunner.java:364)
at org.testng.SuiteRunnerWorker.runSuite(SuiteRunnerWorker.java:52)
at org.testng.SuiteRunnerWorker.run(SuiteRunnerWorker.java:84)
at org.testng.TestNG.runSuitesSequentially(TestNG.java:1208)
at org.testng.TestNG.runSuitesLocally(TestNG.java:1137)
at org.testng.TestNG.runSuites(TestNG.java:1049)
at org.testng.TestNG.run(TestNG.java:1017)
at org.testng.remote.AbstractRemoteTestNG.run(AbstractRemoteTestNG.java:115)
at org.testng.remote.RemoteTestNG.initAndRun(RemoteTestNG.java:251)
at org.testng.remote.RemoteTestNG.main(RemoteTestNG.java:77)
]]>
    </failure>
  </testcase> <!-- execute -->
  <testcase name="execute" time="22.515" classname="automation.project3ds.testBrickHTML"/>
  <testcase name="execute" time="20.627" classname="automation.project3ds.testBrickHTML"/>
  <testcase name="execute" time="20.460" classname="automation.project3ds.testBrickHTML"/>
  <testcase name="execute" time="21.374" classname="automation.project3ds.testBrickHTML"/>
  <testcase name="execute" time="21.229" classname="automation.project3ds.testBrickHTML"/>
  <testcase name="execute" time="21.173" classname="automation.project3ds.testBrickHTML"/>
  <testcase name="execute" time="20.693" classname="automation.project3ds.testBrickHTML"/>
  <testcase name="execute" time="20.863" classname="automation.project3ds.testBrickHTML"/>
  <testcase name="execute" time="20.807" classname="automation.project3ds.testBrickHTML"/>
  <testcase name="execute" time="26.304" classname="automation.project3ds.testBrickHTML"/>
  <testcase name="execute" time="28.767" classname="automation.project3ds.testBrickHTML">
    <failure type="java.lang.AssertionError" message="The following asserts failed:
	[REFID] expected object to not be null">
      <![CDATA[java.lang.AssertionError: The following asserts failed:
[REFID] expected object to not be null
at automation.project3ds.MySoftAssertAll.assertAll(MySoftAssertAll.java:57)
at automation.project3ds.testBrickHTML.execute(testBrickHTML.java:315)
at sun.reflect.GeneratedMethodAccessor2.invoke(Unknown Source)
at sun.reflect.DelegatingMethodAccessorImpl.invoke(DelegatingMethodAccessorImpl.java:43)
at java.lang.reflect.Method.invoke(Method.java:498)
at org.testng.internal.MethodInvocationHelper.invokeMethod(MethodInvocationHelper.java:124)
at org.testng.internal.Invoker.invokeMethod(Invoker.java:583)
at org.testng.internal.Invoker.invokeTestMethod(Invoker.java:719)
at org.testng.internal.Invoker.invokeTestMethods(Invoker.java:989)
at org.testng.internal.TestMethodWorker.invokeTestMethods(TestMethodWorker.java:125)
at org.testng.internal.TestMethodWorker.run(TestMethodWorker.java:109)
at org.testng.TestRunner.privateRun(TestRunner.java:648)
at org.testng.TestRunner.run(TestRunner.java:505)
at org.testng.SuiteRunner.runTest(SuiteRunner.java:455)
at org.testng.SuiteRunner.runSequentially(SuiteRunner.java:450)
at org.testng.SuiteRunner.privateRun(SuiteRunner.java:415)
at org.testng.SuiteRunner.run(SuiteRunner.java:364)
at org.testng.SuiteRunnerWorker.runSuite(SuiteRunnerWorker.java:52)
at org.testng.SuiteRunnerWorker.run(SuiteRunnerWorker.java:84)
at org.testng.TestNG.runSuitesSequentially(TestNG.java:1208)
at org.testng.TestNG.runSuitesLocally(TestNG.java:1137)
at org.testng.TestNG.runSuites(TestNG.java:1049)
at org.testng.TestNG.run(TestNG.java:1017)
at org.testng.remote.AbstractRemoteTestNG.run(AbstractRemoteTestNG.java:115)
at org.testng.remote.RemoteTestNG.initAndRun(RemoteTestNG.java:251)
at org.testng.remote.RemoteTestNG.main(RemoteTestNG.java:77)
]]>
    </failure>
  </testcase> <!-- execute -->
  <testcase name="execute" time="22.065" classname="automation.project3ds.testBrickHTML"/>
  <testcase name="execute" time="22.231" classname="automation.project3ds.testBrickHTML"/>
  <testcase name="execute" time="21.451" classname="automation.project3ds.testBrickHTML"/>
  <testcase name="execute" time="20.982" classname="automation.project3ds.testBrickHTML"/>
  <testcase name="execute" time="20.319" classname="automation.project3ds.testBrickHTML"/>
  <testcase name="execute" time="21.047" classname="automation.project3ds.testBrickHTML"/>
  <testcase name="execute" time="20.444" classname="automation.project3ds.testBrickHTML"/>
  <testcase name="execute" time="20.792" classname="automation.project3ds.testBrickHTML"/>
  <testcase name="execute" time="20.548" classname="automation.project3ds.testBrickHTML"/>
  <testcase name="execute" time="21.659" classname="automation.project3ds.testBrickHTML"/>
  <testcase name="execute" time="20.727" classname="automation.project3ds.testBrickHTML"/>
  <testcase name="execute" time="23.020" classname="automation.project3ds.testBrickHTML"/>
  <testcase name="execute" time="21.343" classname="automation.project3ds.testBrickHTML"/>
  <testcase name="execute" time="20.958" classname="automation.project3ds.testBrickHTML"/>
  <testcase name="execute" time="26.884" classname="automation.project3ds.testBrickHTML"/>
  <testcase name="execute" time="27.740" classname="automation.project3ds.testBrickHTML"/>
  <testcase name="execute" time="21.752" classname="automation.project3ds.testBrickHTML"/>
  <testcase name="execute" time="26.800" classname="automation.project3ds.testBrickHTML"/>
  <testcase name="execute" time="23.751" classname="automation.project3ds.testBrickHTML"/>
  <testcase name="execute" time="22.272" classname="automation.project3ds.testBrickHTML"/>
  <testcase name="execute" time="21.760" classname="automation.project3ds.testBrickHTML"/>
  <testcase name="execute" time="21.058" classname="automation.project3ds.testBrickHTML"/>
  <testcase name="execute" time="26.504" classname="automation.project3ds.testBrickHTML"/>
  <testcase name="execute" time="23.857" classname="automation.project3ds.testBrickHTML">
    <failure type="java.lang.AssertionError" message="The following asserts failed:
	[REFID] expected object to not be null,
	[Enrolled] expected [] but found [U]">
      <![CDATA[java.lang.AssertionError: The following asserts failed:
[REFID] expected object to not be null,
[Enrolled] expected [] but found [U]
at automation.project3ds.MySoftAssertAll.assertAll(MySoftAssertAll.java:57)
at automation.project3ds.testBrickHTML.execute(testBrickHTML.java:315)
at sun.reflect.GeneratedMethodAccessor2.invoke(Unknown Source)
at sun.reflect.DelegatingMethodAccessorImpl.invoke(DelegatingMethodAccessorImpl.java:43)
at java.lang.reflect.Method.invoke(Method.java:498)
at org.testng.internal.MethodInvocationHelper.invokeMethod(MethodInvocationHelper.java:124)
at org.testng.internal.Invoker.invokeMethod(Invoker.java:583)
at org.testng.internal.Invoker.invokeTestMethod(Invoker.java:719)
at org.testng.internal.Invoker.invokeTestMethods(Invoker.java:989)
at org.testng.internal.TestMethodWorker.invokeTestMethods(TestMethodWorker.java:125)
at org.testng.internal.TestMethodWorker.run(TestMethodWorker.java:109)
at org.testng.TestRunner.privateRun(TestRunner.java:648)
at org.testng.TestRunner.run(TestRunner.java:505)
at org.testng.SuiteRunner.runTest(SuiteRunner.java:455)
at org.testng.SuiteRunner.runSequentially(SuiteRunner.java:450)
at org.testng.SuiteRunner.privateRun(SuiteRunner.java:415)
at org.testng.SuiteRunner.run(SuiteRunner.java:364)
at org.testng.SuiteRunnerWorker.runSuite(SuiteRunnerWorker.java:52)
at org.testng.SuiteRunnerWorker.run(SuiteRunnerWorker.java:84)
at org.testng.TestNG.runSuitesSequentially(TestNG.java:1208)
at org.testng.TestNG.runSuitesLocally(TestNG.java:1137)
at org.testng.TestNG.runSuites(TestNG.java:1049)
at org.testng.TestNG.run(TestNG.java:1017)
at org.testng.remote.AbstractRemoteTestNG.run(AbstractRemoteTestNG.java:115)
at org.testng.remote.RemoteTestNG.initAndRun(RemoteTestNG.java:251)
at org.testng.remote.RemoteTestNG.main(RemoteTestNG.java:77)
]]>
    </failure>
  </testcase> <!-- execute -->
  <testcase name="execute" time="24.737" classname="automation.project3ds.testBrickHTML">
    <failure type="java.lang.AssertionError" message="The following asserts failed:
	[REFID] expected object to not be null">
      <![CDATA[java.lang.AssertionError: The following asserts failed:
[REFID] expected object to not be null
at automation.project3ds.MySoftAssertAll.assertAll(MySoftAssertAll.java:57)
at automation.project3ds.testBrickHTML.execute(testBrickHTML.java:315)
at sun.reflect.GeneratedMethodAccessor2.invoke(Unknown Source)
at sun.reflect.DelegatingMethodAccessorImpl.invoke(DelegatingMethodAccessorImpl.java:43)
at java.lang.reflect.Method.invoke(Method.java:498)
at org.testng.internal.MethodInvocationHelper.invokeMethod(MethodInvocationHelper.java:124)
at org.testng.internal.Invoker.invokeMethod(Invoker.java:583)
at org.testng.internal.Invoker.invokeTestMethod(Invoker.java:719)
at org.testng.internal.Invoker.invokeTestMethods(Invoker.java:989)
at org.testng.internal.TestMethodWorker.invokeTestMethods(TestMethodWorker.java:125)
at org.testng.internal.TestMethodWorker.run(TestMethodWorker.java:109)
at org.testng.TestRunner.privateRun(TestRunner.java:648)
at org.testng.TestRunner.run(TestRunner.java:505)
at org.testng.SuiteRunner.runTest(SuiteRunner.java:455)
at org.testng.SuiteRunner.runSequentially(SuiteRunner.java:450)
at org.testng.SuiteRunner.privateRun(SuiteRunner.java:415)
at org.testng.SuiteRunner.run(SuiteRunner.java:364)
at org.testng.SuiteRunnerWorker.runSuite(SuiteRunnerWorker.java:52)
at org.testng.SuiteRunnerWorker.run(SuiteRunnerWorker.java:84)
at org.testng.TestNG.runSuitesSequentially(TestNG.java:1208)
at org.testng.TestNG.runSuitesLocally(TestNG.java:1137)
at org.testng.TestNG.runSuites(TestNG.java:1049)
at org.testng.TestNG.run(TestNG.java:1017)
at org.testng.remote.AbstractRemoteTestNG.run(AbstractRemoteTestNG.java:115)
at org.testng.remote.RemoteTestNG.initAndRun(RemoteTestNG.java:251)
at org.testng.remote.RemoteTestNG.main(RemoteTestNG.java:77)
]]>
    </failure>
  </testcase> <!-- execute -->
  <testcase name="execute" time="27.047" classname="automation.project3ds.testBrickHTML"/>
  <testcase name="execute" time="20.908" classname="automation.project3ds.testBrickHTML"/>
  <testcase name="execute" time="20.448" classname="automation.project3ds.testBrickHTML"/>
  <testcase name="execute" time="20.387" classname="automation.project3ds.testBrickHTML"/>
  <testcase name="execute" time="20.892" classname="automation.project3ds.testBrickHTML"/>
  <testcase name="execute" time="21.200" classname="automation.project3ds.testBrickHTML"/>
  <testcase name="execute" time="21.477" classname="automation.project3ds.testBrickHTML"/>
  <testcase name="execute" time="20.770" classname="automation.project3ds.testBrickHTML"/>
  <testcase name="execute" time="20.618" classname="automation.project3ds.testBrickHTML"/>
  <testcase name="execute" time="22.972" classname="automation.project3ds.testBrickHTML"/>
  <testcase name="execute" time="20.797" classname="automation.project3ds.testBrickHTML"/>
  <testcase name="execute" time="21.163" classname="automation.project3ds.testBrickHTML"/>
  <testcase name="execute" time="20.726" classname="automation.project3ds.testBrickHTML"/>
  <testcase name="execute" time="22.895" classname="automation.project3ds.testBrickHTML"/>
  <testcase name="execute" time="20.699" classname="automation.project3ds.testBrickHTML"/>
  <testcase name="execute" time="22.163" classname="automation.project3ds.testBrickHTML"/>
  <testcase name="execute" time="20.660" classname="automation.project3ds.testBrickHTML"/>
  <testcase name="execute" time="23.653" classname="automation.project3ds.testBrickHTML">
    <failure type="java.lang.AssertionError" message="The following asserts failed:
	[REFID] expected object to not be null">
      <![CDATA[java.lang.AssertionError: The following asserts failed:
[REFID] expected object to not be null
at automation.project3ds.MySoftAssertAll.assertAll(MySoftAssertAll.java:57)
at automation.project3ds.testBrickHTML.execute(testBrickHTML.java:315)
at sun.reflect.GeneratedMethodAccessor2.invoke(Unknown Source)
at sun.reflect.DelegatingMethodAccessorImpl.invoke(DelegatingMethodAccessorImpl.java:43)
at java.lang.reflect.Method.invoke(Method.java:498)
at org.testng.internal.MethodInvocationHelper.invokeMethod(MethodInvocationHelper.java:124)
at org.testng.internal.Invoker.invokeMethod(Invoker.java:583)
at org.testng.internal.Invoker.invokeTestMethod(Invoker.java:719)
at org.testng.internal.Invoker.invokeTestMethods(Invoker.java:989)
at org.testng.internal.TestMethodWorker.invokeTestMethods(TestMethodWorker.java:125)
at org.testng.internal.TestMethodWorker.run(TestMethodWorker.java:109)
at org.testng.TestRunner.privateRun(TestRunner.java:648)
at org.testng.TestRunner.run(TestRunner.java:505)
at org.testng.SuiteRunner.runTest(SuiteRunner.java:455)
at org.testng.SuiteRunner.runSequentially(SuiteRunner.java:450)
at org.testng.SuiteRunner.privateRun(SuiteRunner.java:415)
at org.testng.SuiteRunner.run(SuiteRunner.java:364)
at org.testng.SuiteRunnerWorker.runSuite(SuiteRunnerWorker.java:52)
at org.testng.SuiteRunnerWorker.run(SuiteRunnerWorker.java:84)
at org.testng.TestNG.runSuitesSequentially(TestNG.java:1208)
at org.testng.TestNG.runSuitesLocally(TestNG.java:1137)
at org.testng.TestNG.runSuites(TestNG.java:1049)
at org.testng.TestNG.run(TestNG.java:1017)
at org.testng.remote.AbstractRemoteTestNG.run(AbstractRemoteTestNG.java:115)
at org.testng.remote.RemoteTestNG.initAndRun(RemoteTestNG.java:251)
at org.testng.remote.RemoteTestNG.main(RemoteTestNG.java:77)
]]>
    </failure>
  </testcase> <!-- execute -->
  <testcase name="execute" time="20.445" classname="automation.project3ds.testBrickHTML"/>
  <testcase name="execute" time="21.123" classname="automation.project3ds.testBrickHTML"/>
  <testcase name="execute" time="20.822" classname="automation.project3ds.testBrickHTML"/>
  <testcase name="execute" time="21.666" classname="automation.project3ds.testBrickHTML"/>
  <testcase name="execute" time="21.097" classname="automation.project3ds.testBrickHTML"/>
  <testcase name="execute" time="20.449" classname="automation.project3ds.testBrickHTML"/>
  <testcase name="execute" time="27.325" classname="automation.project3ds.testBrickHTML"/>
  <testcase name="execute" time="20.846" classname="automation.project3ds.testBrickHTML"/>
  <testcase name="execute" time="20.784" classname="automation.project3ds.testBrickHTML"/>
  <testcase name="execute" time="22.626" classname="automation.project3ds.testBrickHTML"/>
  <testcase name="execute" time="21.590" classname="automation.project3ds.testBrickHTML"/>
  <testcase name="execute" time="20.769" classname="automation.project3ds.testBrickHTML"/>
  <testcase name="execute" time="23.474" classname="automation.project3ds.testBrickHTML"/>
  <testcase name="execute" time="21.221" classname="automation.project3ds.testBrickHTML"/>
  <testcase name="execute" time="20.511" classname="automation.project3ds.testBrickHTML"/>
  <testcase name="execute" time="21.330" classname="automation.project3ds.testBrickHTML"/>
  <testcase name="execute" time="22.990" classname="automation.project3ds.testBrickHTML">
    <failure type="java.lang.AssertionError" message="The following asserts failed:
	[Enrolled] expected [] but found [U]">
      <![CDATA[java.lang.AssertionError: The following asserts failed:
[Enrolled] expected [] but found [U]
at automation.project3ds.MySoftAssertAll.assertAll(MySoftAssertAll.java:57)
at automation.project3ds.testBrickHTML.execute(testBrickHTML.java:315)
at sun.reflect.NativeMethodAccessorImpl.invoke0(Native Method)
at sun.reflect.NativeMethodAccessorImpl.invoke(NativeMethodAccessorImpl.java:62)
at sun.reflect.DelegatingMethodAccessorImpl.invoke(DelegatingMethodAccessorImpl.java:43)
at java.lang.reflect.Method.invoke(Method.java:498)
at org.testng.internal.MethodInvocationHelper.invokeMethod(MethodInvocationHelper.java:124)
at org.testng.internal.Invoker.invokeMethod(Invoker.java:583)
at org.testng.internal.Invoker.invokeTestMethod(Invoker.java:719)
at org.testng.internal.Invoker.invokeTestMethods(Invoker.java:989)
at org.testng.internal.TestMethodWorker.invokeTestMethods(TestMethodWorker.java:125)
at org.testng.internal.TestMethodWorker.run(TestMethodWorker.java:109)
at org.testng.TestRunner.privateRun(TestRunner.java:648)
at org.testng.TestRunner.run(TestRunner.java:505)
at org.testng.SuiteRunner.runTest(SuiteRunner.java:455)
at org.testng.SuiteRunner.runSequentially(SuiteRunner.java:450)
at org.testng.SuiteRunner.privateRun(SuiteRunner.java:415)
at org.testng.SuiteRunner.run(SuiteRunner.java:364)
at org.testng.SuiteRunnerWorker.runSuite(SuiteRunnerWorker.java:52)
at org.testng.SuiteRunnerWorker.run(SuiteRunnerWorker.java:84)
at org.testng.TestNG.runSuitesSequentially(TestNG.java:1208)
at org.testng.TestNG.runSuitesLocally(TestNG.java:1137)
at org.testng.TestNG.runSuites(TestNG.java:1049)
at org.testng.TestNG.run(TestNG.java:1017)
at org.testng.remote.AbstractRemoteTestNG.run(AbstractRemoteTestNG.java:115)
at org.testng.remote.RemoteTestNG.initAndRun(RemoteTestNG.java:251)
at org.testng.remote.RemoteTestNG.main(RemoteTestNG.java:77)
]]>
    </failure>
  </testcase> <!-- execute -->
  <testcase name="execute" time="20.954" classname="automation.project3ds.testBrickHTML"/>
  <testcase name="execute" time="37.499" classname="automation.project3ds.testBrickHTML">
    <failure type="java.lang.AssertionError" message="The following asserts failed:
	[REFID] expected object to not be null,
	[EciFlag2] expected [00] but found []">
      <![CDATA[java.lang.AssertionError: The following asserts failed:
[REFID] expected object to not be null,
[EciFlag2] expected [00] but found []
at automation.project3ds.MySoftAssertAll.assertAll(MySoftAssertAll.java:57)
at automation.project3ds.testBrickHTML.execute(testBrickHTML.java:315)
at sun.reflect.GeneratedMethodAccessor2.invoke(Unknown Source)
at sun.reflect.DelegatingMethodAccessorImpl.invoke(DelegatingMethodAccessorImpl.java:43)
at java.lang.reflect.Method.invoke(Method.java:498)
at org.testng.internal.MethodInvocationHelper.invokeMethod(MethodInvocationHelper.java:124)
at org.testng.internal.Invoker.invokeMethod(Invoker.java:583)
at org.testng.internal.Invoker.invokeTestMethod(Invoker.java:719)
at org.testng.internal.Invoker.invokeTestMethods(Invoker.java:989)
at org.testng.internal.TestMethodWorker.invokeTestMethods(TestMethodWorker.java:125)
at org.testng.internal.TestMethodWorker.run(TestMethodWorker.java:109)
at org.testng.TestRunner.privateRun(TestRunner.java:648)
at org.testng.TestRunner.run(TestRunner.java:505)
at org.testng.SuiteRunner.runTest(SuiteRunner.java:455)
at org.testng.SuiteRunner.runSequentially(SuiteRunner.java:450)
at org.testng.SuiteRunner.privateRun(SuiteRunner.java:415)
at org.testng.SuiteRunner.run(SuiteRunner.java:364)
at org.testng.SuiteRunnerWorker.runSuite(SuiteRunnerWorker.java:52)
at org.testng.SuiteRunnerWorker.run(SuiteRunnerWorker.java:84)
at org.testng.TestNG.runSuitesSequentially(TestNG.java:1208)
at org.testng.TestNG.runSuitesLocally(TestNG.java:1137)
at org.testng.TestNG.runSuites(TestNG.java:1049)
at org.testng.TestNG.run(TestNG.java:1017)
at org.testng.remote.AbstractRemoteTestNG.run(AbstractRemoteTestNG.java:115)
at org.testng.remote.RemoteTestNG.initAndRun(RemoteTestNG.java:251)
at org.testng.remote.RemoteTestNG.main(RemoteTestNG.java:77)
]]>
    </failure>
  </testcase> <!-- execute -->
  <testcase name="execute" time="21.567" classname="automation.project3ds.testBrickHTML"/>
  <testcase name="execute" time="20.443" classname="automation.project3ds.testBrickHTML"/>
  <testcase name="execute" time="20.451" classname="automation.project3ds.testBrickHTML"/>
  <testcase name="execute" time="26.077" classname="automation.project3ds.testBrickHTML"/>
  <testcase name="execute" time="21.865" classname="automation.project3ds.testBrickHTML"/>
  <testcase name="execute" time="22.751" classname="automation.project3ds.testBrickHTML"/>
  <testcase name="execute" time="21.908" classname="automation.project3ds.testBrickHTML"/>
  <testcase name="execute" time="20.992" classname="automation.project3ds.testBrickHTML"/>
  <testcase name="execute" time="20.322" classname="automation.project3ds.testBrickHTML"/>
  <testcase name="execute" time="20.545" classname="automation.project3ds.testBrickHTML"/>
  <testcase name="execute" time="21.692" classname="automation.project3ds.testBrickHTML"/>
  <testcase name="execute" time="21.607" classname="automation.project3ds.testBrickHTML"/>
  <testcase name="execute" time="20.982" classname="automation.project3ds.testBrickHTML"/>
  <testcase name="execute" time="20.833" classname="automation.project3ds.testBrickHTML"/>
  <testcase name="execute" time="20.579" classname="automation.project3ds.testBrickHTML"/>
  <testcase name="execute" time="21.645" classname="automation.project3ds.testBrickHTML"/>
  <testcase name="execute" time="20.673" classname="automation.project3ds.testBrickHTML"/>
  <testcase name="execute" time="27.219" classname="automation.project3ds.testBrickHTML">
    <failure type="java.lang.AssertionError" message="The following asserts failed:
	[REFID] expected object to not be null,
	[PAResStatus] expected [I] but found [U]">
      <![CDATA[java.lang.AssertionError: The following asserts failed:
[REFID] expected object to not be null,
[PAResStatus] expected [I] but found [U]
at automation.project3ds.MySoftAssertAll.assertAll(MySoftAssertAll.java:57)
at automation.project3ds.testBrickHTML.execute(testBrickHTML.java:315)
at sun.reflect.GeneratedMethodAccessor2.invoke(Unknown Source)
at sun.reflect.DelegatingMethodAccessorImpl.invoke(DelegatingMethodAccessorImpl.java:43)
at java.lang.reflect.Method.invoke(Method.java:498)
at org.testng.internal.MethodInvocationHelper.invokeMethod(MethodInvocationHelper.java:124)
at org.testng.internal.Invoker.invokeMethod(Invoker.java:583)
at org.testng.internal.Invoker.invokeTestMethod(Invoker.java:719)
at org.testng.internal.Invoker.invokeTestMethods(Invoker.java:989)
at org.testng.internal.TestMethodWorker.invokeTestMethods(TestMethodWorker.java:125)
at org.testng.internal.TestMethodWorker.run(TestMethodWorker.java:109)
at org.testng.TestRunner.privateRun(TestRunner.java:648)
at org.testng.TestRunner.run(TestRunner.java:505)
at org.testng.SuiteRunner.runTest(SuiteRunner.java:455)
at org.testng.SuiteRunner.runSequentially(SuiteRunner.java:450)
at org.testng.SuiteRunner.privateRun(SuiteRunner.java:415)
at org.testng.SuiteRunner.run(SuiteRunner.java:364)
at org.testng.SuiteRunnerWorker.runSuite(SuiteRunnerWorker.java:52)
at org.testng.SuiteRunnerWorker.run(SuiteRunnerWorker.java:84)
at org.testng.TestNG.runSuitesSequentially(TestNG.java:1208)
at org.testng.TestNG.runSuitesLocally(TestNG.java:1137)
at org.testng.TestNG.runSuites(TestNG.java:1049)
at org.testng.TestNG.run(TestNG.java:1017)
at org.testng.remote.AbstractRemoteTestNG.run(AbstractRemoteTestNG.java:115)
at org.testng.remote.RemoteTestNG.initAndRun(RemoteTestNG.java:251)
at org.testng.remote.RemoteTestNG.main(RemoteTestNG.java:77)
]]>
    </failure>
  </testcase> <!-- execute -->
  <testcase name="execute" time="21.882" classname="automation.project3ds.testBrickHTML"/>
  <testcase name="execute" time="36.922" classname="automation.project3ds.testBrickHTML">
    <failure type="java.lang.AssertionError" message="The following asserts failed:
	[REFID] expected object to not be null,
	[Enrolled] expected [] but found [U],
	[EciFlag] expected [] but found [00]">
      <![CDATA[java.lang.AssertionError: The following asserts failed:
[REFID] expected object to not be null,
[Enrolled] expected [] but found [U],
[EciFlag] expected [] but found [00]
at automation.project3ds.MySoftAssertAll.assertAll(MySoftAssertAll.java:57)
at automation.project3ds.testBrickHTML.execute(testBrickHTML.java:315)
at sun.reflect.GeneratedMethodAccessor2.invoke(Unknown Source)
at sun.reflect.DelegatingMethodAccessorImpl.invoke(DelegatingMethodAccessorImpl.java:43)
at java.lang.reflect.Method.invoke(Method.java:498)
at org.testng.internal.MethodInvocationHelper.invokeMethod(MethodInvocationHelper.java:124)
at org.testng.internal.Invoker.invokeMethod(Invoker.java:583)
at org.testng.internal.Invoker.invokeTestMethod(Invoker.java:719)
at org.testng.internal.Invoker.invokeTestMethods(Invoker.java:989)
at org.testng.internal.TestMethodWorker.invokeTestMethods(TestMethodWorker.java:125)
at org.testng.internal.TestMethodWorker.run(TestMethodWorker.java:109)
at org.testng.TestRunner.privateRun(TestRunner.java:648)
at org.testng.TestRunner.run(TestRunner.java:505)
at org.testng.SuiteRunner.runTest(SuiteRunner.java:455)
at org.testng.SuiteRunner.runSequentially(SuiteRunner.java:450)
at org.testng.SuiteRunner.privateRun(SuiteRunner.java:415)
at org.testng.SuiteRunner.run(SuiteRunner.java:364)
at org.testng.SuiteRunnerWorker.runSuite(SuiteRunnerWorker.java:52)
at org.testng.SuiteRunnerWorker.run(SuiteRunnerWorker.java:84)
at org.testng.TestNG.runSuitesSequentially(TestNG.java:1208)
at org.testng.TestNG.runSuitesLocally(TestNG.java:1137)
at org.testng.TestNG.runSuites(TestNG.java:1049)
at org.testng.TestNG.run(TestNG.java:1017)
at org.testng.remote.AbstractRemoteTestNG.run(AbstractRemoteTestNG.java:115)
at org.testng.remote.RemoteTestNG.initAndRun(RemoteTestNG.java:251)
at org.testng.remote.RemoteTestNG.main(RemoteTestNG.java:77)
]]>
    </failure>
  </testcase> <!-- execute -->
  <testcase name="execute" time="21.377" classname="automation.project3ds.testBrickHTML"/>
  <testcase name="execute" time="20.780" classname="automation.project3ds.testBrickHTML"/>
  <testcase name="execute" time="20.641" classname="automation.project3ds.testBrickHTML"/>
  <testcase name="execute" time="21.858" classname="automation.project3ds.testBrickHTML"/>
  <testcase name="execute" time="22.326" classname="automation.project3ds.testBrickHTML"/>
  <testcase name="execute" time="20.729" classname="automation.project3ds.testBrickHTML"/>
  <testcase name="execute" time="20.091" classname="automation.project3ds.testBrickHTML"/>
  <testcase name="execute" time="20.332" classname="automation.project3ds.testBrickHTML"/>
  <testcase name="execute" time="20.302" classname="automation.project3ds.testBrickHTML"/>
  <testcase name="execute" time="21.300" classname="automation.project3ds.testBrickHTML"/>
  <testcase name="execute" time="21.314" classname="automation.project3ds.testBrickHTML"/>
  <testcase name="execute" time="21.963" classname="automation.project3ds.testBrickHTML"/>
  <testcase name="execute" time="26.032" classname="automation.project3ds.testBrickHTML"/>
  <testcase name="execute" time="20.835" classname="automation.project3ds.testBrickHTML"/>
  <testcase name="execute" time="20.912" classname="automation.project3ds.testBrickHTML"/>
  <testcase name="execute" time="20.884" classname="automation.project3ds.testBrickHTML"/>
  <testcase name="execute" time="20.682" classname="automation.project3ds.testBrickHTML"/>
  <testcase name="execute" time="23.918" classname="automation.project3ds.testBrickHTML"/>
  <testcase name="execute" time="20.290" classname="automation.project3ds.testBrickHTML"/>
  <testcase name="execute" time="21.710" classname="automation.project3ds.testBrickHTML"/>
  <testcase name="execute" time="39.667" classname="automation.project3ds.testBrickHTML">
    <failure type="java.lang.AssertionError" message="The following asserts failed:
	[Enrolled] expected [] but found [U],
	[EciFlag] expected [] but found [07]">
      <![CDATA[java.lang.AssertionError: The following asserts failed:
[Enrolled] expected [] but found [U],
[EciFlag] expected [] but found [07]
at automation.project3ds.MySoftAssertAll.assertAll(MySoftAssertAll.java:57)
at automation.project3ds.testBrickHTML.execute(testBrickHTML.java:315)
at sun.reflect.NativeMethodAccessorImpl.invoke0(Native Method)
at sun.reflect.NativeMethodAccessorImpl.invoke(NativeMethodAccessorImpl.java:62)
at sun.reflect.DelegatingMethodAccessorImpl.invoke(DelegatingMethodAccessorImpl.java:43)
at java.lang.reflect.Method.invoke(Method.java:498)
at org.testng.internal.MethodInvocationHelper.invokeMethod(MethodInvocationHelper.java:124)
at org.testng.internal.Invoker.invokeMethod(Invoker.java:583)
at org.testng.internal.Invoker.invokeTestMethod(Invoker.java:719)
at org.testng.internal.Invoker.invokeTestMethods(Invoker.java:989)
at org.testng.internal.TestMethodWorker.invokeTestMethods(TestMethodWorker.java:125)
at org.testng.internal.TestMethodWorker.run(TestMethodWorker.java:109)
at org.testng.TestRunner.privateRun(TestRunner.java:648)
at org.testng.TestRunner.run(TestRunner.java:505)
at org.testng.SuiteRunner.runTest(SuiteRunner.java:455)
at org.testng.SuiteRunner.runSequentially(SuiteRunner.java:450)
at org.testng.SuiteRunner.privateRun(SuiteRunner.java:415)
at org.testng.SuiteRunner.run(SuiteRunner.java:364)
at org.testng.SuiteRunnerWorker.runSuite(SuiteRunnerWorker.java:52)
at org.testng.SuiteRunnerWorker.run(SuiteRunnerWorker.java:84)
at org.testng.TestNG.runSuitesSequentially(TestNG.java:1208)
at org.testng.TestNG.runSuitesLocally(TestNG.java:1137)
at org.testng.TestNG.runSuites(TestNG.java:1049)
at org.testng.TestNG.run(TestNG.java:1017)
at org.testng.remote.AbstractRemoteTestNG.run(AbstractRemoteTestNG.java:115)
at org.testng.remote.RemoteTestNG.initAndRun(RemoteTestNG.java:251)
at org.testng.remote.RemoteTestNG.main(RemoteTestNG.java:77)
]]>
    </failure>
  </testcase> <!-- execute -->
  <testcase name="execute" time="20.952" classname="automation.project3ds.testBrickHTML"/>
  <testcase name="execute" time="22.479" classname="automation.project3ds.testBrickHTML"/>
  <testcase name="execute" time="20.554" classname="automation.project3ds.testBrickHTML"/>
  <testcase name="execute" time="20.956" classname="automation.project3ds.testBrickHTML"/>
  <testcase name="execute" time="24.936" classname="automation.project3ds.testBrickHTML"/>
  <testcase name="execute" time="22.120" classname="automation.project3ds.testBrickHTML"/>
  <testcase name="execute" time="20.804" classname="automation.project3ds.testBrickHTML"/>
  <testcase name="execute" time="21.552" classname="automation.project3ds.testBrickHTML"/>
  <testcase name="execute" time="20.448" classname="automation.project3ds.testBrickHTML"/>
  <testcase name="execute" time="20.446" classname="automation.project3ds.testBrickHTML"/>
  <testcase name="execute" time="20.721" classname="automation.project3ds.testBrickHTML"/>
  <testcase name="execute" time="21.376" classname="automation.project3ds.testBrickHTML"/>
  <testcase name="execute" time="20.797" classname="automation.project3ds.testBrickHTML"/>
  <testcase name="execute" time="21.015" classname="automation.project3ds.testBrickHTML"/>
  <testcase name="execute" time="30.839" classname="automation.project3ds.testBrickHTML"/>
  <testcase name="execute" time="21.222" classname="automation.project3ds.testBrickHTML"/>
  <testcase name="execute" time="20.791" classname="automation.project3ds.testBrickHTML"/>
  <testcase name="execute" time="20.796" classname="automation.project3ds.testBrickHTML"/>
  <testcase name="execute" time="20.548" classname="automation.project3ds.testBrickHTML"/>
  <testcase name="execute" time="20.606" classname="automation.project3ds.testBrickHTML"/>
  <testcase name="execute" time="26.680" classname="automation.project3ds.testBrickHTML"/>
  <testcase name="execute" time="20.999" classname="automation.project3ds.testBrickHTML"/>
  <testcase name="execute" time="21.129" classname="automation.project3ds.testBrickHTML"/>
  <testcase name="execute" time="21.213" classname="automation.project3ds.testBrickHTML"/>
  <testcase name="execute" time="21.992" classname="automation.project3ds.testBrickHTML"/>
  <testcase name="execute" time="20.436" classname="automation.project3ds.testBrickHTML"/>
  <testcase name="execute" time="21.756" classname="automation.project3ds.testBrickHTML"/>
  <testcase name="execute" time="41.369" classname="automation.project3ds.testBrickHTML">
    <failure type="java.lang.AssertionError" message="The following asserts failed:
	[REFID] expected object to not be null">
      <![CDATA[java.lang.AssertionError: The following asserts failed:
[REFID] expected object to not be null
at automation.project3ds.MySoftAssertAll.assertAll(MySoftAssertAll.java:57)
at automation.project3ds.testBrickHTML.execute(testBrickHTML.java:315)
at sun.reflect.NativeMethodAccessorImpl.invoke0(Native Method)
at sun.reflect.NativeMethodAccessorImpl.invoke(NativeMethodAccessorImpl.java:62)
at sun.reflect.DelegatingMethodAccessorImpl.invoke(DelegatingMethodAccessorImpl.java:43)
at java.lang.reflect.Method.invoke(Method.java:498)
at org.testng.internal.MethodInvocationHelper.invokeMethod(MethodInvocationHelper.java:124)
at org.testng.internal.Invoker.invokeMethod(Invoker.java:583)
at org.testng.internal.Invoker.invokeTestMethod(Invoker.java:719)
at org.testng.internal.Invoker.invokeTestMethods(Invoker.java:989)
at org.testng.internal.TestMethodWorker.invokeTestMethods(TestMethodWorker.java:125)
at org.testng.internal.TestMethodWorker.run(TestMethodWorker.java:109)
at org.testng.TestRunner.privateRun(TestRunner.java:648)
at org.testng.TestRunner.run(TestRunner.java:505)
at org.testng.SuiteRunner.runTest(SuiteRunner.java:455)
at org.testng.SuiteRunner.runSequentially(SuiteRunner.java:450)
at org.testng.SuiteRunner.privateRun(SuiteRunner.java:415)
at org.testng.SuiteRunner.run(SuiteRunner.java:364)
at org.testng.SuiteRunnerWorker.runSuite(SuiteRunnerWorker.java:52)
at org.testng.SuiteRunnerWorker.run(SuiteRunnerWorker.java:84)
at org.testng.TestNG.runSuitesSequentially(TestNG.java:1208)
at org.testng.TestNG.runSuitesLocally(TestNG.java:1137)
at org.testng.TestNG.runSuites(TestNG.java:1049)
at org.testng.TestNG.run(TestNG.java:1017)
at org.testng.remote.AbstractRemoteTestNG.run(AbstractRemoteTestNG.java:115)
at org.testng.remote.RemoteTestNG.initAndRun(RemoteTestNG.java:251)
at org.testng.remote.RemoteTestNG.main(RemoteTestNG.java:77)
]]>
    </failure>
  </testcase> <!-- execute -->
  <testcase name="execute" time="20.275" classname="automation.project3ds.testBrickHTML"/>
  <testcase name="execute" time="21.353" classname="automation.project3ds.testBrickHTML"/>
  <testcase name="execute" time="20.784" classname="automation.project3ds.testBrickHTML"/>
  <testcase name="execute" time="21.823" classname="automation.project3ds.testBrickHTML"/>
  <testcase name="execute" time="21.028" classname="automation.project3ds.testBrickHTML"/>
  <testcase name="execute" time="21.411" classname="automation.project3ds.testBrickHTML"/>
  <testcase name="execute" time="20.784" classname="automation.project3ds.testBrickHTML"/>
  <testcase name="execute" time="26.079" classname="automation.project3ds.testBrickHTML"/>
  <testcase name="execute" time="21.419" classname="automation.project3ds.testBrickHTML"/>
  <testcase name="execute" time="20.342" classname="automation.project3ds.testBrickHTML"/>
  <testcase name="execute" time="26.772" classname="automation.project3ds.testBrickHTML"/>
  <testcase name="execute" time="25.825" classname="automation.project3ds.testBrickHTML"/>
  <testcase name="execute" time="20.891" classname="automation.project3ds.testBrickHTML"/>
  <testcase name="execute" time="22.511" classname="automation.project3ds.testBrickHTML"/>
  <testcase name="execute" time="21.272" classname="automation.project3ds.testBrickHTML"/>
  <testcase name="execute" time="20.753" classname="automation.project3ds.testBrickHTML"/>
  <testcase name="execute" time="21.126" classname="automation.project3ds.testBrickHTML"/>
  <testcase name="execute" time="27.288" classname="automation.project3ds.testBrickHTML"/>
  <testcase name="execute" time="20.759" classname="automation.project3ds.testBrickHTML"/>
  <testcase name="execute" time="47.185" classname="automation.project3ds.testBrickHTML">
    <failure type="java.lang.AssertionError" message="The following asserts failed:
	[REFID] expected object to not be null">
      <![CDATA[java.lang.AssertionError: The following asserts failed:
[REFID] expected object to not be null
at automation.project3ds.MySoftAssertAll.assertAll(MySoftAssertAll.java:57)
at automation.project3ds.testBrickHTML.execute(testBrickHTML.java:315)
at sun.reflect.GeneratedMethodAccessor2.invoke(Unknown Source)
at sun.reflect.DelegatingMethodAccessorImpl.invoke(DelegatingMethodAccessorImpl.java:43)
at java.lang.reflect.Method.invoke(Method.java:498)
at org.testng.internal.MethodInvocationHelper.invokeMethod(MethodInvocationHelper.java:124)
at org.testng.internal.Invoker.invokeMethod(Invoker.java:583)
at org.testng.internal.Invoker.invokeTestMethod(Invoker.java:719)
at org.testng.internal.Invoker.invokeTestMethods(Invoker.java:989)
at org.testng.internal.TestMethodWorker.invokeTestMethods(TestMethodWorker.java:125)
at org.testng.internal.TestMethodWorker.run(TestMethodWorker.java:109)
at org.testng.TestRunner.privateRun(TestRunner.java:648)
at org.testng.TestRunner.run(TestRunner.java:505)
at org.testng.SuiteRunner.runTest(SuiteRunner.java:455)
at org.testng.SuiteRunner.runSequentially(SuiteRunner.java:450)
at org.testng.SuiteRunner.privateRun(SuiteRunner.java:415)
at org.testng.SuiteRunner.run(SuiteRunner.java:364)
at org.testng.SuiteRunnerWorker.runSuite(SuiteRunnerWorker.java:52)
at org.testng.SuiteRunnerWorker.run(SuiteRunnerWorker.java:84)
at org.testng.TestNG.runSuitesSequentially(TestNG.java:1208)
at org.testng.TestNG.runSuitesLocally(TestNG.java:1137)
at org.testng.TestNG.runSuites(TestNG.java:1049)
at org.testng.TestNG.run(TestNG.java:1017)
at org.testng.remote.AbstractRemoteTestNG.run(AbstractRemoteTestNG.java:115)
at org.testng.remote.RemoteTestNG.initAndRun(RemoteTestNG.java:251)
at org.testng.remote.RemoteTestNG.main(RemoteTestNG.java:77)
]]>
    </failure>
  </testcase> <!-- execute -->
  <testcase name="execute" time="20.946" classname="automation.project3ds.testBrickHTML"/>
  <testcase name="execute" time="20.816" classname="automation.project3ds.testBrickHTML"/>
  <testcase name="execute" time="21.202" classname="automation.project3ds.testBrickHTML"/>
  <testcase name="execute" time="23.536" classname="automation.project3ds.testBrickHTML">
    <failure type="java.lang.AssertionError" message="The following asserts failed:
	[REFID] expected object to not be null">
      <![CDATA[java.lang.AssertionError: The following asserts failed:
[REFID] expected object to not be null
at automation.project3ds.MySoftAssertAll.assertAll(MySoftAssertAll.java:57)
at automation.project3ds.testBrickHTML.execute(testBrickHTML.java:315)
at sun.reflect.GeneratedMethodAccessor2.invoke(Unknown Source)
at sun.reflect.DelegatingMethodAccessorImpl.invoke(DelegatingMethodAccessorImpl.java:43)
at java.lang.reflect.Method.invoke(Method.java:498)
at org.testng.internal.MethodInvocationHelper.invokeMethod(MethodInvocationHelper.java:124)
at org.testng.internal.Invoker.invokeMethod(Invoker.java:583)
at org.testng.internal.Invoker.invokeTestMethod(Invoker.java:719)
at org.testng.internal.Invoker.invokeTestMethods(Invoker.java:989)
at org.testng.internal.TestMethodWorker.invokeTestMethods(TestMethodWorker.java:125)
at org.testng.internal.TestMethodWorker.run(TestMethodWorker.java:109)
at org.testng.TestRunner.privateRun(TestRunner.java:648)
at org.testng.TestRunner.run(TestRunner.java:505)
at org.testng.SuiteRunner.runTest(SuiteRunner.java:455)
at org.testng.SuiteRunner.runSequentially(SuiteRunner.java:450)
at org.testng.SuiteRunner.privateRun(SuiteRunner.java:415)
at org.testng.SuiteRunner.run(SuiteRunner.java:364)
at org.testng.SuiteRunnerWorker.runSuite(SuiteRunnerWorker.java:52)
at org.testng.SuiteRunnerWorker.run(SuiteRunnerWorker.java:84)
at org.testng.TestNG.runSuitesSequentially(TestNG.java:1208)
at org.testng.TestNG.runSuitesLocally(TestNG.java:1137)
at org.testng.TestNG.runSuites(TestNG.java:1049)
at org.testng.TestNG.run(TestNG.java:1017)
at org.testng.remote.AbstractRemoteTestNG.run(AbstractRemoteTestNG.java:115)
at org.testng.remote.RemoteTestNG.initAndRun(RemoteTestNG.java:251)
at org.testng.remote.RemoteTestNG.main(RemoteTestNG.java:77)
]]>
    </failure>
  </testcase> <!-- execute -->
  <testcase name="execute" time="21.231" classname="automation.project3ds.testBrickHTML"/>
  <testcase name="execute" time="20.810" classname="automation.project3ds.testBrickHTML"/>
  <testcase name="execute" time="21.604" classname="automation.project3ds.testBrickHTML"/>
  <testcase name="execute" time="25.945" classname="automation.project3ds.testBrickHTML"/>
  <testcase name="execute" time="20.563" classname="automation.project3ds.testBrickHTML"/>
  <testcase name="execute" time="27.536" classname="automation.project3ds.testBrickHTML"/>
  <testcase name="execute" time="45.123" classname="automation.project3ds.testBrickHTML">
    <failure type="java.lang.AssertionError" message="The following asserts failed:
	[REFID] expected object to not be null">
      <![CDATA[java.lang.AssertionError: The following asserts failed:
[REFID] expected object to not be null
at automation.project3ds.MySoftAssertAll.assertAll(MySoftAssertAll.java:57)
at automation.project3ds.testBrickHTML.execute(testBrickHTML.java:315)
at sun.reflect.GeneratedMethodAccessor2.invoke(Unknown Source)
at sun.reflect.DelegatingMethodAccessorImpl.invoke(DelegatingMethodAccessorImpl.java:43)
at java.lang.reflect.Method.invoke(Method.java:498)
at org.testng.internal.MethodInvocationHelper.invokeMethod(MethodInvocationHelper.java:124)
at org.testng.internal.Invoker.invokeMethod(Invoker.java:583)
at org.testng.internal.Invoker.invokeTestMethod(Invoker.java:719)
at org.testng.internal.Invoker.invokeTestMethods(Invoker.java:989)
at org.testng.internal.TestMethodWorker.invokeTestMethods(TestMethodWorker.java:125)
at org.testng.internal.TestMethodWorker.run(TestMethodWorker.java:109)
at org.testng.TestRunner.privateRun(TestRunner.java:648)
at org.testng.TestRunner.run(TestRunner.java:505)
at org.testng.SuiteRunner.runTest(SuiteRunner.java:455)
at org.testng.SuiteRunner.runSequentially(SuiteRunner.java:450)
at org.testng.SuiteRunner.privateRun(SuiteRunner.java:415)
at org.testng.SuiteRunner.run(SuiteRunner.java:364)
at org.testng.SuiteRunnerWorker.runSuite(SuiteRunnerWorker.java:52)
at org.testng.SuiteRunnerWorker.run(SuiteRunnerWorker.java:84)
at org.testng.TestNG.runSuitesSequentially(TestNG.java:1208)
at org.testng.TestNG.runSuitesLocally(TestNG.java:1137)
at org.testng.TestNG.runSuites(TestNG.java:1049)
at org.testng.TestNG.run(TestNG.java:1017)
at org.testng.remote.AbstractRemoteTestNG.run(AbstractRemoteTestNG.java:115)
at org.testng.remote.RemoteTestNG.initAndRun(RemoteTestNG.java:251)
at org.testng.remote.RemoteTestNG.main(RemoteTestNG.java:77)
]]>
    </failure>
  </testcase> <!-- execute -->
  <testcase name="execute" time="22.228" classname="automation.project3ds.testBrickHTML"/>
  <testcase name="execute" time="20.857" classname="automation.project3ds.testBrickHTML"/>
  <testcase name="execute" time="22.366" classname="automation.project3ds.testBrickHTML"/>
  <testcase name="execute" time="21.529" classname="automation.project3ds.testBrickHTML"/>
  <testcase name="execute" time="26.181" classname="automation.project3ds.testBrickHTML"/>
  <testcase name="execute" time="21.625" classname="automation.project3ds.testBrickHTML"/>
  <testcase name="execute" time="20.234" classname="automation.project3ds.testBrickHTML"/>
  <testcase name="execute" time="26.230" classname="automation.project3ds.testBrickHTML"/>
  <testcase name="execute" time="21.235" classname="automation.project3ds.testBrickHTML"/>
  <testcase name="execute" time="21.544" classname="automation.project3ds.testBrickHTML"/>
  <testcase name="execute" time="21.192" classname="automation.project3ds.testBrickHTML"/>
  <testcase name="execute" time="22.177" classname="automation.project3ds.testBrickHTML"/>
  <testcase name="execute" time="21.722" classname="automation.project3ds.testBrickHTML"/>
  <testcase name="execute" time="20.994" classname="automation.project3ds.testBrickHTML"/>
  <testcase name="execute" time="20.420" classname="automation.project3ds.testBrickHTML"/>
  <testcase name="execute" time="21.597" classname="automation.project3ds.testBrickHTML"/>
  <testcase name="execute" time="20.849" classname="automation.project3ds.testBrickHTML"/>
  <testcase name="execute" time="22.194" classname="automation.project3ds.testBrickHTML"/>
</testsuite> <!-- automation.project3ds.testBrickHTML -->
