<?xml version="1.0" encoding="UTF-8"?>
<!-- Generated by org.testng.reporters.JUnitReportReporter -->
<testsuite skipped="0" hostname="PW-HAN-063" name="p2_need_whitelist_pingback.PS_molie_kbc_Test" tests="1" failures="0" timestamp="29 Nov 2019 03:52:24 GMT" time="25.524" errors="0">
  <testcase name="execute" time="25.524" classname="p2_need_whitelist_pingback.PS_molie_kbc_Test"/>
</testsuite> <!-- p2_need_whitelist_pingback.PS_molie_kbc_Test -->
