<?xml version="1.0" encoding="UTF-8"?>
<!-- Generated by org.testng.reporters.JUnitReportReporter -->
<testsuite skipped="0" hostname="PW-HAN-063" name="p2_done.PS_ppro_mybank_Test" tests="1" failures="0" timestamp="20 Dec 2019 04:54:15 GMT" time="33.336" errors="0">
  <testcase name="execute" time="33.336" classname="p2_done.PS_ppro_mybank_Test"/>
</testsuite> <!-- p2_done.PS_ppro_mybank_Test -->
