<?xml version="1.0" encoding="UTF-8"?>
<!-- Generated by org.testng.reporters.JUnitReportReporter -->
<testsuite skipped="0" hostname="DESKTOP-V097D2E" name="automation.project3ds.BrickWidget_OFF2_Test" tests="18" failures="0" timestamp="13 Aug 2019 07:29:37 GMT" time="419.432" errors="0">
  <testcase name="execute" time="22.115" classname="automation.project3ds.BrickWidget_OFF2_Test"/>
  <testcase name="execute" time="22.178" classname="automation.project3ds.BrickWidget_OFF2_Test"/>
  <testcase name="execute" time="24.452" classname="automation.project3ds.BrickWidget_OFF2_Test"/>
  <testcase name="execute" time="22.140" classname="automation.project3ds.BrickWidget_OFF2_Test"/>
  <testcase name="execute" time="22.949" classname="automation.project3ds.BrickWidget_OFF2_Test"/>
  <testcase name="execute" time="30.289" classname="automation.project3ds.BrickWidget_OFF2_Test"/>
  <testcase name="execute" time="24.074" classname="automation.project3ds.BrickWidget_OFF2_Test"/>
  <testcase name="execute" time="22.114" classname="automation.project3ds.BrickWidget_OFF2_Test"/>
  <testcase name="execute" time="24.471" classname="automation.project3ds.BrickWidget_OFF2_Test"/>
  <testcase name="execute" time="23.257" classname="automation.project3ds.BrickWidget_OFF2_Test"/>
  <testcase name="execute" time="22.171" classname="automation.project3ds.BrickWidget_OFF2_Test"/>
  <testcase name="execute" time="22.150" classname="automation.project3ds.BrickWidget_OFF2_Test"/>
  <testcase name="execute" time="23.110" classname="automation.project3ds.BrickWidget_OFF2_Test"/>
  <testcase name="execute" time="22.814" classname="automation.project3ds.BrickWidget_OFF2_Test"/>
  <testcase name="execute" time="23.479" classname="automation.project3ds.BrickWidget_OFF2_Test"/>
  <testcase name="execute" time="22.236" classname="automation.project3ds.BrickWidget_OFF2_Test"/>
  <testcase name="execute" time="22.416" classname="automation.project3ds.BrickWidget_OFF2_Test"/>
  <testcase name="execute" time="23.017" classname="automation.project3ds.BrickWidget_OFF2_Test"/>
</testsuite> <!-- automation.project3ds.BrickWidget_OFF2_Test -->
