<?xml version="1.0" encoding="UTF-8"?>
<!-- Generated by org.testng.reporters.JUnitReportReporter -->
<testsuite skipped="0" hostname="PW-HAN-063" name="logo.LogoLatestNaming" tests="1" failures="0" timestamp="19 Nov 2019 04:09:10 GMT" time="128.962" errors="0">
  <testcase name="execute" time="128.962" classname="logo.LogoLatestNaming"/>
</testsuite> <!-- logo.LogoLatestNaming -->
