<?xml version="1.0" encoding="UTF-8"?>
<!-- Generated by org.testng.reporters.JUnitReportReporter -->
<testsuite skipped="0" hostname="PW-HAN-063" name="logo.LogoLatestNaming" tests="1" failures="0" timestamp="26 Dec 2019 04:01:02 GMT" time="169.484" errors="0">
  <testcase name="execute" time="169.484" classname="logo.LogoLatestNaming"/>
</testsuite> <!-- logo.LogoLatestNaming -->
