<?xml version="1.0" encoding="UTF-8"?>
<!-- Generated by org.testng.reporters.JUnitReportReporter -->
<testsuite skipped="0" hostname="PW-HAN-063" name="threedsON.PS_gateway_fp_html_1v5_polk_ON2" tests="1" failures="0" timestamp="20 Jan 2020 05:06:12 GMT" time="27.744" errors="0">
  <testcase name="polk" time="27.744" classname="threedsON.PS_gateway_fp_html_1v5_polk_ON2"/>
</testsuite> <!-- threedsON.PS_gateway_fp_html_1v5_polk_ON2 -->
