<?xml version="1.0" encoding="UTF-8"?>
<!-- Generated by org.testng.reporters.JUnitReportReporter -->
<testsuite skipped="0" hostname="DESKTOP-V097D2E" name="automation.project3ds.GatherTestcase" tests="1" failures="0" timestamp="01 Aug 2019 07:50:04 GMT" time="61.210" errors="0">
  <testcase name="gatherData" time="61.210" classname="automation.project3ds.GatherTestcase"/>
</testsuite> <!-- automation.project3ds.GatherTestcase -->
