<?xml version="1.0" encoding="UTF-8"?>
<!-- Generated by org.testng.reporters.JUnitReportReporter -->
<testsuite skipped="0" hostname="PW-HAN-063" name="threedsON.PS_gateway_fp_html_1v6_embarcalero2_ON3" tests="1" failures="0" timestamp="20 Jan 2020 05:02:10 GMT" time="52.402" errors="0">
  <testcase name="v2" time="52.402" classname="threedsON.PS_gateway_fp_html_1v6_embarcalero2_ON3"/>
</testsuite> <!-- threedsON.PS_gateway_fp_html_1v6_embarcalero2_ON3 -->
