<?xml version="1.0" encoding="UTF-8"?>
<!-- Generated by org.testng.reporters.JUnitReportReporter -->
<testsuite skipped="0" hostname="PW-HAN-063" name="PS_ppro_epspayments_Test" tests="1" failures="0" timestamp="22 Nov 2019 07:37:27 GMT" time="32.800" errors="0">
  <testcase name="execute" time="32.800" classname="PS_ppro_epspayments_Test"/>
</testsuite> <!-- PS_ppro_epspayments_Test -->
