<?xml version="1.0" encoding="UTF-8"?>
<!-- Generated by org.testng.reporters.JUnitReportReporter -->
<testsuite skipped="0" hostname="DESKTOP-V097D2E" name="automation.project3ds.BrickURL_OFF1_Test" tests="11" failures="0" timestamp="07 Aug 2019 11:15:53 GMT" time="270.212" errors="0">
  <testcase name="execute" time="33.829" classname="automation.project3ds.BrickURL_OFF1_Test"/>
  <testcase name="execute" time="21.257" classname="automation.project3ds.BrickURL_OFF1_Test"/>
  <testcase name="execute" time="26.575" classname="automation.project3ds.BrickURL_OFF1_Test"/>
  <testcase name="execute" time="18.625" classname="automation.project3ds.BrickURL_OFF1_Test"/>
  <testcase name="execute" time="16.213" classname="automation.project3ds.BrickURL_OFF1_Test"/>
  <testcase name="execute" time="28.031" classname="automation.project3ds.BrickURL_OFF1_Test"/>
  <testcase name="execute" time="50.365" classname="automation.project3ds.BrickURL_OFF1_Test"/>
  <testcase name="execute" time="18.001" classname="automation.project3ds.BrickURL_OFF1_Test"/>
  <testcase name="execute" time="19.887" classname="automation.project3ds.BrickURL_OFF1_Test"/>
  <testcase name="execute" time="21.128" classname="automation.project3ds.BrickURL_OFF1_Test"/>
  <testcase name="execute" time="16.301" classname="automation.project3ds.BrickURL_OFF1_Test"/>
</testsuite> <!-- automation.project3ds.BrickURL_OFF1_Test -->
