<?xml version="1.0" encoding="UTF-8"?>
<!-- Generated by org.testng.reporters.JUnitReportReporter -->
<testsuite skipped="0" hostname="PW-HAN-063" name="Add_Merchant_Test" tests="1" failures="0" timestamp="05 Dec 2019 08:00:19 GMT" time="60.495" errors="0">
  <testcase name="addMerchant" time="60.495" classname="Add_Merchant_Test"/>
</testsuite> <!-- Add_Merchant_Test -->
