<?xml version="1.0" encoding="UTF-8"?>
<!-- Generated by org.testng.reporters.JUnitReportReporter -->
<testsuite skipped="0" hostname="PW-HAN-063" name="threedsON.PS_gateway_gameforge_p2_6_polk" tests="1" failures="0" timestamp="20 Jan 2020 05:02:44 GMT" time="55.638" errors="0">
  <testcase name="polk" time="55.638" classname="threedsON.PS_gateway_gameforge_p2_6_polk"/>
</testsuite> <!-- threedsON.PS_gateway_gameforge_p2_6_polk -->
