<?xml version="1.0" encoding="UTF-8"?>
<!-- Generated by org.testng.reporters.JUnitReportReporter -->
<testsuite skipped="0" hostname="PW-HAN-063" name="WidgetBrick_1v6_Test_Error" tests="2" failures="0" timestamp="23 Sep 2019 05:42:59 GMT" time="59.529" errors="0">
  <testcase name="authorizationFailed" time="39.165" classname="WidgetBrick_1v6_Test_Error"/>
  <testcase name="captureFailed" time="20.364" classname="WidgetBrick_1v6_Test_Error"/>
</testsuite> <!-- WidgetBrick_1v6_Test_Error -->
