<?xml version="1.0" encoding="UTF-8"?>
<!-- Generated by org.testng.reporters.JUnitReportReporter -->
<testsuite skipped="0" hostname="PW-HAN-063" name="PS_boletobancario_Bussiness_Test" tests="1" failures="0" timestamp="31 Oct 2019 11:05:10 GMT" time="8.112" errors="0">
  <testcase name="execute" time="8.112" classname="PS_boletobancario_Bussiness_Test"/>
</testsuite> <!-- PS_boletobancario_Bussiness_Test -->
