<?xml version="1.0" encoding="UTF-8"?>
<!-- Generated by org.testng.reporters.JUnitReportReporter -->
<testsuite skipped="0" hostname="PW-HAN-063" name="PS_sofortbanktransfer_Test" tests="1" failures="0" timestamp="01 Nov 2019 09:44:27 GMT" time="27.212" errors="0">
  <testcase name="execute" time="27.212" classname="PS_sofortbanktransfer_Test"/>
</testsuite> <!-- PS_sofortbanktransfer_Test -->
