<?xml version="1.0" encoding="UTF-8"?>
<!-- Generated by org.testng.reporters.JUnitReportReporter -->
<testsuite skipped="0" hostname="PW-HAN-063" name="threedsOFF.PS_gateway_gameforge_p2_6_polk" tests="1" failures="0" timestamp="20 Jan 2020 07:19:24 GMT" time="39.165" errors="0">
  <testcase name="polk" time="39.165" classname="threedsOFF.PS_gateway_gameforge_p2_6_polk"/>
</testsuite> <!-- threedsOFF.PS_gateway_gameforge_p2_6_polk -->
