<?xml version="1.0" encoding="UTF-8"?>
<!-- Generated by org.testng.reporters.JUnitReportReporter -->
<testsuite skipped="0" hostname="PW-HAN-063" name="PS_qiwiwallet_Test" tests="1" failures="0" timestamp="09 Jan 2020 06:09:08 GMT" time="148.405" errors="0">
  <testcase name="execute" time="148.405" classname="PS_qiwiwallet_Test"/>
</testsuite> <!-- PS_qiwiwallet_Test -->
