<?xml version="1.0" encoding="UTF-8"?>
<!-- Generated by org.testng.reporters.JUnitReportReporter -->
<testsuite skipped="0" hostname="PW-HAN-063" name="threedsOFF.PS_gateway_widget_compact_polk_OFF" tests="1" failures="0" timestamp="06 Dec 2019 08:55:07 GMT" time="46.890" errors="0">
  <testcase name="polk" time="46.890" classname="threedsOFF.PS_gateway_widget_compact_polk_OFF"/>
</testsuite> <!-- threedsOFF.PS_gateway_widget_compact_polk_OFF -->
