<?xml version="1.0" encoding="UTF-8"?>
<!-- Generated by org.testng.reporters.JUnitReportReporter -->
<testsuite skipped="0" hostname="DESKTOP-V097D2E" name="WidgetBrick_1v6_Test_tab_mobilegateway_Mobiamo" tests="1" failures="0" timestamp="26 Aug 2019 06:04:06 GMT" time="11.590" errors="0">
  <testcase name="term" time="11.590" classname="WidgetBrick_1v6_Test_tab_mobilegateway_Mobiamo"/>
</testsuite> <!-- WidgetBrick_1v6_Test_tab_mobilegateway_Mobiamo -->
