<?xml version="1.0" encoding="UTF-8"?>
<!-- Generated by org.testng.reporters.JUnitReportReporter -->
<testsuite skipped="0" hostname="PW-HAN-063" name="PS_ccbrazilhipercard_Test_3dsON" tests="1" failures="0" timestamp="17 Oct 2019 08:41:54 GMT" time="56.289" errors="0">
  <testcase name="execute" time="56.289" classname="PS_ccbrazilhipercard_Test_3dsON"/>
</testsuite> <!-- PS_ccbrazilhipercard_Test_3dsON -->
