<?xml version="1.0" encoding="UTF-8"?>
<!-- Generated by org.testng.reporters.JUnitReportReporter -->
<testsuite skipped="0" hostname="PW-HAN-063" name="threedsON.PS_gateway_fp_html_1v5_polk_ON2" tests="1" failures="0" timestamp="02 Dec 2019 07:46:57 GMT" time="33.140" errors="0">
  <testcase name="polk" time="33.140" classname="threedsON.PS_gateway_fp_html_1v5_polk_ON2"/>
</testsuite> <!-- threedsON.PS_gateway_fp_html_1v5_polk_ON2 -->
