<?xml version="1.0" encoding="UTF-8"?>
<!-- Generated by org.testng.reporters.JUnitReportReporter -->
<testsuite skipped="0" hostname="PW-HAN-063" name="PS_astropay_banamexmexico_Test" tests="1" failures="0" timestamp="12 Dec 2019 12:13:58 GMT" time="19.649" errors="0">
  <testcase name="execute" time="19.649" classname="PS_astropay_banamexmexico_Test"/>
</testsuite> <!-- PS_astropay_banamexmexico_Test -->
