<?xml version="1.0" encoding="UTF-8"?>
<!-- Generated by org.testng.reporters.JUnitReportReporter -->
<testsuite skipped="0" hostname="PW-HAN-063" name="threedsON.PS_gateway_widget_old_embarcalero2_ON" tests="1" failures="0" timestamp="02 Dec 2019 07:28:38 GMT" time="52.179" errors="0">
  <testcase name="v2" time="52.179" classname="threedsON.PS_gateway_widget_old_embarcalero2_ON"/>
</testsuite> <!-- threedsON.PS_gateway_widget_old_embarcalero2_ON -->
