<?xml version="1.0" encoding="UTF-8"?>
<!-- Generated by org.testng.reporters.JUnitReportReporter -->
<testsuite skipped="0" hostname="DESKTOP-V097D2E" name="automation.project3ds.BrickWidget_Polk_Test" tests="1" failures="0" timestamp="07 Aug 2019 09:36:43 GMT" time="41.506" errors="0">
  <testcase name="execute" time="41.506" classname="automation.project3ds.BrickWidget_Polk_Test"/>
</testsuite> <!-- automation.project3ds.BrickWidget_Polk_Test -->
