<?xml version="1.0" encoding="UTF-8"?>
<!-- Generated by org.testng.reporters.JUnitReportReporter -->
<testsuite skipped="0" hostname="PW-HAN-063" name="PS_mybank_Test" tests="1" failures="0" timestamp="01 Nov 2019 11:27:20 GMT" time="27.829" errors="0">
  <testcase name="execute" time="27.829" classname="PS_mybank_Test"/>
</testsuite> <!-- PS_mybank_Test -->
