<?xml version="1.0" encoding="UTF-8"?>
<!-- Generated by org.testng.reporters.JUnitReportReporter -->
<testsuite skipped="0" hostname="PW-HAN-063" name="WidgetBrick_1v6_Test_ValidateCardNumber" tests="6" failures="0" timestamp="04 Sep 2019 11:38:54 GMT" time="66.240" errors="0">
  <testcase name="masterCard" time="10.753" classname="WidgetBrick_1v6_Test_ValidateCardNumber"/>
  <testcase name="amexCard" time="14.764" classname="WidgetBrick_1v6_Test_ValidateCardNumber"/>
  <testcase name="visaCard" time="10.042" classname="WidgetBrick_1v6_Test_ValidateCardNumber"/>
  <testcase name="unsupportedBrand" time="10.288" classname="WidgetBrick_1v6_Test_ValidateCardNumber"/>
  <testcase name="invalidValue" time="10.408" classname="WidgetBrick_1v6_Test_ValidateCardNumber"/>
  <testcase name="supportedBrandButInvalidValue" time="9.985" classname="WidgetBrick_1v6_Test_ValidateCardNumber"/>
</testsuite> <!-- WidgetBrick_1v6_Test_ValidateCardNumber -->
