<?xml version="1.0" encoding="UTF-8"?>
<!-- Generated by org.testng.reporters.JUnitReportReporter -->
<testsuite skipped="0" hostname="PW-HAN-063" name="threedsON.PS_gateway_widget_compact_embarcalero1_ON" tests="1" failures="0" timestamp="20 Jan 2020 05:17:53 GMT" time="73.672" errors="0">
  <testcase name="v1" time="73.672" classname="threedsON.PS_gateway_widget_compact_embarcalero1_ON"/>
</testsuite> <!-- threedsON.PS_gateway_widget_compact_embarcalero1_ON -->
