<?xml version="1.0" encoding="UTF-8"?>
<!-- Generated by org.testng.reporters.JUnitReportReporter -->
<testsuite skipped="0" hostname="PW-HAN-063" name="PS_ppro_idealpayments_Test" tests="1" failures="0" timestamp="25 Nov 2019 08:56:11 GMT" time="29.211" errors="0">
  <testcase name="execute" time="29.211" classname="PS_ppro_idealpayments_Test"/>
</testsuite> <!-- PS_ppro_idealpayments_Test -->
