<?xml version="1.0" encoding="UTF-8"?>
<!-- Generated by org.testng.reporters.JUnitReportReporter -->
<testsuite skipped="0" hostname="PW-HAN-063" name="PS_boletobr_Personal_Test" tests="1" failures="0" timestamp="21 Nov 2019 11:50:33 GMT" time="23.738" errors="0">
  <testcase name="execute" time="23.738" classname="PS_boletobr_Personal_Test"/>
</testsuite> <!-- PS_boletobr_Personal_Test -->
