<?xml version="1.0" encoding="UTF-8"?>
<!-- Generated by org.testng.reporters.JUnitReportReporter -->
<testsuite skipped="0" hostname="PW-HAN-063" name="threedsON.PS_gateway_corel_p2_3_polk" tests="1" failures="0" timestamp="02 Dec 2019 08:13:48 GMT" time="54.415" errors="0">
  <testcase name="polk" time="54.415" classname="threedsON.PS_gateway_corel_p2_3_polk"/>
</testsuite> <!-- threedsON.PS_gateway_corel_p2_3_polk -->
