<?xml version="1.0" encoding="UTF-8"?>
<!-- Generated by org.testng.reporters.JUnitReportReporter -->
<testsuite skipped="0" hostname="DESKTOP-V097D2E" name="automation.project3ds.BrickURL_ON1_Test" tests="11" failures="0" timestamp="07 Aug 2019 11:31:16 GMT" time="304.857" errors="0">
  <testcase name="execute" time="29.858" classname="automation.project3ds.BrickURL_ON1_Test"/>
  <testcase name="execute" time="16.685" classname="automation.project3ds.BrickURL_ON1_Test"/>
  <testcase name="execute" time="21.977" classname="automation.project3ds.BrickURL_ON1_Test"/>
  <testcase name="execute" time="29.271" classname="automation.project3ds.BrickURL_ON1_Test"/>
  <testcase name="execute" time="32.343" classname="automation.project3ds.BrickURL_ON1_Test"/>
  <testcase name="execute" time="17.938" classname="automation.project3ds.BrickURL_ON1_Test"/>
  <testcase name="execute" time="23.077" classname="automation.project3ds.BrickURL_ON1_Test"/>
  <testcase name="execute" time="51.877" classname="automation.project3ds.BrickURL_ON1_Test"/>
  <testcase name="execute" time="19.796" classname="automation.project3ds.BrickURL_ON1_Test"/>
  <testcase name="execute" time="34.325" classname="automation.project3ds.BrickURL_ON1_Test"/>
  <testcase name="execute" time="27.710" classname="automation.project3ds.BrickURL_ON1_Test"/>
</testsuite> <!-- automation.project3ds.BrickURL_ON1_Test -->
