<?xml version="1.0" encoding="UTF-8"?>
<!-- Generated by org.testng.reporters.JUnitReportReporter -->
<testsuite skipped="0" hostname="PW-HAN-063" name="threedsOFF.PS_gateway_widget_embarcalero2_OFF" tests="1" failures="0" timestamp="25 Nov 2019 04:48:51 GMT" time="40.113" errors="0">
  <testcase name="v2" time="40.113" classname="threedsOFF.PS_gateway_widget_embarcalero2_OFF"/>
</testsuite> <!-- threedsOFF.PS_gateway_widget_embarcalero2_OFF -->
