<?xml version="1.0" encoding="UTF-8"?>
<!-- Generated by org.testng.reporters.JUnitReportReporter -->
<testsuite skipped="0" hostname="PW-HAN-063" name="threedsOFF.PS_ccbrazil_compact_widget_Test_3dsOFF" tests="1" failures="0" timestamp="02 Dec 2019 07:17:19 GMT" time="34.353" errors="0">
  <testcase name="execute" time="34.353" classname="threedsOFF.PS_ccbrazil_compact_widget_Test_3dsOFF"/>
</testsuite> <!-- threedsOFF.PS_ccbrazil_compact_widget_Test_3dsOFF -->
