<?xml version="1.0" encoding="UTF-8"?>
<!-- Generated by org.testng.reporters.JUnitReportReporter -->
<testsuite skipped="0" hostname="DESKTOP-V097D2E" name="automation.project3ds.BrickHTML_Card1_ON_Test" tests="11" failures="0" timestamp="07 Aug 2019 10:45:59 GMT" time="317.966" errors="0">
  <testcase name="execute" time="30.552" classname="automation.project3ds.BrickHTML_Card1_ON_Test"/>
  <testcase name="execute" time="68.005" classname="automation.project3ds.BrickHTML_Card1_ON_Test"/>
  <testcase name="execute" time="30.912" classname="automation.project3ds.BrickHTML_Card1_ON_Test"/>
  <testcase name="execute" time="29.215" classname="automation.project3ds.BrickHTML_Card1_ON_Test"/>
  <testcase name="execute" time="23.447" classname="automation.project3ds.BrickHTML_Card1_ON_Test"/>
  <testcase name="execute" time="22.564" classname="automation.project3ds.BrickHTML_Card1_ON_Test"/>
  <testcase name="execute" time="16.952" classname="automation.project3ds.BrickHTML_Card1_ON_Test"/>
  <testcase name="execute" time="22.175" classname="automation.project3ds.BrickHTML_Card1_ON_Test"/>
  <testcase name="execute" time="27.316" classname="automation.project3ds.BrickHTML_Card1_ON_Test"/>
  <testcase name="execute" time="16.171" classname="automation.project3ds.BrickHTML_Card1_ON_Test"/>
  <testcase name="execute" time="30.657" classname="automation.project3ds.BrickHTML_Card1_ON_Test"/>
</testsuite> <!-- automation.project3ds.BrickHTML_Card1_ON_Test -->
