<?xml version="1.0" encoding="UTF-8"?>
<!-- Generated by org.testng.reporters.JUnitReportReporter -->
<testsuite skipped="0" hostname="PW-HAN-063" name="PS_payvalida_btperu" tests="1" failures="0" timestamp="20 Jan 2020 08:37:12 GMT" time="33.552" errors="0">
  <testcase name="execute" time="33.552" classname="PS_payvalida_btperu"/>
</testsuite> <!-- PS_payvalida_btperu -->
