<?xml version="1.0" encoding="UTF-8"?>
<!-- Generated by org.testng.reporters.JUnitReportReporter -->
<testsuite skipped="0" hostname="DESKTOP-V097D2E" name="automation.project3ds.aSample" tests="1" failures="0" timestamp="19 Aug 2019 06:01:50 GMT" time="0.475" errors="0">
  <testcase name="listRunningProcesses" time="0.475" classname="automation.project3ds.aSample"/>
</testsuite> <!-- automation.project3ds.aSample -->
