<?xml version="1.0" encoding="UTF-8"?>
<!-- Generated by org.testng.reporters.JUnitReportReporter -->
<testsuite skipped="0" hostname="PW-HAN-063" name="logo.Logo" tests="1" failures="0" timestamp="17 Oct 2019 04:31:47 GMT" time="107.990" errors="0">
  <testcase name="buildLogoReport" time="107.990" classname="logo.Logo"/>
</testsuite> <!-- logo.Logo -->
