<?xml version="1.0" encoding="UTF-8"?>
<!-- Generated by org.testng.reporters.JUnitReportReporter -->
<testsuite skipped="0" hostname="DESKTOP-V097D2E" name="automation.project3ds.BrickWidget_OFF2_Test" tests="18" failures="0" timestamp="08 Aug 2019 12:59:45 GMT" time="451.851" errors="0">
  <testcase name="execute" time="23.944" classname="automation.project3ds.BrickWidget_OFF2_Test"/>
  <testcase name="execute" time="21.890" classname="automation.project3ds.BrickWidget_OFF2_Test"/>
  <testcase name="execute" time="22.231" classname="automation.project3ds.BrickWidget_OFF2_Test"/>
  <testcase name="execute" time="27.748" classname="automation.project3ds.BrickWidget_OFF2_Test"/>
  <testcase name="execute" time="23.190" classname="automation.project3ds.BrickWidget_OFF2_Test"/>
  <testcase name="execute" time="21.906" classname="automation.project3ds.BrickWidget_OFF2_Test"/>
  <testcase name="execute" time="22.539" classname="automation.project3ds.BrickWidget_OFF2_Test"/>
  <testcase name="execute" time="24.316" classname="automation.project3ds.BrickWidget_OFF2_Test"/>
  <testcase name="execute" time="26.776" classname="automation.project3ds.BrickWidget_OFF2_Test"/>
  <testcase name="execute" time="26.268" classname="automation.project3ds.BrickWidget_OFF2_Test"/>
  <testcase name="execute" time="22.186" classname="automation.project3ds.BrickWidget_OFF2_Test"/>
  <testcase name="execute" time="22.033" classname="automation.project3ds.BrickWidget_OFF2_Test"/>
  <testcase name="execute" time="24.892" classname="automation.project3ds.BrickWidget_OFF2_Test"/>
  <testcase name="execute" time="52.004" classname="automation.project3ds.BrickWidget_OFF2_Test"/>
  <testcase name="execute" time="22.472" classname="automation.project3ds.BrickWidget_OFF2_Test"/>
  <testcase name="execute" time="22.736" classname="automation.project3ds.BrickWidget_OFF2_Test"/>
  <testcase name="execute" time="22.547" classname="automation.project3ds.BrickWidget_OFF2_Test"/>
  <testcase name="execute" time="22.173" classname="automation.project3ds.BrickWidget_OFF2_Test"/>
</testsuite> <!-- automation.project3ds.BrickWidget_OFF2_Test -->
