<?xml version="1.0" encoding="UTF-8"?>
<!-- Generated by org.testng.reporters.JUnitReportReporter -->
<testsuite skipped="0" hostname="PW-HAN-063" name="Logo" tests="1" failures="0" timestamp="16 Sep 2019 04:13:41 GMT" time="64.312" errors="0">
  <testcase name="buildLogoReport" time="64.312" classname="Logo"/>
</testsuite> <!-- Logo -->
