<?xml version="1.0" encoding="UTF-8"?>
<!-- Generated by org.testng.reporters.JUnitReportReporter -->
<testsuite skipped="0" hostname="PW-HAN-063" name="PS_ebanx_itaubrazil_Test" tests="1" failures="0" timestamp="18 Nov 2019 11:15:46 GMT" time="26.801" errors="0">
  <testcase name="execute" time="26.801" classname="PS_ebanx_itaubrazil_Test"/>
</testsuite> <!-- PS_ebanx_itaubrazil_Test -->
