<?xml version="1.0" encoding="UTF-8"?>
<!-- Generated by org.testng.reporters.JUnitReportReporter -->
<testsuite skipped="0" hostname="PW-HAN-063" name="threedsON.PS_gateway_fp_custom_1v5_polk_ON2" tests="1" failures="0" timestamp="02 Dec 2019 07:47:28 GMT" time="21.742" errors="0">
  <testcase name="polk" time="21.742" classname="threedsON.PS_gateway_fp_custom_1v5_polk_ON2"/>
</testsuite> <!-- threedsON.PS_gateway_fp_custom_1v5_polk_ON2 -->
