<?xml version="1.0" encoding="UTF-8"?>
<!-- Generated by org.testng.reporters.JUnitReportReporter -->
<testsuite skipped="0" hostname="PW-HAN-063" name="threedsOFF.PS_gateway_gameforge_p2_6_embarcadero2" tests="1" failures="0" timestamp="03 Jan 2020 11:43:50 GMT" time="28.577" errors="0">
  <testcase name="v2" time="28.577" classname="threedsOFF.PS_gateway_gameforge_p2_6_embarcadero2"/>
</testsuite> <!-- threedsOFF.PS_gateway_gameforge_p2_6_embarcadero2 -->
