<?xml version="1.0" encoding="UTF-8"?>
<!-- Generated by org.testng.reporters.JUnitReportReporter -->
<testsuite skipped="0" hostname="PW-HAN-063" name="PS_Giropay_Test" tests="1" failures="0" timestamp="01 Nov 2019 08:51:20 GMT" time="35.258" errors="0">
  <testcase name="execute" time="35.258" classname="PS_Giropay_Test"/>
</testsuite> <!-- PS_Giropay_Test -->
