<?xml version="1.0" encoding="UTF-8"?>
<!-- Generated by org.testng.reporters.JUnitReportReporter -->
<testsuite skipped="0" hostname="PW-HAN-063" name="p2_done.PS_ppro_btfinland_Test" tests="1" failures="0" timestamp="26 Nov 2019 03:56:30 GMT" time="29.024" errors="0">
  <testcase name="execute" time="29.024" classname="p2_done.PS_ppro_btfinland_Test"/>
</testsuite> <!-- p2_done.PS_ppro_btfinland_Test -->
