<?xml version="1.0" encoding="UTF-8"?>
<!-- Generated by org.testng.reporters.JUnitReportReporter -->
<testsuite skipped="0" hostname="PW-HAN-063" name="PS_Giropay_Test" tests="1" failures="0" timestamp="07 Nov 2019 08:51:01 GMT" time="52.805" errors="0">
  <testcase name="execute" time="52.805" classname="PS_Giropay_Test"/>
</testsuite> <!-- PS_Giropay_Test -->
