<?xml version="1.0" encoding="UTF-8"?>
<!-- Generated by org.testng.reporters.JUnitReportReporter -->
<testsuite skipped="0" hostname="DESKTOP-V097D2E" name="automation.project3ds.testBrickURL" tests="1" failures="0" timestamp="18 Jul 2019 08:35:36 GMT" time="37.084" errors="0">
  <testcase name="execute" time="37.084" classname="automation.project3ds.testBrickURL"/>
</testsuite> <!-- automation.project3ds.testBrickURL -->
