<?xml version="1.0" encoding="UTF-8"?>
<!-- Generated by org.testng.reporters.JUnitReportReporter -->
<testsuite skipped="0" hostname="PW-HAN-063" name="threedsON.PS_gateway_widget_compact_polk_ON" tests="1" failures="0" timestamp="20 Jan 2020 05:28:48 GMT" time="61.189" errors="0">
  <testcase name="polk" time="61.189" classname="threedsON.PS_gateway_widget_compact_polk_ON"/>
</testsuite> <!-- threedsON.PS_gateway_widget_compact_polk_ON -->
