<?xml version="1.0" encoding="UTF-8"?>
<!-- Generated by org.testng.reporters.JUnitReportReporter -->
<testsuite skipped="0" hostname="PW-HAN-063" name="threedsOFF.PS_gateway_corel_p2_3_polk" tests="1" failures="0" timestamp="02 Dec 2019 08:45:29 GMT" time="45.738" errors="0">
  <testcase name="polk" time="45.738" classname="threedsOFF.PS_gateway_corel_p2_3_polk"/>
</testsuite> <!-- threedsOFF.PS_gateway_corel_p2_3_polk -->
