<?xml version="1.0" encoding="UTF-8"?>
<!-- Generated by org.testng.reporters.JUnitReportReporter -->
<testsuite skipped="0" hostname="PW-HAN-063" name="threedsOFF.PS_ccbrazilhipercard_old_widget_Test_3dsOFF" tests="1" failures="0" timestamp="03 Jan 2020 08:11:59 GMT" time="48.510" errors="0">
  <testcase name="execute" time="48.510" classname="threedsOFF.PS_ccbrazilhipercard_old_widget_Test_3dsOFF"/>
</testsuite> <!-- threedsOFF.PS_ccbrazilhipercard_old_widget_Test_3dsOFF -->
