<?xml version="1.0" encoding="UTF-8"?>
<!-- Generated by org.testng.reporters.JUnitReportReporter -->
<testsuite skipped="0" hostname="PW-HAN-063" name="threedsON.PS_gateway_html_embarcalero1_ON" tests="1" failures="0" timestamp="12 Nov 2019 10:48:36 GMT" time="51.039" errors="0">
  <testcase name="v1" time="51.039" classname="threedsON.PS_gateway_html_embarcalero1_ON"/>
</testsuite> <!-- threedsON.PS_gateway_html_embarcalero1_ON -->
