<?xml version="1.0" encoding="UTF-8"?>
<!-- Generated by org.testng.reporters.JUnitReportReporter -->
<testsuite skipped="0" hostname="PW-HAN-063" name="PS_btpoland_Test" tests="1" failures="0" timestamp="23 Dec 2019 05:25:59 GMT" time="22.318" errors="0">
  <testcase name="execute" time="22.318" classname="PS_btpoland_Test"/>
</testsuite> <!-- PS_btpoland_Test -->
