<?xml version="1.0" encoding="UTF-8"?>
<!-- Generated by org.testng.reporters.JUnitReportReporter -->
<testsuite skipped="0" hostname="PW-HAN-063" name="threedsOFF.PS_ccbrazil_Test_3dsOFF" tests="1" failures="0" timestamp="25 Oct 2019 11:19:41 GMT" time="65.660" errors="0">
  <testcase name="execute" time="65.660" classname="threedsOFF.PS_ccbrazil_Test_3dsOFF"/>
</testsuite> <!-- threedsOFF.PS_ccbrazil_Test_3dsOFF -->
