<?xml version="1.0" encoding="UTF-8"?>
<!-- Generated by org.testng.reporters.JUnitReportReporter -->
<testsuite skipped="0" hostname="PW-HAN-063" name="threedsOFF.PS_gateway_html_1v5_embarcalero2_ON" tests="1" failures="0" timestamp="20 Jan 2020 07:18:31 GMT" time="35.746" errors="0">
  <testcase name="v2" time="35.746" classname="threedsOFF.PS_gateway_html_1v5_embarcalero2_ON"/>
</testsuite> <!-- threedsOFF.PS_gateway_html_1v5_embarcalero2_ON -->
