<?xml version="1.0" encoding="UTF-8"?>
<!-- Generated by org.testng.reporters.JUnitReportReporter -->
<testsuite skipped="0" hostname="PW-HAN-063" name="threedsON.PS_gateway_fp_custom_polk_ON2" tests="1" failures="0" timestamp="08 Nov 2019 08:52:30 GMT" time="21.869" errors="0">
  <testcase name="polk" time="21.869" classname="threedsON.PS_gateway_fp_custom_polk_ON2"/>
</testsuite> <!-- threedsON.PS_gateway_fp_custom_polk_ON2 -->
