<?xml version="1.0" encoding="UTF-8"?>
<!-- Generated by org.testng.reporters.JUnitReportReporter -->
<testsuite skipped="0" hostname="DESKTOP-V097D2E" name="additional.GetDataId" tests="1" failures="0" timestamp="27 Aug 2019 06:19:18 GMT" time="448.804" errors="0">
  <testcase name="saveScreenshot" time="448.804" classname="additional.GetDataId"/>
</testsuite> <!-- additional.GetDataId -->
