<?xml version="1.0" encoding="UTF-8"?>
<!-- Generated by org.testng.reporters.JUnitReportReporter -->
<testsuite skipped="0" hostname="PW-HAN-063" name="RemoveRiskSetting" tests="1" failures="0" timestamp="19 Dec 2019 04:51:29 GMT" time="49.347" errors="0">
  <testcase name="riskRemove" time="49.347" classname="RemoveRiskSetting"/>
</testsuite> <!-- RemoveRiskSetting -->
