<?xml version="1.0" encoding="UTF-8"?>
<!-- Generated by org.testng.reporters.JUnitReportReporter -->
<testsuite skipped="0" hostname="PW-HAN-063" name="PS_vtc_CreditCard_Test" tests="1" failures="0" timestamp="25 Nov 2019 10:40:42 GMT" time="45.755" errors="0">
  <testcase name="execute" time="45.755" classname="PS_vtc_CreditCard_Test"/>
</testsuite> <!-- PS_vtc_CreditCard_Test -->
