<?xml version="1.0" encoding="UTF-8"?>
<!-- Generated by org.testng.reporters.JUnitReportReporter -->
<testsuite skipped="0" hostname="PW-HAN-063" name="threedsOFF.PS_gateway_html_1v5_polk_ON" tests="1" failures="0" timestamp="02 Dec 2019 06:00:19 GMT" time="38.602" errors="0">
  <testcase name="polk" time="38.602" classname="threedsOFF.PS_gateway_html_1v5_polk_ON"/>
</testsuite> <!-- threedsOFF.PS_gateway_html_1v5_polk_ON -->
