<?xml version="1.0" encoding="UTF-8"?>
<!-- Generated by org.testng.reporters.JUnitReportReporter -->
<testsuite skipped="0" hostname="PW-HAN-063" name="threedsON.PS_gateway_custom_1v5_embarcalero2_ON" tests="1" failures="0" timestamp="20 Jan 2020 04:57:39 GMT" time="47.237" errors="0">
  <testcase name="v2" time="47.237" classname="threedsON.PS_gateway_custom_1v5_embarcalero2_ON"/>
</testsuite> <!-- threedsON.PS_gateway_custom_1v5_embarcalero2_ON -->
