<?xml version="1.0" encoding="UTF-8"?>
<!-- Generated by org.testng.reporters.JUnitReportReporter -->
<testsuite skipped="0" hostname="PW-HAN-063" name="PS_paypal_Test" tests="1" failures="0" timestamp="25 Dec 2019 04:46:27 GMT" time="64.711" errors="0">
  <testcase name="execute" time="64.711" classname="PS_paypal_Test"/>
</testsuite> <!-- PS_paypal_Test -->
