<?xml version="1.0" encoding="UTF-8"?>
<!-- Generated by org.testng.reporters.JUnitReportReporter -->
<testsuite skipped="0" hostname="PW-HAN-063" name="threedsOFF.PS_gateway_html_1v6_polk_ON" tests="1" failures="0" timestamp="20 Jan 2020 07:21:53 GMT" time="84.770" errors="0">
  <testcase name="polk" time="84.770" classname="threedsOFF.PS_gateway_html_1v6_polk_ON"/>
</testsuite> <!-- threedsOFF.PS_gateway_html_1v6_polk_ON -->
