<?xml version="1.0" encoding="UTF-8"?>
<!-- Generated by org.testng.reporters.JUnitReportReporter -->
<testsuite skipped="0" hostname="PW-HAN-063" name="threedsON.PS_gateway_compact_widget_embarcalero2_ON" tests="1" failures="0" timestamp="22 Nov 2019 09:55:49 GMT" time="81.464" errors="0">
  <testcase name="v2" time="81.464" classname="threedsON.PS_gateway_compact_widget_embarcalero2_ON"/>
</testsuite> <!-- threedsON.PS_gateway_compact_widget_embarcalero2_ON -->
