<?xml version="1.0" encoding="UTF-8"?>
<!-- Generated by org.testng.reporters.JUnitReportReporter -->
<testsuite skipped="0" hostname="PW-HAN-063" name="PS_ebanx_banrisulbrazil_Test" tests="1" failures="0" timestamp="21 Nov 2019 11:53:39 GMT" time="21.450" errors="0">
  <testcase name="execute" time="21.450" classname="PS_ebanx_banrisulbrazil_Test"/>
</testsuite> <!-- PS_ebanx_banrisulbrazil_Test -->
