<?xml version="1.0" encoding="UTF-8"?>
<!-- Generated by org.testng.reporters.JUnitReportReporter -->
<testsuite skipped="0" hostname="PW-HAN-063" name="threedsON.PS_gateway_old_widget_embarcalero2_ON" tests="1" failures="0" timestamp="14 Nov 2019 05:14:31 GMT" time="40.751" errors="0">
  <testcase name="v2" time="40.751" classname="threedsON.PS_gateway_old_widget_embarcalero2_ON"/>
</testsuite> <!-- threedsON.PS_gateway_old_widget_embarcalero2_ON -->
