<?xml version="1.0" encoding="UTF-8"?>
<!-- Generated by org.testng.reporters.JUnitReportReporter -->
<testsuite skipped="0" hostname="PW-HAN-063" name="threedsOFF.PS_gateway_widget_brick_1v6_widget_polk_OFF" tests="1" failures="0" timestamp="20 Jan 2020 07:31:57 GMT" time="79.902" errors="0">
  <testcase name="polk" time="79.902" classname="threedsOFF.PS_gateway_widget_brick_1v6_widget_polk_OFF"/>
</testsuite> <!-- threedsOFF.PS_gateway_widget_brick_1v6_widget_polk_OFF -->
