<?xml version="1.0" encoding="UTF-8"?>
<!-- Generated by org.testng.reporters.JUnitReportReporter -->
<testsuite skipped="0" hostname="PW-HAN-063" name="PS_gameon_Test" tests="1" failures="0" timestamp="20 Dec 2019 08:28:20 GMT" time="26.034" errors="0">
  <testcase name="execute" time="26.034" classname="PS_gameon_Test"/>
</testsuite> <!-- PS_gameon_Test -->
