<?xml version="1.0" encoding="UTF-8"?>
<!-- Generated by org.testng.reporters.JUnitReportReporter -->
<testsuite skipped="0" hostname="PW-HAN-063" name="PS_vtcpay_CreditCard_Test" tests="1" failures="0" timestamp="25 Oct 2019 07:50:04 GMT" time="30.998" errors="0">
  <testcase name="execute" time="30.998" classname="PS_vtcpay_CreditCard_Test"/>
</testsuite> <!-- PS_vtcpay_CreditCard_Test -->
