<?xml version="1.0" encoding="UTF-8"?>
<!-- Generated by org.testng.reporters.JUnitReportReporter -->
<testsuite skipped="0" hostname="PW-HAN-063" name="PS_dollargeneral_Test" tests="1" failures="0" timestamp="13 Dec 2019 05:17:14 GMT" time="20.426" errors="0">
  <testcase name="execute" time="20.426" classname="PS_dollargeneral_Test"/>
</testsuite> <!-- PS_dollargeneral_Test -->
