<?xml version="1.0" encoding="UTF-8"?>
<!-- Generated by org.testng.reporters.JUnitReportReporter -->
<testsuite skipped="0" hostname="DESKTOP-V097D2E" name="WidgetBrick_1v6_Test_tab_boletobancario_Boleto" tests="2" failures="0" timestamp="26 Aug 2019 04:52:00 GMT" time="44.979" errors="0">
  <testcase name="paymentPersonalSuccess" time="20.560" classname="WidgetBrick_1v6_Test_tab_boletobancario_Boleto"/>
  <testcase name="paymentBussinessSuccess" time="24.419" classname="WidgetBrick_1v6_Test_tab_boletobancario_Boleto"/>
</testsuite> <!-- WidgetBrick_1v6_Test_tab_boletobancario_Boleto -->
