<?xml version="1.0" encoding="UTF-8"?>
<!-- Generated by org.testng.reporters.JUnitReportReporter -->
<testsuite skipped="0" hostname="PW-HAN-063" name="threedsOFF.PS_gateway_custom_1v5_embarcalero1_OFF" tests="1" failures="0" timestamp="20 Jan 2020 06:20:30 GMT" time="36.287" errors="0">
  <testcase name="v1" time="36.287" classname="threedsOFF.PS_gateway_custom_1v5_embarcalero1_OFF"/>
</testsuite> <!-- threedsOFF.PS_gateway_custom_1v5_embarcalero1_OFF -->
