<?xml version="1.0" encoding="UTF-8"?>
<!-- Generated by org.testng.reporters.JUnitReportReporter -->
<testsuite skipped="0" hostname="PW-HAN-063" name="PS_giropay_Test" tests="1" failures="0" timestamp="25 Nov 2019 12:20:15 GMT" time="41.265" errors="0">
  <testcase name="execute" time="41.265" classname="PS_giropay_Test"/>
</testsuite> <!-- PS_giropay_Test -->
