<?xml version="1.0" encoding="UTF-8"?>
<!-- Generated by org.testng.reporters.JUnitReportReporter -->
<testsuite skipped="0" hostname="PW-HAN-063" name="automation.project3ds.oldTest.BrickURL_OFF2_Test" tests="18" failures="0" timestamp="19 Sep 2019 09:26:11 GMT" time="521.212" errors="0">
  <testcase name="execute" time="25.006" classname="automation.project3ds.oldTest.BrickURL_OFF2_Test"/>
  <testcase name="execute" time="27.672" classname="automation.project3ds.oldTest.BrickURL_OFF2_Test"/>
  <testcase name="execute" time="31.242" classname="automation.project3ds.oldTest.BrickURL_OFF2_Test"/>
  <testcase name="execute" time="26.611" classname="automation.project3ds.oldTest.BrickURL_OFF2_Test"/>
  <testcase name="execute" time="28.004" classname="automation.project3ds.oldTest.BrickURL_OFF2_Test"/>
  <testcase name="execute" time="30.650" classname="automation.project3ds.oldTest.BrickURL_OFF2_Test"/>
  <testcase name="execute" time="24.176" classname="automation.project3ds.oldTest.BrickURL_OFF2_Test"/>
  <testcase name="execute" time="30.582" classname="automation.project3ds.oldTest.BrickURL_OFF2_Test"/>
  <testcase name="execute" time="31.243" classname="automation.project3ds.oldTest.BrickURL_OFF2_Test"/>
  <testcase name="execute" time="23.441" classname="automation.project3ds.oldTest.BrickURL_OFF2_Test"/>
  <testcase name="execute" time="24.183" classname="automation.project3ds.oldTest.BrickURL_OFF2_Test"/>
  <testcase name="execute" time="26.214" classname="automation.project3ds.oldTest.BrickURL_OFF2_Test"/>
  <testcase name="execute" time="23.059" classname="automation.project3ds.oldTest.BrickURL_OFF2_Test"/>
  <testcase name="execute" time="23.486" classname="automation.project3ds.oldTest.BrickURL_OFF2_Test"/>
  <testcase name="execute" time="21.876" classname="automation.project3ds.oldTest.BrickURL_OFF2_Test"/>
  <testcase name="execute" time="63.122" classname="automation.project3ds.oldTest.BrickURL_OFF2_Test"/>
  <testcase name="execute" time="29.712" classname="automation.project3ds.oldTest.BrickURL_OFF2_Test"/>
  <testcase name="execute" time="30.933" classname="automation.project3ds.oldTest.BrickURL_OFF2_Test"/>
</testsuite> <!-- automation.project3ds.oldTest.BrickURL_OFF2_Test -->
