<?xml version="1.0" encoding="UTF-8"?>
<!-- Generated by org.testng.reporters.JUnitReportReporter -->
<testsuite skipped="0" hostname="PW-HAN-063" name="PS_yamoney_Test" tests="1" failures="0" timestamp="27 Dec 2019 04:07:48 GMT" time="84.109" errors="0">
  <testcase name="execute" time="84.109" classname="PS_yamoney_Test"/>
</testsuite> <!-- PS_yamoney_Test -->
