<?xml version="1.0" encoding="UTF-8"?>
<!-- Generated by org.testng.reporters.JUnitReportReporter -->
<testsuite skipped="0" hostname="PW-HAN-063" name="threedsOFF.PS_gateway_widget_brick_1v5_embarcadero2_OFF" tests="1" failures="0" timestamp="03 Jan 2020 11:55:27 GMT" time="38.236" errors="0">
  <testcase name="v2" time="38.236" classname="threedsOFF.PS_gateway_widget_brick_1v5_embarcadero2_OFF"/>
</testsuite> <!-- threedsOFF.PS_gateway_widget_brick_1v5_embarcadero2_OFF -->
