<?xml version="1.0" encoding="UTF-8"?>
<!-- Generated by org.testng.reporters.JUnitReportReporter -->
<testsuite skipped="0" hostname="PW-HAN-063" name="threedsON.PS_gateway_brick_widget_1v5_widget_polk_ON" tests="1" failures="0" timestamp="12 Nov 2019 09:06:33 GMT" time="57.754" errors="0">
  <testcase name="polk" time="57.754" classname="threedsON.PS_gateway_brick_widget_1v5_widget_polk_ON"/>
</testsuite> <!-- threedsON.PS_gateway_brick_widget_1v5_widget_polk_ON -->
