<?xml version="1.0" encoding="UTF-8"?>
<!-- Generated by org.testng.reporters.JUnitReportReporter -->
<testsuite skipped="0" hostname="PW-HAN-063" name="PS_ebanx_bradescobrazil_Test" tests="1" failures="0" timestamp="18 Nov 2019 11:10:36 GMT" time="133.921" errors="0">
  <testcase name="execute" time="133.921" classname="PS_ebanx_bradescobrazil_Test"/>
</testsuite> <!-- PS_ebanx_bradescobrazil_Test -->
