<?xml version="1.0" encoding="UTF-8"?>
<!-- Generated by org.testng.reporters.JUnitReportReporter -->
<testsuite skipped="0" hostname="DESKTOP-V097D2E" name="automation.project3ds.BrickWidget_OFF1_Test" tests="11" failures="0" timestamp="08 Aug 2019 12:57:49 GMT" time="343.953" errors="0">
  <testcase name="execute" time="29.038" classname="automation.project3ds.BrickWidget_OFF1_Test"/>
  <testcase name="execute" time="22.774" classname="automation.project3ds.BrickWidget_OFF1_Test"/>
  <testcase name="execute" time="21.797" classname="automation.project3ds.BrickWidget_OFF1_Test"/>
  <testcase name="execute" time="67.059" classname="automation.project3ds.BrickWidget_OFF1_Test"/>
  <testcase name="execute" time="38.626" classname="automation.project3ds.BrickWidget_OFF1_Test"/>
  <testcase name="execute" time="23.234" classname="automation.project3ds.BrickWidget_OFF1_Test"/>
  <testcase name="execute" time="22.330" classname="automation.project3ds.BrickWidget_OFF1_Test"/>
  <testcase name="execute" time="32.610" classname="automation.project3ds.BrickWidget_OFF1_Test"/>
  <testcase name="execute" time="21.948" classname="automation.project3ds.BrickWidget_OFF1_Test"/>
  <testcase name="execute" time="31.663" classname="automation.project3ds.BrickWidget_OFF1_Test"/>
  <testcase name="execute" time="32.874" classname="automation.project3ds.BrickWidget_OFF1_Test"/>
</testsuite> <!-- automation.project3ds.BrickWidget_OFF1_Test -->
