<?xml version="1.0" encoding="UTF-8"?>
<!-- Generated by org.testng.reporters.JUnitReportReporter -->
<testsuite skipped="0" hostname="PW-HAN-063" name="PS_vtcpay_Ewallet_Test" tests="1" failures="0" timestamp="25 Oct 2019 08:31:57 GMT" time="29.134" errors="0">
  <testcase name="execute" time="29.134" classname="PS_vtcpay_Ewallet_Test"/>
</testsuite> <!-- PS_vtcpay_Ewallet_Test -->
