<?xml version="1.0" encoding="UTF-8"?>
<!-- Generated by org.testng.reporters.JUnitReportReporter -->
<testsuite skipped="0" hostname="PW-HAN-063" name="threedsON.PS_gateway_widget_brick_1v6_embarcalero2_ON" tests="1" failures="0" timestamp="02 Dec 2019 07:35:35 GMT" time="62.034" errors="0">
  <testcase name="v2" time="62.034" classname="threedsON.PS_gateway_widget_brick_1v6_embarcalero2_ON"/>
</testsuite> <!-- threedsON.PS_gateway_widget_brick_1v6_embarcalero2_ON -->
