<?xml version="1.0" encoding="UTF-8"?>
<!-- Generated by org.testng.reporters.JUnitReportReporter -->
<testsuite skipped="0" hostname="PW-HAN-063" name="threedsON.PS_gateway_fp_custom_1v5_embarcalero1_ON2" tests="1" failures="0" timestamp="20 Jan 2020 04:58:10 GMT" time="109.430" errors="0">
  <testcase name="v1" time="109.430" classname="threedsON.PS_gateway_fp_custom_1v5_embarcalero1_ON2"/>
</testsuite> <!-- threedsON.PS_gateway_fp_custom_1v5_embarcalero1_ON2 -->
