<?xml version="1.0" encoding="UTF-8"?>
<!-- Generated by org.testng.reporters.JUnitReportReporter -->
<testsuite skipped="0" hostname="PW-HAN-063" name="threedsOFF.PS_gateway_old_widget_embarcadero2_OFF" tests="1" failures="0" timestamp="25 Nov 2019 05:03:02 GMT" time="47.245" errors="0">
  <testcase name="v2" time="47.245" classname="threedsOFF.PS_gateway_old_widget_embarcadero2_OFF"/>
</testsuite> <!-- threedsOFF.PS_gateway_old_widget_embarcadero2_OFF -->
