<?xml version="1.0" encoding="UTF-8"?>
<!-- Generated by org.testng.reporters.JUnitReportReporter -->
<testsuite skipped="0" hostname="PW-HAN-063" name="p2_need_whitelist_pingback.PS_przelewy24_NOTSelectBank_Test" tests="1" failures="0" timestamp="24 Dec 2019 08:32:51 GMT" time="45.283" errors="0">
  <testcase name="execute" time="45.283" classname="p2_need_whitelist_pingback.PS_przelewy24_NOTSelectBank_Test"/>
</testsuite> <!-- p2_need_whitelist_pingback.PS_przelewy24_NOTSelectBank_Test -->
