<?xml version="1.0" encoding="UTF-8"?>
<!-- Generated by org.testng.reporters.JUnitReportReporter -->
<testsuite skipped="0" hostname="PW-HAN-063" name="PS_epspayment_Test" tests="1" failures="0" timestamp="21 Nov 2019 10:53:23 GMT" time="59.583" errors="0">
  <testcase name="execute" time="59.583" classname="PS_epspayment_Test"/>
</testsuite> <!-- PS_epspayment_Test -->
