<?xml version="1.0" encoding="UTF-8"?>
<!-- Generated by org.testng.reporters.JUnitReportReporter -->
<testsuite skipped="0" hostname="PW-HAN-063" name="threedsOFF.PS_ccbrazilhipercard_compact_widget_Test_3dsOFF" tests="1" failures="0" timestamp="20 Jan 2020 06:20:08 GMT" time="43.686" errors="0">
  <testcase name="execute" time="43.686" classname="threedsOFF.PS_ccbrazilhipercard_compact_widget_Test_3dsOFF"/>
</testsuite> <!-- threedsOFF.PS_ccbrazilhipercard_compact_widget_Test_3dsOFF -->
