<?xml version="1.0" encoding="UTF-8"?>
<!-- Generated by org.testng.reporters.JUnitReportReporter -->
<testsuite skipped="0" hostname="PW-HAN-063" name="threedsON.PS_gateway_custom_embarcalero2_ON" tests="1" failures="0" timestamp="08 Nov 2019 08:52:30 GMT" time="39.719" errors="0">
  <testcase name="v2" time="39.719" classname="threedsON.PS_gateway_custom_embarcalero2_ON"/>
</testsuite> <!-- threedsON.PS_gateway_custom_embarcalero2_ON -->
