<?xml version="1.0" encoding="UTF-8"?>
<!-- Generated by org.testng.reporters.JUnitReportReporter -->
<testsuite skipped="0" hostname="PW-HAN-063" name="PS_boletobr_Test" tests="1" failures="0" timestamp="31 Oct 2019 09:12:19 GMT" time="8.364" errors="0">
  <testcase name="execute" time="8.364" classname="PS_boletobr_Test"/>
</testsuite> <!-- PS_boletobr_Test -->
