<?xml version="1.0" encoding="UTF-8"?>
<!-- Generated by org.testng.reporters.JUnitReportReporter -->
<testsuite skipped="0" hostname="PW-HAN-063" name="PS_epinpaymentsystem_Test" tests="1" failures="0" timestamp="12 Dec 2019 08:22:02 GMT" time="23.614" errors="0">
  <testcase name="execute" time="23.614" classname="PS_epinpaymentsystem_Test"/>
</testsuite> <!-- PS_epinpaymentsystem_Test -->
