<?xml version="1.0" encoding="UTF-8"?>
<!-- Generated by org.testng.reporters.JUnitReportReporter -->
<testsuite skipped="0" hostname="PW-HAN-063" name="PS_cherrycredit_Test" tests="1" failures="0" timestamp="10 Dec 2019 04:39:44 GMT" time="14.173" errors="0">
  <testcase name="execute" time="14.173" classname="PS_cherrycredit_Test"/>
</testsuite> <!-- PS_cherrycredit_Test -->
