<?xml version="1.0" encoding="UTF-8"?>
<!-- Generated by org.testng.reporters.JUnitReportReporter -->
<testsuite skipped="0" hostname="DESKTOP-V097D2E" name="automation.project3ds.aSample" tests="1" failures="0" timestamp="19 Jul 2019 05:43:13 GMT" time="0.217" errors="0">
  <testcase name="sample" time="0.217" classname="automation.project3ds.aSample"/>
</testsuite> <!-- automation.project3ds.aSample -->
