<?xml version="1.0" encoding="UTF-8"?>
<!-- Generated by org.testng.reporters.JUnitReportReporter -->
<testsuite skipped="0" hostname="PW-HAN-063" name="threedsON.PS_gateway_corel_p2_3_polk" tests="1" failures="0" timestamp="20 Jan 2020 04:53:55 GMT" time="83.580" errors="0">
  <testcase name="polk" time="83.580" classname="threedsON.PS_gateway_corel_p2_3_polk"/>
</testsuite> <!-- threedsON.PS_gateway_corel_p2_3_polk -->
