<?xml version="1.0" encoding="UTF-8"?>
<!-- Generated by org.testng.reporters.JUnitReportReporter -->
<testsuite skipped="0" hostname="PW-HAN-063" name="threedsON.PS_gateway_widget_brick_1v6_embarcalero1_ON" tests="1" failures="0" timestamp="02 Dec 2019 07:35:35 GMT" time="76.271" errors="0">
  <testcase name="v1" time="76.271" classname="threedsON.PS_gateway_widget_brick_1v6_embarcalero1_ON"/>
</testsuite> <!-- threedsON.PS_gateway_widget_brick_1v6_embarcalero1_ON -->
