<?xml version="1.0" encoding="UTF-8"?>
<!-- Generated by org.testng.reporters.JUnitReportReporter -->
<testsuite skipped="0" hostname="PW-HAN-063" name="threedsON.PS_gateway_widget_embarcalero1_ON" tests="1" failures="0" timestamp="21 Oct 2019 09:29:49 GMT" time="57.536" errors="0">
  <testcase name="v1" time="57.536" classname="threedsON.PS_gateway_widget_embarcalero1_ON"/>
</testsuite> <!-- threedsON.PS_gateway_widget_embarcalero1_ON -->
