<?xml version="1.0" encoding="UTF-8"?>
<!-- Generated by org.testng.reporters.JUnitReportReporter -->
<testsuite skipped="0" hostname="PW-HAN-063" name="threedsON.PS_gateway_corel_p2_3_polk" tests="1" failures="0" timestamp="14 Nov 2019 09:55:13 GMT" time="59.497" errors="0">
  <testcase name="v1" time="59.497" classname="threedsON.PS_gateway_corel_p2_3_polk"/>
</testsuite> <!-- threedsON.PS_gateway_corel_p2_3_polk -->
