<?xml version="1.0" encoding="UTF-8"?>
<!-- Generated by org.testng.reporters.JUnitReportReporter -->
<testsuite skipped="0" hostname="PW-HAN-063" name="automation.project3ds.oldTest.aSample" tests="8" failures="0" timestamp="03 Sep 2019 03:08:54 GMT" time="0.035" errors="0">
  <testcase name="test2Continuos" time="0.002" classname="automation.project3ds.oldTest.aSample"/>
  <testcase name="test2Continuos" time="0.020" classname="automation.project3ds.oldTest.aSample"/>
  <testcase name="test2Continuos" time="0.004" classname="automation.project3ds.oldTest.aSample"/>
  <testcase name="test2Continuos" time="0.001" classname="automation.project3ds.oldTest.aSample"/>
  <testcase name="test2Continuos" time="0.004" classname="automation.project3ds.oldTest.aSample"/>
  <testcase name="test2Continuos" time="0.001" classname="automation.project3ds.oldTest.aSample"/>
  <testcase name="test2Continuos" time="0.001" classname="automation.project3ds.oldTest.aSample"/>
  <testcase name="test2Continuos" time="0.002" classname="automation.project3ds.oldTest.aSample"/>
</testsuite> <!-- automation.project3ds.oldTest.aSample -->
