<?xml version="1.0" encoding="UTF-8"?>
<!-- Generated by org.testng.reporters.JUnitReportReporter -->
<testsuite skipped="0" hostname="PW-HAN-063" name="PS_openbucks_Test" tests="1" failures="0" timestamp="09 Jan 2020 11:21:17 GMT" time="28.688" errors="0">
  <testcase name="execute" time="28.688" classname="PS_openbucks_Test"/>
</testsuite> <!-- PS_openbucks_Test -->
