<?xml version="1.0" encoding="UTF-8"?>
<!-- Generated by org.testng.reporters.JUnitReportReporter -->
<testsuite skipped="0" hostname="PW-HAN-063" name="threedsOFF.PS_ccbrazilhipercard_Test_3dsOFF" tests="1" failures="0" timestamp="21 Oct 2019 04:36:31 GMT" time="36.374" errors="0">
  <testcase name="execute" time="36.374" classname="threedsOFF.PS_ccbrazilhipercard_Test_3dsOFF"/>
</testsuite> <!-- threedsOFF.PS_ccbrazilhipercard_Test_3dsOFF -->
