<?xml version="1.0" encoding="UTF-8"?>
<!-- Generated by org.testng.reporters.JUnitReportReporter -->
<testsuite skipped="0" hostname="PW-HAN-063" name="threedsOFF.PS_gateway_corel_p2_3_embarcadero1" tests="1" failures="0" timestamp="20 Jan 2020 06:21:22 GMT" time="84.282" errors="0">
  <testcase name="v1" time="84.282" classname="threedsOFF.PS_gateway_corel_p2_3_embarcadero1"/>
</testsuite> <!-- threedsOFF.PS_gateway_corel_p2_3_embarcadero1 -->
