<?xml version="1.0" encoding="UTF-8"?>
<!-- Generated by org.testng.reporters.JUnitReportReporter -->
<testsuite skipped="0" hostname="PW-HAN-063" name="p2_done.PS_ppro_multibanco_Test" tests="1" failures="0" timestamp="20 Dec 2019 04:59:24 GMT" time="35.330" errors="0">
  <testcase name="execute" time="35.330" classname="p2_done.PS_ppro_multibanco_Test"/>
</testsuite> <!-- p2_done.PS_ppro_multibanco_Test -->
