<?xml version="1.0" encoding="UTF-8"?>
<!-- Generated by org.testng.reporters.JUnitReportReporter -->
<testsuite skipped="0" hostname="PW-HAN-063" name="PS_sepadirectdebit_Test" tests="1" failures="0" timestamp="23 Dec 2019 09:03:56 GMT" time="13.053" errors="0">
  <testcase name="execute" time="13.053" classname="PS_sepadirectdebit_Test"/>
</testsuite> <!-- PS_sepadirectdebit_Test -->
