<?xml version="1.0" encoding="UTF-8"?>
<!-- Generated by org.testng.reporters.JUnitReportReporter -->
<testsuite skipped="0" hostname="PW-HAN-063" name="PS_ebanx_bancobrazil_Test" tests="1" failures="0" timestamp="18 Nov 2019 11:13:15 GMT" time="21.563" errors="0">
  <testcase name="execute" time="21.563" classname="PS_ebanx_bancobrazil_Test"/>
</testsuite> <!-- PS_ebanx_bancobrazil_Test -->
