<?xml version="1.0" encoding="UTF-8"?>
<!-- Generated by org.testng.reporters.JUnitReportReporter -->
<testsuite skipped="0" hostname="PW-HAN-063" name="threedsON.PS_gateway_brick_widget_1v6_embarcalero1_ON" tests="1" failures="0" timestamp="25 Nov 2019 05:53:17 GMT" time="99.296" errors="0">
  <testcase name="v1" time="99.296" classname="threedsON.PS_gateway_brick_widget_1v6_embarcalero1_ON"/>
</testsuite> <!-- threedsON.PS_gateway_brick_widget_1v6_embarcalero1_ON -->
