<?xml version="1.0" encoding="UTF-8"?>
<!-- Generated by org.testng.reporters.JUnitReportReporter -->
<testsuite skipped="0" hostname="PW-HAN-063" name="threedsOFF.PS_gateway_fp_custom_polk_OFF" tests="1" failures="0" timestamp="30 Oct 2019 09:08:57 GMT" time="12.599" errors="0">
  <testcase name="polk" time="12.599" classname="threedsOFF.PS_gateway_fp_custom_polk_OFF"/>
</testsuite> <!-- threedsOFF.PS_gateway_fp_custom_polk_OFF -->
