<?xml version="1.0" encoding="UTF-8"?>
<!-- Generated by org.testng.reporters.JUnitReportReporter -->
<testsuite skipped="0" hostname="PW-HAN-063" name="PS_gateway_old_Test_3dsON" tests="1" failures="0" timestamp="17 Oct 2019 08:55:07 GMT" time="61.317" errors="0">
  <testcase name="v2" time="61.317" classname="PS_gateway_old_Test_3dsON"/>
</testsuite> <!-- PS_gateway_old_Test_3dsON -->
