<?xml version="1.0" encoding="UTF-8"?>
<!-- Generated by org.testng.reporters.JUnitReportReporter -->
<testsuite skipped="0" hostname="PW-HAN-063" name="RemoveRiskSetting" tests="1" failures="0" timestamp="10 Jan 2020 08:45:18 GMT" time="44.626" errors="0">
  <testcase name="riskRemove" time="44.626" classname="RemoveRiskSetting"/>
</testsuite> <!-- RemoveRiskSetting -->
