<?xml version="1.0" encoding="UTF-8"?>
<!-- Generated by org.testng.reporters.JUnitReportReporter -->
<testsuite skipped="0" hostname="PW-HAN-063" name="PS_astropay_banktransfermexico_Test" tests="1" failures="0" timestamp="12 Dec 2019 12:26:14 GMT" time="35.432" errors="0">
  <testcase name="execute" time="35.432" classname="PS_astropay_banktransfermexico_Test"/>
</testsuite> <!-- PS_astropay_banktransfermexico_Test -->
