<?xml version="1.0" encoding="UTF-8"?>
<!-- Generated by org.testng.reporters.JUnitReportReporter -->
<testsuite skipped="0" hostname="PW-HAN-063" name="p2_done.PS_ppro_btfinland_Test" tests="1" failures="0" timestamp="16 Dec 2019 05:44:54 GMT" time="27.384" errors="0">
  <testcase name="execute" time="27.384" classname="p2_done.PS_ppro_btfinland_Test"/>
</testsuite> <!-- p2_done.PS_ppro_btfinland_Test -->
