<?xml version="1.0" encoding="UTF-8"?>
<!-- Generated by org.testng.reporters.JUnitReportReporter -->
<testsuite skipped="0" hostname="DESKTOP-V097D2E" name="automation.project3ds.BrickWidget_OFF1_Test" tests="11" failures="0" timestamp="13 Aug 2019 05:41:21 GMT" time="360.956" errors="0">
  <testcase name="execute" time="42.456" classname="automation.project3ds.BrickWidget_OFF1_Test"/>
  <testcase name="execute" time="25.164" classname="automation.project3ds.BrickWidget_OFF1_Test"/>
  <testcase name="execute" time="24.936" classname="automation.project3ds.BrickWidget_OFF1_Test"/>
  <testcase name="execute" time="31.002" classname="automation.project3ds.BrickWidget_OFF1_Test"/>
  <testcase name="execute" time="25.367" classname="automation.project3ds.BrickWidget_OFF1_Test"/>
  <testcase name="execute" time="34.254" classname="automation.project3ds.BrickWidget_OFF1_Test"/>
  <testcase name="execute" time="34.066" classname="automation.project3ds.BrickWidget_OFF1_Test"/>
  <testcase name="execute" time="25.635" classname="automation.project3ds.BrickWidget_OFF1_Test"/>
  <testcase name="execute" time="34.286" classname="automation.project3ds.BrickWidget_OFF1_Test"/>
  <testcase name="execute" time="54.023" classname="automation.project3ds.BrickWidget_OFF1_Test"/>
  <testcase name="execute" time="29.767" classname="automation.project3ds.BrickWidget_OFF1_Test"/>
</testsuite> <!-- automation.project3ds.BrickWidget_OFF1_Test -->
