<?xml version="1.0" encoding="UTF-8"?>
<!-- Generated by org.testng.reporters.JUnitReportReporter -->
<testsuite skipped="0" hostname="PW-HAN-063" name="threedsON.PS_gateway_html_1v5_polk_ON" tests="1" failures="0" timestamp="20 Jan 2020 05:04:06 GMT" time="61.228" errors="0">
  <testcase name="polk" time="61.228" classname="threedsON.PS_gateway_html_1v5_polk_ON"/>
</testsuite> <!-- threedsON.PS_gateway_html_1v5_polk_ON -->
