<?xml version="1.0" encoding="UTF-8"?>
<!-- Generated by org.testng.reporters.JUnitReportReporter -->
<testsuite skipped="0" hostname="PW-HAN-063" name="threedsON.PS_gateway_fp_html_1v6_polk_ON3" tests="1" failures="0" timestamp="02 Dec 2019 07:47:44 GMT" time="40.103" errors="0">
  <testcase name="polk" time="40.103" classname="threedsON.PS_gateway_fp_html_1v6_polk_ON3"/>
</testsuite> <!-- threedsON.PS_gateway_fp_html_1v6_polk_ON3 -->
