<?xml version="1.0" encoding="UTF-8"?>
<!-- Generated by org.testng.reporters.JUnitReportReporter -->
<testsuite skipped="0" hostname="PW-HAN-063" name="threedsOFF.PS_gateway_widget_brick_1v5_embarcadero2_OFF" tests="1" failures="0" timestamp="20 Jan 2020 07:44:57 GMT" time="96.448" errors="0">
  <testcase name="v2" time="96.448" classname="threedsOFF.PS_gateway_widget_brick_1v5_embarcadero2_OFF"/>
</testsuite> <!-- threedsOFF.PS_gateway_widget_brick_1v5_embarcadero2_OFF -->
