<?xml version="1.0" encoding="UTF-8"?>
<!-- Generated by org.testng.reporters.JUnitReportReporter -->
<testsuite skipped="0" hostname="PW-HAN-063" name="logo.Logo" tests="2" failures="0" timestamp="02 Oct 2019 05:51:27 GMT" time="219.821" errors="0">
  <testcase name="buildLogoReport" time="120.171" classname="logo.Logo"/>
  <testcase name="buildLogoReport" time="99.650" classname="logo.Logo"/>
</testsuite> <!-- logo.Logo -->
