<?xml version="1.0" encoding="UTF-8"?>
<!-- Generated by org.testng.reporters.JUnitReportReporter -->
<testsuite skipped="0" hostname="PW-HAN-063" name="threedsOFF.PS_gateway_fp_html_1v5_embarcalero1_ON2" tests="1" failures="0" timestamp="20 Jan 2020 07:26:31 GMT" time="74.195" errors="0">
  <testcase name="v1" time="74.195" classname="threedsOFF.PS_gateway_fp_html_1v5_embarcalero1_ON2"/>
</testsuite> <!-- threedsOFF.PS_gateway_fp_html_1v5_embarcalero1_ON2 -->
