<?xml version="1.0" encoding="UTF-8"?>
<!-- Generated by org.testng.reporters.JUnitReportReporter -->
<testsuite skipped="0" hostname="PW-HAN-063" name="threedsOFF.PS_gateway_corel_p2_3_embarcadero1" tests="1" failures="0" timestamp="03 Jan 2020 11:28:44 GMT" time="52.175" errors="0">
  <testcase name="v1" time="52.175" classname="threedsOFF.PS_gateway_corel_p2_3_embarcadero1"/>
</testsuite> <!-- threedsOFF.PS_gateway_corel_p2_3_embarcadero1 -->
