<?xml version="1.0" encoding="UTF-8"?>
<!-- Generated by org.testng.reporters.JUnitReportReporter -->
<testsuite skipped="0" hostname="PW-HAN-063" name="threedsON.PS_gateway_gameforge_p2_6_embacadero1" tests="1" failures="0" timestamp="02 Dec 2019 07:30:24 GMT" time="45.527" errors="0">
  <testcase name="v1" time="45.527" classname="threedsON.PS_gateway_gameforge_p2_6_embacadero1"/>
</testsuite> <!-- threedsON.PS_gateway_gameforge_p2_6_embacadero1 -->
