<?xml version="1.0" encoding="UTF-8"?>
<!-- Generated by org.testng.reporters.JUnitReportReporter -->
<testsuite skipped="0" hostname="DESKTOP-V097D2E" name="WidgetBrick_1v6" tests="1" failures="0" timestamp="20 Aug 2019 04:47:56 GMT" time="0.020" errors="0">
  <testcase name="cardNumberEmpty" time="0.020" classname="WidgetBrick_1v6"/>
</testsuite> <!-- WidgetBrick_1v6 -->
