<?xml version="1.0" encoding="UTF-8"?>
<!-- Generated by org.testng.reporters.JUnitReportReporter -->
<testsuite skipped="0" hostname="PW-HAN-063" name="p2_need_whitelist_pingback.PS_mercadopago_NOT_login_Test" tests="1" failures="0" timestamp="06 Jan 2020 11:50:20 GMT" time="34.880" errors="0">
  <testcase name="execute" time="34.880" classname="p2_need_whitelist_pingback.PS_mercadopago_NOT_login_Test"/>
</testsuite> <!-- p2_need_whitelist_pingback.PS_mercadopago_NOT_login_Test -->
