<?xml version="1.0" encoding="UTF-8"?>
<!-- Generated by org.testng.reporters.JUnitReportReporter -->
<testsuite skipped="0" hostname="PW-HAN-063" name="PS_Pagseguro_Test" tests="1" failures="0" timestamp="24 Oct 2019 04:58:41 GMT" time="91.580" errors="0">
  <testcase name="execute" time="91.580" classname="PS_Pagseguro_Test"/>
</testsuite> <!-- PS_Pagseguro_Test -->
