<?xml version="1.0" encoding="UTF-8"?>
<!-- Generated by org.testng.reporters.JUnitReportReporter -->
<testsuite skipped="0" hostname="PW-HAN-063" name="PS_Sofortbt_Test" tests="1" failures="0" timestamp="24 Oct 2019 08:40:36 GMT" time="62.984" errors="0">
  <testcase name="execute" time="62.984" classname="PS_Sofortbt_Test"/>
</testsuite> <!-- PS_Sofortbt_Test -->
