<?xml version="1.0" encoding="UTF-8"?>
<!-- Generated by org.testng.reporters.JUnitReportReporter -->
<testsuite skipped="6" hostname="PW-HAN-063" name="WidgetBrick_1v6_Test_ValidateCardNumber" tests="7" failures="0" timestamp="23 Sep 2019 05:43:59 GMT" time="0.000" errors="1">
  <testcase name="visaCard" time="0.000" classname="WidgetBrick_1v6_Test_ValidateCardNumber">
    <skipped/>
  </testcase> <!-- visaCard -->
  <testcase name="amexCard" time="0.000" classname="WidgetBrick_1v6_Test_ValidateCardNumber">
    <skipped/>
  </testcase> <!-- amexCard -->
  <testcase name="masterCard" time="0.000" classname="WidgetBrick_1v6_Test_ValidateCardNumber">
    <skipped/>
  </testcase> <!-- masterCard -->
  <testcase name="unsupportedBrand" time="0.000" classname="WidgetBrick_1v6_Test_ValidateCardNumber">
    <skipped/>
  </testcase> <!-- unsupportedBrand -->
  <testcase name="invalidValue" time="0.000" classname="WidgetBrick_1v6_Test_ValidateCardNumber">
    <skipped/>
  </testcase> <!-- invalidValue -->
  <testcase name="supportedBrandButInvalidValue" time="0.000" classname="WidgetBrick_1v6_Test_ValidateCardNumber">
    <skipped/>
  </testcase> <!-- supportedBrandButInvalidValue -->
  <testcase name="setUp" time="0.000" classname="WidgetBrick_1v6_Test_ValidateCardNumber">
    <error type="org.testng.TestNGException" message="
Parameter &#039;type&#039; is required by BeforeClass on method setUp but has not been marked @Optional or defined
in C:\Users\chase\AppData\Local\Temp\testng-eclipse-377758784\testng-customsuite.xml">
      <![CDATA[org.testng.TestNGException: 
Parameter 'type' is required by BeforeClass on method setUp but has not been marked @Optional or defined
in C:\Users\chase\AppData\Local\Temp\testng-eclipse-377758784\testng-customsuite.xml
at org.testng.internal.Parameters.createParams(Parameters.java:290)
at org.testng.internal.Parameters.createParametersForMethod(Parameters.java:359)
at org.testng.internal.Parameters.createParameters(Parameters.java:620)
at org.testng.internal.Parameters.createConfigurationParameters(Parameters.java:190)
at org.testng.internal.Invoker.invokeConfigurations(Invoker.java:209)
at org.testng.internal.Invoker.invokeConfigurations(Invoker.java:142)
at org.testng.internal.TestMethodWorker.invokeBeforeClassMethods(TestMethodWorker.java:168)
at org.testng.internal.TestMethodWorker.run(TestMethodWorker.java:105)
at org.testng.TestRunner.privateRun(TestRunner.java:648)
at org.testng.TestRunner.run(TestRunner.java:505)
at org.testng.SuiteRunner.runTest(SuiteRunner.java:455)
at org.testng.SuiteRunner.runSequentially(SuiteRunner.java:450)
at org.testng.SuiteRunner.privateRun(SuiteRunner.java:415)
at org.testng.SuiteRunner.run(SuiteRunner.java:364)
at org.testng.SuiteRunnerWorker.runSuite(SuiteRunnerWorker.java:52)
at org.testng.SuiteRunnerWorker.run(SuiteRunnerWorker.java:84)
at org.testng.TestNG.runSuitesSequentially(TestNG.java:1208)
at org.testng.TestNG.runSuitesLocally(TestNG.java:1137)
at org.testng.TestNG.runSuites(TestNG.java:1049)
at org.testng.TestNG.run(TestNG.java:1017)
at org.testng.remote.AbstractRemoteTestNG.run(AbstractRemoteTestNG.java:115)
at org.testng.remote.RemoteTestNG.initAndRun(RemoteTestNG.java:251)
at org.testng.remote.RemoteTestNG.main(RemoteTestNG.java:77)
]]>
    </error>
  </testcase> <!-- setUp -->
</testsuite> <!-- WidgetBrick_1v6_Test_ValidateCardNumber -->
