<?xml version="1.0" encoding="UTF-8"?>
<!-- Generated by org.testng.reporters.JUnitReportReporter -->
<testsuite skipped="0" hostname="PW-HAN-063" name="logo.LogoLatestNaming" tests="1" failures="0" timestamp="28 Oct 2019 05:11:49 GMT" time="58.271" errors="0">
  <testcase name="execute" time="58.271" classname="logo.LogoLatestNaming"/>
</testsuite> <!-- logo.LogoLatestNaming -->
