<?xml version="1.0" encoding="UTF-8"?>
<!-- Generated by org.testng.reporters.JUnitReportReporter -->
<testsuite skipped="0" hostname="PW-HAN-063" name="threedsON.PS_ccbrazilhipercard_Test_3dsON" tests="1" failures="0" timestamp="01 Nov 2019 04:12:18 GMT" time="43.854" errors="0">
  <testcase name="execute" time="43.854" classname="threedsON.PS_ccbrazilhipercard_Test_3dsON"/>
</testsuite> <!-- threedsON.PS_ccbrazilhipercard_Test_3dsON -->
