<?xml version="1.0" encoding="UTF-8"?>
<!-- Generated by org.testng.reporters.JUnitReportReporter -->
<testsuite skipped="0" hostname="DESKTOP-V097D2E" name="WidgetBrick_1v6_Test_ValidateExpirationDate" tests="4" failures="0" timestamp="21 Aug 2019 07:41:37 GMT" time="72.672" errors="0">
  <testcase name="futureValueShort" time="16.549" classname="WidgetBrick_1v6_Test_ValidateExpirationDate"/>
  <testcase name="pastValue" time="16.382" classname="WidgetBrick_1v6_Test_ValidateExpirationDate"/>
  <testcase name="todayValue" time="20.839" classname="WidgetBrick_1v6_Test_ValidateExpirationDate"/>
  <testcase name="futureValueLong" time="18.902" classname="WidgetBrick_1v6_Test_ValidateExpirationDate"/>
</testsuite> <!-- WidgetBrick_1v6_Test_ValidateExpirationDate -->
