<?xml version="1.0" encoding="UTF-8"?>
<!-- Generated by org.testng.reporters.JUnitReportReporter -->
<testsuite skipped="0" hostname="PW-HAN-063" name="PS_ebanx_psecolombia_Test" tests="1" failures="0" timestamp="18 Nov 2019 12:12:50 GMT" time="15.360" errors="0">
  <testcase name="execute" time="15.360" classname="PS_ebanx_psecolombia_Test"/>
</testsuite> <!-- PS_ebanx_psecolombia_Test -->
