<?xml version="1.0" encoding="UTF-8"?>
<!-- Generated by org.testng.reporters.JUnitReportReporter -->
<testsuite skipped="0" hostname="PW-HAN-063" name="PS_ppro_btfinland_Test" tests="1" failures="0" timestamp="07 Nov 2019 12:07:31 GMT" time="21.707" errors="0">
  <testcase name="execute" time="21.707" classname="PS_ppro_btfinland_Test"/>
</testsuite> <!-- PS_ppro_btfinland_Test -->
