<?xml version="1.0" encoding="UTF-8"?>
<!-- Generated by org.testng.reporters.JUnitReportReporter -->
<testsuite skipped="0" hostname="PW-HAN-063" name="threedsON.PS_gateway_html_1v6_polk_ON" tests="1" failures="0" timestamp="02 Dec 2019 07:59:15 GMT" time="50.438" errors="0">
  <testcase name="polk" time="50.438" classname="threedsON.PS_gateway_html_1v6_polk_ON"/>
</testsuite> <!-- threedsON.PS_gateway_html_1v6_polk_ON -->
