<?xml version="1.0" encoding="UTF-8"?>
<!-- Generated by org.testng.reporters.JUnitReportReporter -->
<testsuite skipped="0" hostname="PW-HAN-063" name="PS_ebanxtransfer_Test" tests="1" failures="0" timestamp="18 Nov 2019 10:39:42 GMT" time="32.601" errors="0">
  <testcase name="execute" time="32.601" classname="PS_ebanxtransfer_Test"/>
</testsuite> <!-- PS_ebanxtransfer_Test -->
