<?xml version="1.0" encoding="UTF-8"?>
<!-- Generated by org.testng.reporters.JUnitReportReporter -->
<testsuite skipped="0" hostname="PW-HAN-063" name="threedsON.PS_gateway_custom_polk_ON" tests="1" failures="0" timestamp="12 Nov 2019 10:07:12 GMT" time="47.279" errors="0">
  <testcase name="polk" time="47.279" classname="threedsON.PS_gateway_custom_polk_ON"/>
</testsuite> <!-- threedsON.PS_gateway_custom_polk_ON -->
