<?xml version="1.0" encoding="UTF-8"?>
<!-- Generated by org.testng.reporters.JUnitReportReporter -->
<testsuite skipped="0" hostname="PW-HAN-063" name="PS_payvalida_efectycolombia_Test" tests="1" failures="0" timestamp="16 Dec 2019 12:44:03 GMT" time="17.483" errors="0">
  <testcase name="execute" time="17.483" classname="PS_payvalida_efectycolombia_Test"/>
</testsuite> <!-- PS_payvalida_efectycolombia_Test -->
