<?xml version="1.0" encoding="UTF-8"?>
<!-- Generated by org.testng.reporters.JUnitReportReporter -->
<testsuite skipped="0" hostname="PW-HAN-063" name="threedsOFF.PS_gateway_widget_compact_embarcadero2_OFF" tests="1" failures="0" timestamp="06 Dec 2019 08:55:07 GMT" time="40.319" errors="0">
  <testcase name="v2" time="40.319" classname="threedsOFF.PS_gateway_widget_compact_embarcadero2_OFF"/>
</testsuite> <!-- threedsOFF.PS_gateway_widget_compact_embarcadero2_OFF -->
