<?xml version="1.0" encoding="UTF-8"?>
<!-- Generated by org.testng.reporters.JUnitReportReporter -->
<testsuite skipped="0" hostname="PW-HAN-063" name="WidgetBrick_1v6_Test_tab_mobilegateway_Mobiamo" tests="3" failures="0" timestamp="04 Sep 2019 11:38:54 GMT" time="38.910" errors="0">
  <testcase name="enterPinInvalid" time="14.403" classname="WidgetBrick_1v6_Test_tab_mobilegateway_Mobiamo"/>
  <testcase name="enterPinSuccess" time="11.571" classname="WidgetBrick_1v6_Test_tab_mobilegateway_Mobiamo"/>
  <testcase name="term" time="12.936" classname="WidgetBrick_1v6_Test_tab_mobilegateway_Mobiamo"/>
</testsuite> <!-- WidgetBrick_1v6_Test_tab_mobilegateway_Mobiamo -->
