<?xml version="1.0" encoding="UTF-8"?>
<!-- Generated by org.testng.reporters.JUnitReportReporter -->
<testsuite skipped="0" hostname="PW-HAN-063" name="threedsON.PS_gateway_custom_embarcalero1_ON" tests="1" failures="0" timestamp="12 Nov 2019 10:04:49 GMT" time="65.329" errors="0">
  <testcase name="v1" time="65.329" classname="threedsON.PS_gateway_custom_embarcalero1_ON"/>
</testsuite> <!-- threedsON.PS_gateway_custom_embarcalero1_ON -->
