<?xml version="1.0" encoding="UTF-8"?>
<!-- Generated by org.testng.reporters.JUnitReportReporter -->
<testsuite skipped="0" hostname="PW-HAN-063" name="p2_done.PS_ppro_idealpayments_Test" tests="1" failures="0" timestamp="26 Nov 2019 03:55:44 GMT" time="19.773" errors="0">
  <testcase name="execute" time="19.773" classname="p2_done.PS_ppro_idealpayments_Test"/>
</testsuite> <!-- p2_done.PS_ppro_idealpayments_Test -->
