<?xml version="1.0" encoding="UTF-8"?>
<!-- Generated by org.testng.reporters.JUnitReportReporter -->
<testsuite skipped="0" hostname="PW-HAN-063" name="threedsON.PS_gateway_html_polk_ON" tests="1" failures="0" timestamp="01 Nov 2019 04:12:18 GMT" time="62.296" errors="0">
  <testcase name="polk" time="62.296" classname="threedsON.PS_gateway_html_polk_ON"/>
</testsuite> <!-- threedsON.PS_gateway_html_polk_ON -->
