<?xml version="1.0" encoding="UTF-8"?>
<!-- Generated by org.testng.reporters.JUnitReportReporter -->
<testsuite skipped="0" hostname="PW-HAN-063" name="PS_polipayments_Test" tests="1" failures="0" timestamp="04 Nov 2019 08:34:04 GMT" time="42.405" errors="0">
  <testcase name="execute" time="42.405" classname="PS_polipayments_Test"/>
</testsuite> <!-- PS_polipayments_Test -->
