<?xml version="1.0" encoding="UTF-8"?>
<!-- Generated by org.testng.reporters.JUnitReportReporter -->
<testsuite skipped="0" hostname="DESKTOP-V097D2E" name="automation.project3ds.BrickHTML_Card1_OFF_Test" tests="11" failures="0" timestamp="08 Aug 2019 12:29:55 GMT" time="259.492" errors="0">
  <testcase name="execute" time="22.411" classname="automation.project3ds.BrickHTML_Card1_OFF_Test"/>
  <testcase name="execute" time="23.995" classname="automation.project3ds.BrickHTML_Card1_OFF_Test"/>
  <testcase name="execute" time="21.891" classname="automation.project3ds.BrickHTML_Card1_OFF_Test"/>
  <testcase name="execute" time="37.388" classname="automation.project3ds.BrickHTML_Card1_OFF_Test"/>
  <testcase name="execute" time="17.219" classname="automation.project3ds.BrickHTML_Card1_OFF_Test"/>
  <testcase name="execute" time="13.996" classname="automation.project3ds.BrickHTML_Card1_OFF_Test"/>
  <testcase name="execute" time="30.101" classname="automation.project3ds.BrickHTML_Card1_OFF_Test"/>
  <testcase name="execute" time="22.659" classname="automation.project3ds.BrickHTML_Card1_OFF_Test"/>
  <testcase name="execute" time="17.963" classname="automation.project3ds.BrickHTML_Card1_OFF_Test"/>
  <testcase name="execute" time="37.673" classname="automation.project3ds.BrickHTML_Card1_OFF_Test"/>
  <testcase name="execute" time="14.196" classname="automation.project3ds.BrickHTML_Card1_OFF_Test"/>
</testsuite> <!-- automation.project3ds.BrickHTML_Card1_OFF_Test -->
