<?xml version="1.0" encoding="UTF-8"?>
<!-- Generated by org.testng.reporters.JUnitReportReporter -->
<testsuite skipped="0" hostname="PW-HAN-063" name="threedsOFF.PS_gateway_widget_embarcalero1_OFF" tests="1" failures="0" timestamp="25 Nov 2019 04:43:38 GMT" time="46.538" errors="0">
  <testcase name="v1" time="46.538" classname="threedsOFF.PS_gateway_widget_embarcalero1_OFF"/>
</testsuite> <!-- threedsOFF.PS_gateway_widget_embarcalero1_OFF -->
