<?xml version="1.0" encoding="UTF-8"?>
<!-- Generated by org.testng.reporters.JUnitReportReporter -->
<testsuite skipped="0" hostname="DESKTOP-V097D2E" name="WidgetBrick_1v6_Test_tab_epinpaymentsystem_Mint" tests="1" failures="0" timestamp="26 Aug 2019 04:59:51 GMT" time="11.618" errors="0">
  <testcase name="buyMintLinkBuyForm" time="11.618" classname="WidgetBrick_1v6_Test_tab_epinpaymentsystem_Mint"/>
</testsuite> <!-- WidgetBrick_1v6_Test_tab_epinpaymentsystem_Mint -->
