<?xml version="1.0" encoding="UTF-8"?>
<!-- Generated by org.testng.reporters.JUnitReportReporter -->
<testsuite skipped="0" hostname="PW-HAN-063" name="threedsON.PS_ccbrazil_conpact_widget_Test_3dsON" tests="1" failures="0" timestamp="12 Nov 2019 08:20:24 GMT" time="46.187" errors="0">
  <testcase name="execute" time="46.187" classname="threedsON.PS_ccbrazil_conpact_widget_Test_3dsON"/>
</testsuite> <!-- threedsON.PS_ccbrazil_conpact_widget_Test_3dsON -->
