<?xml version="1.0" encoding="UTF-8"?>
<!-- Generated by org.testng.reporters.JUnitReportReporter -->
<testsuite skipped="0" hostname="PW-HAN-063" name="threedsON.PS_gateway_brick_widget_1v6_embarcalero2_ON" tests="1" failures="0" timestamp="25 Nov 2019 05:58:10 GMT" time="87.305" errors="0">
  <testcase name="v2" time="87.305" classname="threedsON.PS_gateway_brick_widget_1v6_embarcalero2_ON"/>
</testsuite> <!-- threedsON.PS_gateway_brick_widget_1v6_embarcalero2_ON -->
