<?xml version="1.0" encoding="UTF-8"?>
<!-- Generated by org.testng.reporters.JUnitReportReporter -->
<testsuite skipped="0" hostname="PW-HAN-063" name="PS_boletobancario_Bussiness_Test" tests="1" failures="0" timestamp="21 Nov 2019 11:30:49 GMT" time="14.716" errors="0">
  <testcase name="execute" time="14.716" classname="PS_boletobancario_Bussiness_Test"/>
</testsuite> <!-- PS_boletobancario_Bussiness_Test -->
