<?xml version="1.0" encoding="UTF-8"?>
<!-- Generated by org.testng.reporters.JUnitReportReporter -->
<testsuite skipped="0" hostname="PW-HAN-063" name="threedsOFF.PS_gateway_fp_custom_1v5_polk_ON2" tests="1" failures="0" timestamp="02 Dec 2019 08:45:08 GMT" time="26.547" errors="0">
  <testcase name="polk" time="26.547" classname="threedsOFF.PS_gateway_fp_custom_1v5_polk_ON2"/>
</testsuite> <!-- threedsOFF.PS_gateway_fp_custom_1v5_polk_ON2 -->
