<?xml version="1.0" encoding="UTF-8"?>
<!-- Generated by org.testng.reporters.JUnitReportReporter -->
<testsuite skipped="0" hostname="DESKTOP-V097D2E" name="automation.project3ds.BrickURL_OFF2_Test" tests="18" failures="0" timestamp="07 Aug 2019 11:23:45 GMT" time="399.746" errors="0">
  <testcase name="execute" time="18.871" classname="automation.project3ds.BrickURL_OFF2_Test"/>
  <testcase name="execute" time="26.420" classname="automation.project3ds.BrickURL_OFF2_Test"/>
  <testcase name="execute" time="20.791" classname="automation.project3ds.BrickURL_OFF2_Test"/>
  <testcase name="execute" time="21.759" classname="automation.project3ds.BrickURL_OFF2_Test"/>
  <testcase name="execute" time="31.243" classname="automation.project3ds.BrickURL_OFF2_Test"/>
  <testcase name="execute" time="16.945" classname="automation.project3ds.BrickURL_OFF2_Test"/>
  <testcase name="execute" time="22.460" classname="automation.project3ds.BrickURL_OFF2_Test"/>
  <testcase name="execute" time="25.266" classname="automation.project3ds.BrickURL_OFF2_Test"/>
  <testcase name="execute" time="18.746" classname="automation.project3ds.BrickURL_OFF2_Test"/>
  <testcase name="execute" time="26.761" classname="automation.project3ds.BrickURL_OFF2_Test"/>
  <testcase name="execute" time="16.986" classname="automation.project3ds.BrickURL_OFF2_Test"/>
  <testcase name="execute" time="17.114" classname="automation.project3ds.BrickURL_OFF2_Test"/>
  <testcase name="execute" time="14.828" classname="automation.project3ds.BrickURL_OFF2_Test"/>
  <testcase name="execute" time="19.975" classname="automation.project3ds.BrickURL_OFF2_Test"/>
  <testcase name="execute" time="14.557" classname="automation.project3ds.BrickURL_OFF2_Test"/>
  <testcase name="execute" time="23.657" classname="automation.project3ds.BrickURL_OFF2_Test"/>
  <testcase name="execute" time="37.654" classname="automation.project3ds.BrickURL_OFF2_Test"/>
  <testcase name="execute" time="25.713" classname="automation.project3ds.BrickURL_OFF2_Test"/>
</testsuite> <!-- automation.project3ds.BrickURL_OFF2_Test -->
