<?xml version="1.0" encoding="UTF-8"?>
<!-- Generated by org.testng.reporters.JUnitReportReporter -->
<testsuite skipped="0" hostname="PW-HAN-063" name="PS_yandex_yandexmoney" tests="1" failures="0" timestamp="22 Nov 2019 08:30:37 GMT" time="69.758" errors="0">
  <testcase name="execute" time="69.758" classname="PS_yandex_yandexmoney"/>
</testsuite> <!-- PS_yandex_yandexmoney -->
