<?xml version="1.0" encoding="UTF-8"?>
<!-- Generated by org.testng.reporters.JUnitReportReporter -->
<testsuite skipped="0" hostname="PW-HAN-063" name="threedsON.PS_ccbrazilhipercard_compact_widget_Test_3dsON" tests="1" failures="0" timestamp="12 Nov 2019 05:14:01 GMT" time="37.962" errors="0">
  <testcase name="execute" time="37.962" classname="threedsON.PS_ccbrazilhipercard_compact_widget_Test_3dsON"/>
</testsuite> <!-- threedsON.PS_ccbrazilhipercard_compact_widget_Test_3dsON -->
