<?xml version="1.0" encoding="UTF-8"?>
<!-- Generated by org.testng.reporters.JUnitReportReporter -->
<testsuite skipped="0" hostname="PW-HAN-063" name="PS_ebanx_banrisulbrazil_Test" tests="1" failures="0" timestamp="18 Nov 2019 11:01:00 GMT" time="15.059" errors="0">
  <testcase name="execute" time="15.059" classname="PS_ebanx_banrisulbrazil_Test"/>
</testsuite> <!-- PS_ebanx_banrisulbrazil_Test -->
