<?xml version="1.0" encoding="UTF-8"?>
<!-- Generated by org.testng.reporters.JUnitReportReporter -->
<testsuite skipped="0" hostname="PW-HAN-063" name="PS_astropay_boleto_Test" tests="1" failures="0" timestamp="12 Dec 2019 11:50:52 GMT" time="13.945" errors="0">
  <testcase name="execute" time="13.945" classname="PS_astropay_boleto_Test"/>
</testsuite> <!-- PS_astropay_boleto_Test -->
