<?xml version="1.0" encoding="UTF-8"?>
<!-- Generated by org.testng.reporters.JUnitReportReporter -->
<testsuite skipped="0" hostname="PW-HAN-063" name="PS_gateway_custom_Test_3dsON" tests="3" failures="0" timestamp="17 Oct 2019 10:07:03 GMT" time="119.943" errors="0">
  <testcase name="v2" time="24.315" classname="PS_gateway_custom_Test_3dsON"/>
  <testcase name="v1" time="27.881" classname="PS_gateway_custom_Test_3dsON"/>
  <testcase name="polk" time="67.747" classname="PS_gateway_custom_Test_3dsON"/>
</testsuite> <!-- PS_gateway_custom_Test_3dsON -->
