<?xml version="1.0" encoding="UTF-8"?>
<!-- Generated by org.testng.reporters.JUnitReportReporter -->
<testsuite skipped="0" hostname="PW-HAN-063" name="PS_mycardcard_Test" tests="1" failures="0" timestamp="23 Dec 2019 06:01:51 GMT" time="24.859" errors="0">
  <testcase name="execute" time="24.859" classname="PS_mycardcard_Test"/>
</testsuite> <!-- PS_mycardcard_Test -->
