<?xml version="1.0" encoding="UTF-8"?>
<!-- Generated by org.testng.reporters.JUnitReportReporter -->
<testsuite skipped="0" hostname="PW-HAN-063" name="PS_idealnl_Test" tests="1" failures="0" timestamp="23 Dec 2019 04:16:04 GMT" time="24.623" errors="0">
  <testcase name="execute" time="24.623" classname="PS_idealnl_Test"/>
</testsuite> <!-- PS_idealnl_Test -->
