<?xml version="1.0" encoding="UTF-8"?>
<!-- Generated by org.testng.reporters.JUnitReportReporter -->
<testsuite skipped="0" hostname="PW-HAN-063" name="threedsOFF.PS_ccbrazil_compact_widget_Test_3dsOFF" tests="1" failures="0" timestamp="16 Dec 2019 05:35:43 GMT" time="47.908" errors="0">
  <testcase name="execute" time="47.908" classname="threedsOFF.PS_ccbrazil_compact_widget_Test_3dsOFF"/>
</testsuite> <!-- threedsOFF.PS_ccbrazil_compact_widget_Test_3dsOFF -->
