<?xml version="1.0" encoding="UTF-8"?>
<!-- Generated by org.testng.reporters.JUnitReportReporter -->
<testsuite skipped="0" hostname="PW-HAN-063" name="threedsON.PS_gateway_widget_brick_1v6_embarcalero1_ON" tests="1" failures="0" timestamp="20 Jan 2020 05:35:28 GMT" time="71.204" errors="0">
  <testcase name="v1" time="71.204" classname="threedsON.PS_gateway_widget_brick_1v6_embarcalero1_ON"/>
</testsuite> <!-- threedsON.PS_gateway_widget_brick_1v6_embarcalero1_ON -->
