<?xml version="1.0" encoding="UTF-8"?>
<!-- Generated by org.testng.reporters.JUnitReportReporter -->
<testsuite skipped="0" hostname="PW-HAN-063" name="automation.project3ds.oldTest.BrickWidget_OFF2_Test" tests="36" failures="0" timestamp="16 Sep 2019 05:12:47 GMT" time="856.102" errors="0">
  <testcase name="execute" time="32.611" classname="automation.project3ds.oldTest.BrickWidget_OFF2_Test"/>
  <testcase name="execute" time="33.832" classname="automation.project3ds.oldTest.BrickWidget_OFF2_Test"/>
  <testcase name="execute" time="20.367" classname="automation.project3ds.oldTest.BrickWidget_OFF2_Test"/>
  <testcase name="execute" time="21.351" classname="automation.project3ds.oldTest.BrickWidget_OFF2_Test"/>
  <testcase name="execute" time="25.257" classname="automation.project3ds.oldTest.BrickWidget_OFF2_Test"/>
  <testcase name="execute" time="20.639" classname="automation.project3ds.oldTest.BrickWidget_OFF2_Test"/>
  <testcase name="execute" time="19.765" classname="automation.project3ds.oldTest.BrickWidget_OFF2_Test"/>
  <testcase name="execute" time="20.570" classname="automation.project3ds.oldTest.BrickWidget_OFF2_Test"/>
  <testcase name="execute" time="31.839" classname="automation.project3ds.oldTest.BrickWidget_OFF2_Test"/>
  <testcase name="execute" time="23.623" classname="automation.project3ds.oldTest.BrickWidget_OFF2_Test"/>
  <testcase name="execute" time="20.484" classname="automation.project3ds.oldTest.BrickWidget_OFF2_Test"/>
  <testcase name="execute" time="19.914" classname="automation.project3ds.oldTest.BrickWidget_OFF2_Test"/>
  <testcase name="execute" time="22.702" classname="automation.project3ds.oldTest.BrickWidget_OFF2_Test"/>
  <testcase name="execute" time="25.712" classname="automation.project3ds.oldTest.BrickWidget_OFF2_Test"/>
  <testcase name="execute" time="20.985" classname="automation.project3ds.oldTest.BrickWidget_OFF2_Test"/>
  <testcase name="execute" time="23.702" classname="automation.project3ds.oldTest.BrickWidget_OFF2_Test"/>
  <testcase name="execute" time="20.624" classname="automation.project3ds.oldTest.BrickWidget_OFF2_Test"/>
  <testcase name="execute" time="20.231" classname="automation.project3ds.oldTest.BrickWidget_OFF2_Test"/>
  <testcase name="execute" time="23.369" classname="automation.project3ds.oldTest.BrickWidget_OFF2_Test"/>
  <testcase name="execute" time="30.378" classname="automation.project3ds.oldTest.BrickWidget_OFF2_Test"/>
  <testcase name="execute" time="21.600" classname="automation.project3ds.oldTest.BrickWidget_OFF2_Test"/>
  <testcase name="execute" time="23.862" classname="automation.project3ds.oldTest.BrickWidget_OFF2_Test"/>
  <testcase name="execute" time="21.424" classname="automation.project3ds.oldTest.BrickWidget_OFF2_Test"/>
  <testcase name="execute" time="24.205" classname="automation.project3ds.oldTest.BrickWidget_OFF2_Test"/>
  <testcase name="execute" time="20.234" classname="automation.project3ds.oldTest.BrickWidget_OFF2_Test"/>
  <testcase name="execute" time="23.068" classname="automation.project3ds.oldTest.BrickWidget_OFF2_Test"/>
  <testcase name="execute" time="21.827" classname="automation.project3ds.oldTest.BrickWidget_OFF2_Test"/>
  <testcase name="execute" time="24.899" classname="automation.project3ds.oldTest.BrickWidget_OFF2_Test"/>
  <testcase name="execute" time="24.854" classname="automation.project3ds.oldTest.BrickWidget_OFF2_Test"/>
  <testcase name="execute" time="30.177" classname="automation.project3ds.oldTest.BrickWidget_OFF2_Test"/>
  <testcase name="execute" time="22.980" classname="automation.project3ds.oldTest.BrickWidget_OFF2_Test"/>
  <testcase name="execute" time="29.847" classname="automation.project3ds.oldTest.BrickWidget_OFF2_Test"/>
  <testcase name="execute" time="22.204" classname="automation.project3ds.oldTest.BrickWidget_OFF2_Test"/>
  <testcase name="execute" time="23.538" classname="automation.project3ds.oldTest.BrickWidget_OFF2_Test"/>
  <testcase name="execute" time="19.544" classname="automation.project3ds.oldTest.BrickWidget_OFF2_Test"/>
  <testcase name="execute" time="23.884" classname="automation.project3ds.oldTest.BrickWidget_OFF2_Test"/>
</testsuite> <!-- automation.project3ds.oldTest.BrickWidget_OFF2_Test -->
