<?xml version="1.0" encoding="UTF-8"?>
<!-- Generated by org.testng.reporters.JUnitReportReporter -->
<testsuite skipped="0" hostname="PW-HAN-063" name="PS_sepadirectdebit_Test" tests="1" failures="0" timestamp="17 Jan 2020 09:42:58 GMT" time="19.151" errors="0">
  <testcase name="execute" time="19.151" classname="PS_sepadirectdebit_Test"/>
</testsuite> <!-- PS_sepadirectdebit_Test -->
