<?xml version="1.0" encoding="UTF-8"?>
<!-- Generated by org.testng.reporters.JUnitReportReporter -->
<testsuite skipped="0" hostname="DESKTOP-V097D2E" name="automation.project3ds.BrickWidget_Polk_Test" tests="1" failures="0" timestamp="13 Aug 2019 06:03:03 GMT" time="38.759" errors="0">
  <testcase name="execute" time="38.759" classname="automation.project3ds.BrickWidget_Polk_Test"/>
</testsuite> <!-- automation.project3ds.BrickWidget_Polk_Test -->
