<?xml version="1.0" encoding="UTF-8"?>
<!-- Generated by org.testng.reporters.JUnitReportReporter -->
<testsuite skipped="0" hostname="PW-HAN-063" name="PS_Pagseguro_Boleto_Test" tests="1" failures="0" timestamp="25 Oct 2019 07:38:59 GMT" time="70.280" errors="0">
  <testcase name="execute" time="70.280" classname="PS_Pagseguro_Boleto_Test"/>
</testsuite> <!-- PS_Pagseguro_Boleto_Test -->
