<?xml version="1.0" encoding="UTF-8"?>
<!-- Generated by org.testng.reporters.JUnitReportReporter -->
<testsuite skipped="0" hostname="PW-HAN-063" name="threedsOFF.PS_gateway_gameforge_p2_6_embacadero1" tests="1" failures="0" timestamp="02 Dec 2019 05:36:53 GMT" time="34.901" errors="0">
  <testcase name="v1" time="34.901" classname="threedsOFF.PS_gateway_gameforge_p2_6_embacadero1"/>
</testsuite> <!-- threedsOFF.PS_gateway_gameforge_p2_6_embacadero1 -->
