<?xml version="1.0" encoding="UTF-8"?>
<!-- Generated by org.testng.reporters.JUnitReportReporter -->
<testsuite skipped="0" hostname="PW-HAN-063" name="p2_done.PS_yandex_yandexmoney" tests="1" failures="0" timestamp="17 Dec 2019 04:16:56 GMT" time="43.344" errors="0">
  <testcase name="execute" time="43.344" classname="p2_done.PS_yandex_yandexmoney"/>
</testsuite> <!-- p2_done.PS_yandex_yandexmoney -->
