<?xml version="1.0" encoding="UTF-8"?>
<!-- Generated by org.testng.reporters.JUnitReportReporter -->
<testsuite skipped="0" hostname="PW-HAN-063" name="threedsON.PS_gateway_gameforge_p2_6_polk" tests="1" failures="0" timestamp="02 Dec 2019 07:30:24 GMT" time="51.899" errors="0">
  <testcase name="polk" time="51.899" classname="threedsON.PS_gateway_gameforge_p2_6_polk"/>
</testsuite> <!-- threedsON.PS_gateway_gameforge_p2_6_polk -->
