<?xml version="1.0" encoding="UTF-8"?>
<!-- Generated by org.testng.reporters.JUnitReportReporter -->
<testsuite skipped="0" hostname="PW-HAN-063" name="PS_ccbrazil_Test_3dsOFF" tests="1" failures="0" timestamp="16 Oct 2019 11:20:52 GMT" time="48.354" errors="0">
  <testcase name="execute" time="48.354" classname="PS_ccbrazil_Test_3dsOFF"/>
</testsuite> <!-- PS_ccbrazil_Test_3dsOFF -->
