<?xml version="1.0" encoding="UTF-8"?>
<!-- Generated by org.testng.reporters.JUnitReportReporter -->
<testsuite skipped="0" hostname="PW-HAN-063" name="threedsOFF.PS_ccbrazil_old_widget_Test_3dsOFF" tests="1" failures="0" timestamp="06 Dec 2019 09:32:40 GMT" time="37.000" errors="0">
  <testcase name="execute" time="37.000" classname="threedsOFF.PS_ccbrazil_old_widget_Test_3dsOFF"/>
</testsuite> <!-- threedsOFF.PS_ccbrazil_old_widget_Test_3dsOFF -->
