<?xml version="1.0" encoding="UTF-8"?>
<!-- Generated by org.testng.reporters.JUnitReportReporter -->
<testsuite skipped="0" hostname="PW-HAN-063" name="threedsOFF.PS_gateway_fp_html_1v5_polk_ON2" tests="1" failures="0" timestamp="06 Dec 2019 09:27:26 GMT" time="15.915" errors="0">
  <testcase name="polk" time="15.915" classname="threedsOFF.PS_gateway_fp_html_1v5_polk_ON2"/>
</testsuite> <!-- threedsOFF.PS_gateway_fp_html_1v5_polk_ON2 -->
