<?xml version="1.0" encoding="UTF-8"?>
<!-- Generated by org.testng.reporters.JUnitReportReporter -->
<testsuite skipped="0" hostname="DESKTOP-V097D2E" name="automation.project3ds.aSample" tests="1" failures="0" timestamp="18 Jul 2019 05:33:49 GMT" time="0.624" errors="0">
  <testcase name="sample" time="0.624" classname="automation.project3ds.aSample"/>
</testsuite> <!-- automation.project3ds.aSample -->
