<?xml version="1.0" encoding="UTF-8"?>
<!-- Generated by org.testng.reporters.JUnitReportReporter -->
<testsuite skipped="0" hostname="PW-HAN-063" name="PS_ppro_mybank_Test" tests="1" failures="0" timestamp="22 Nov 2019 07:47:35 GMT" time="25.776" errors="0">
  <testcase name="execute" time="25.776" classname="PS_ppro_mybank_Test"/>
</testsuite> <!-- PS_ppro_mybank_Test -->
