<?xml version="1.0" encoding="UTF-8"?>
<!-- Generated by org.testng.reporters.JUnitReportReporter -->
<testsuite skipped="0" hostname="PW-HAN-063" name="p2_done.PS_przelewy24_SelectBank_Test" tests="1" failures="0" timestamp="25 Dec 2019 10:45:26 GMT" time="64.889" errors="0">
  <testcase name="execute" time="64.889" classname="p2_done.PS_przelewy24_SelectBank_Test"/>
</testsuite> <!-- p2_done.PS_przelewy24_SelectBank_Test -->
