<?xml version="1.0" encoding="UTF-8"?>
<!-- Generated by org.testng.reporters.JUnitReportReporter -->
<testsuite skipped="0" hostname="PW-HAN-063" name="PS_cvspharmacy_Test" tests="1" failures="0" timestamp="13 Dec 2019 05:12:46 GMT" time="25.327" errors="0">
  <testcase name="execute" time="25.327" classname="PS_cvspharmacy_Test"/>
</testsuite> <!-- PS_cvspharmacy_Test -->
