<?xml version="1.0" encoding="UTF-8"?>
<!-- Generated by org.testng.reporters.JUnitReportReporter -->
<testsuite skipped="0" hostname="PW-HAN-063" name="Add_Merchant_Test" tests="1" failures="0" timestamp="07 Jan 2020 08:23:35 GMT" time="102.438" errors="0">
  <testcase name="addMerchant" time="102.438" classname="Add_Merchant_Test"/>
</testsuite> <!-- Add_Merchant_Test -->
