<?xml version="1.0" encoding="UTF-8"?>
<!-- Generated by org.testng.reporters.JUnitReportReporter -->
<testsuite skipped="0" hostname="PW-HAN-063" name="p2_done.PS_ppro_epspayments_Test" tests="1" failures="0" timestamp="21 Jan 2020 09:24:05 GMT" time="42.265" errors="0">
  <testcase name="execute" time="42.265" classname="p2_done.PS_ppro_epspayments_Test"/>
</testsuite> <!-- p2_done.PS_ppro_epspayments_Test -->
