<?xml version="1.0" encoding="UTF-8"?>
<!-- Generated by org.testng.reporters.JUnitReportReporter -->
<testsuite skipped="0" hostname="PW-HAN-063" name="Add_Merchant_PW_Test" tests="1" failures="0" timestamp="09 Dec 2019 11:12:49 GMT" time="145.460" errors="0">
  <testcase name="addMerchant" time="145.460" classname="Add_Merchant_PW_Test"/>
</testsuite> <!-- Add_Merchant_PW_Test -->
