<?xml version="1.0" encoding="UTF-8"?>
<!-- Generated by org.testng.reporters.JUnitReportReporter -->
<testsuite skipped="0" hostname="PW-HAN-063" name="threedsOFF.PS_gateway_corel_p2_3_polk" tests="1" failures="0" timestamp="20 Jan 2020 06:21:22 GMT" time="53.645" errors="0">
  <testcase name="polk" time="53.645" classname="threedsOFF.PS_gateway_corel_p2_3_polk"/>
</testsuite> <!-- threedsOFF.PS_gateway_corel_p2_3_polk -->
