<?xml version="1.0" encoding="UTF-8"?>
<!-- Generated by org.testng.reporters.JUnitReportReporter -->
<testsuite skipped="0" hostname="DESKTOP-V097D2E" name="WidgetBrick_1v6_Test" tests="1" failures="0" timestamp="20 Aug 2019 08:13:03 GMT" time="21.085" errors="0">
  <testcase name="emptyTextboxSubmit" time="21.085" classname="WidgetBrick_1v6_Test"/>
</testsuite> <!-- WidgetBrick_1v6_Test -->
