<?xml version="1.0" encoding="UTF-8"?>
<!-- Generated by org.testng.reporters.JUnitReportReporter -->
<testsuite skipped="0" hostname="PW-HAN-063" name="threedsOFF.PS_gateway_widget_compact_polk_OFF" tests="1" failures="0" timestamp="03 Jan 2020 11:39:56 GMT" time="74.374" errors="0">
  <testcase name="polk" time="74.374" classname="threedsOFF.PS_gateway_widget_compact_polk_OFF"/>
</testsuite> <!-- threedsOFF.PS_gateway_widget_compact_polk_OFF -->
