<?xml version="1.0" encoding="UTF-8"?>
<!-- Generated by org.testng.reporters.JUnitReportReporter -->
<testsuite skipped="0" hostname="PW-HAN-063" name="threedsOFF.PS_gateway_widget_old_embarcadero2_OFF" tests="1" failures="0" timestamp="06 Dec 2019 08:49:14 GMT" time="23.175" errors="0">
  <testcase name="v2" time="23.175" classname="threedsOFF.PS_gateway_widget_old_embarcadero2_OFF"/>
</testsuite> <!-- threedsOFF.PS_gateway_widget_old_embarcadero2_OFF -->
