<?xml version="1.0" encoding="UTF-8"?>
<!-- Generated by org.testng.reporters.JUnitReportReporter -->
<testsuite skipped="0" hostname="PW-HAN-063" name="PS_wechatpayments_Test" tests="1" failures="0" timestamp="23 Dec 2019 09:05:16 GMT" time="22.703" errors="0">
  <testcase name="execute" time="22.703" classname="PS_wechatpayments_Test"/>
</testsuite> <!-- PS_wechatpayments_Test -->
