<?xml version="1.0" encoding="UTF-8"?>
<!-- Generated by org.testng.reporters.JUnitReportReporter -->
<testsuite skipped="0" hostname="PW-HAN-063" name="logo.LogoLatestNaming" tests="1" failures="0" timestamp="07 Nov 2019 05:50:26 GMT" time="36.787" errors="0">
  <testcase name="execute" time="36.787" classname="logo.LogoLatestNaming"/>
</testsuite> <!-- logo.LogoLatestNaming -->
