<?xml version="1.0" encoding="UTF-8"?>
<!-- Generated by org.testng.reporters.JUnitReportReporter -->
<testsuite skipped="0" hostname="PW-HAN-063" name="threedsOFF.PS_gateway_fp_html_1v5_embarcalero1_ON2" tests="1" failures="0" timestamp="02 Dec 2019 06:03:38 GMT" time="35.885" errors="0">
  <testcase name="v1" time="35.885" classname="threedsOFF.PS_gateway_fp_html_1v5_embarcalero1_ON2"/>
</testsuite> <!-- threedsOFF.PS_gateway_fp_html_1v5_embarcalero1_ON2 -->
