<?xml version="1.0" encoding="UTF-8"?>
<!-- Generated by org.testng.reporters.JUnitReportReporter -->
<testsuite skipped="0" hostname="PW-HAN-063" name="threedsOFF.PS_gateway_widget_old_embarcadero1_OFF" tests="1" failures="0" timestamp="02 Dec 2019 08:40:36 GMT" time="45.512" errors="0">
  <testcase name="v1" time="45.512" classname="threedsOFF.PS_gateway_widget_old_embarcadero1_OFF"/>
</testsuite> <!-- threedsOFF.PS_gateway_widget_old_embarcadero1_OFF -->
