<?xml version="1.0" encoding="UTF-8"?>
<!-- Generated by org.testng.reporters.JUnitReportReporter -->
<testsuite skipped="0" hostname="PW-HAN-063" name="PS_webmoney_Test" tests="1" failures="0" timestamp="10 Dec 2019 04:23:14 GMT" time="23.548" errors="0">
  <testcase name="execute" time="23.548" classname="PS_webmoney_Test"/>
</testsuite> <!-- PS_webmoney_Test -->
