<?xml version="1.0" encoding="UTF-8"?>
<!-- Generated by org.testng.reporters.JUnitReportReporter -->
<testsuite skipped="0" hostname="PW-HAN-063" name="PS_payvalida_baloto" tests="1" failures="0" timestamp="17 Jan 2020 12:43:28 GMT" time="35.853" errors="0">
  <testcase name="execute" time="35.853" classname="PS_payvalida_baloto"/>
</testsuite> <!-- PS_payvalida_baloto -->
