<?xml version="1.0" encoding="UTF-8"?>
<!-- Generated by org.testng.reporters.JUnitReportReporter -->
<testsuite skipped="0" hostname="PW-HAN-063" name="threedsON.PS_gateway_corel_p2_3_embarcadero2" tests="1" failures="0" timestamp="05 Dec 2019 11:07:06 GMT" time="65.515" errors="0">
  <testcase name="v2" time="65.515" classname="threedsON.PS_gateway_corel_p2_3_embarcadero2"/>
</testsuite> <!-- threedsON.PS_gateway_corel_p2_3_embarcadero2 -->
