<?xml version="1.0" encoding="UTF-8"?>
<!-- Generated by org.testng.reporters.JUnitReportReporter -->
<testsuite skipped="0" hostname="PW-HAN-063" name="PS_gudangvoucher_Test" tests="1" failures="0" timestamp="07 Nov 2019 05:24:25 GMT" time="43.164" errors="0">
  <testcase name="execute" time="43.164" classname="PS_gudangvoucher_Test"/>
</testsuite> <!-- PS_gudangvoucher_Test -->
