<?xml version="1.0" encoding="UTF-8"?>
<!-- Generated by org.testng.reporters.JUnitReportReporter -->
<testsuite skipped="0" hostname="PW-HAN-063" name="PS_Pagseguro" tests="1" failures="0" timestamp="09 Oct 2019 07:27:23 GMT" time="21.920" errors="0">
  <testcase name="case01_06_emptyTextboxClick" time="21.920" classname="PS_Pagseguro"/>
</testsuite> <!-- PS_Pagseguro -->
