<?xml version="1.0" encoding="UTF-8"?>
<!-- Generated by org.testng.reporters.JUnitReportReporter -->
<testsuite skipped="0" hostname="DESKTOP-V097D2E" name="automation.project3ds.BrickURL_OFF2_Test" tests="18" failures="0" timestamp="13 Aug 2019 07:21:17 GMT" time="321.044" errors="0">
  <testcase name="execute" time="18.237" classname="automation.project3ds.BrickURL_OFF2_Test"/>
  <testcase name="execute" time="19.404" classname="automation.project3ds.BrickURL_OFF2_Test"/>
  <testcase name="execute" time="18.590" classname="automation.project3ds.BrickURL_OFF2_Test"/>
  <testcase name="execute" time="16.569" classname="automation.project3ds.BrickURL_OFF2_Test"/>
  <testcase name="execute" time="17.519" classname="automation.project3ds.BrickURL_OFF2_Test"/>
  <testcase name="execute" time="16.965" classname="automation.project3ds.BrickURL_OFF2_Test"/>
  <testcase name="execute" time="16.127" classname="automation.project3ds.BrickURL_OFF2_Test"/>
  <testcase name="execute" time="17.868" classname="automation.project3ds.BrickURL_OFF2_Test"/>
  <testcase name="execute" time="15.860" classname="automation.project3ds.BrickURL_OFF2_Test"/>
  <testcase name="execute" time="14.955" classname="automation.project3ds.BrickURL_OFF2_Test"/>
  <testcase name="execute" time="14.967" classname="automation.project3ds.BrickURL_OFF2_Test"/>
  <testcase name="execute" time="14.783" classname="automation.project3ds.BrickURL_OFF2_Test"/>
  <testcase name="execute" time="30.337" classname="automation.project3ds.BrickURL_OFF2_Test"/>
  <testcase name="execute" time="14.691" classname="automation.project3ds.BrickURL_OFF2_Test"/>
  <testcase name="execute" time="18.895" classname="automation.project3ds.BrickURL_OFF2_Test"/>
  <testcase name="execute" time="20.738" classname="automation.project3ds.BrickURL_OFF2_Test"/>
  <testcase name="execute" time="19.466" classname="automation.project3ds.BrickURL_OFF2_Test"/>
  <testcase name="execute" time="15.073" classname="automation.project3ds.BrickURL_OFF2_Test"/>
</testsuite> <!-- automation.project3ds.BrickURL_OFF2_Test -->
