<?xml version="1.0" encoding="UTF-8"?>
<!-- Generated by org.testng.reporters.JUnitReportReporter -->
<testsuite skipped="0" hostname="PW-HAN-063" name="threedsOFF.PS_gateway_embarcalero2_OFF" tests="1" failures="0" timestamp="18 Oct 2019 04:03:47 GMT" time="22.956" errors="0">
  <testcase name="v2" time="22.956" classname="threedsOFF.PS_gateway_embarcalero2_OFF"/>
</testsuite> <!-- threedsOFF.PS_gateway_embarcalero2_OFF -->
