<?xml version="1.0" encoding="UTF-8"?>
<!-- Generated by org.testng.reporters.JUnitReportReporter -->
<testsuite skipped="0" hostname="PW-HAN-063" name="threedsOFF.PS_gateway_widget_brick_1v6_embarcadero2_OFF" tests="1" failures="0" timestamp="20 Jan 2020 07:31:57 GMT" time="54.515" errors="0">
  <testcase name="v2" time="54.515" classname="threedsOFF.PS_gateway_widget_brick_1v6_embarcadero2_OFF"/>
</testsuite> <!-- threedsOFF.PS_gateway_widget_brick_1v6_embarcadero2_OFF -->
