<?xml version="1.0" encoding="UTF-8"?>
<!-- Generated by org.testng.reporters.JUnitReportReporter -->
<testsuite skipped="0" hostname="PW-HAN-063" name="threedsOFF.PS_gateway_custom_embarcalero2_OFF" tests="1" failures="0" timestamp="21 Oct 2019 04:36:31 GMT" time="9.396" errors="0">
  <testcase name="v2" time="9.396" classname="threedsOFF.PS_gateway_custom_embarcalero2_OFF"/>
</testsuite> <!-- threedsOFF.PS_gateway_custom_embarcalero2_OFF -->
