<?xml version="1.0" encoding="UTF-8"?>
<!-- Generated by org.testng.reporters.JUnitReportReporter -->
<testsuite skipped="0" hostname="DESKTOP-V097D2E" name="automation.project3ds.Aa" tests="4" failures="0" timestamp="10 Jul 2019 08:20:37 GMT" time="0.222" errors="0">
  <testcase name="meo" time="0.001" classname="automation.project3ds.Aa"/>
  <testcase name="meo" time="0.002" classname="automation.project3ds.Aa"/>
  <testcase name="meo" time="0.001" classname="automation.project3ds.Aa"/>
  <testcase name="meo" time="0.218" classname="automation.project3ds.Aa"/>
</testsuite> <!-- automation.project3ds.Aa -->
