<?xml version="1.0" encoding="UTF-8"?>
<!-- Generated by org.testng.reporters.JUnitReportReporter -->
<testsuite skipped="0" hostname="PW-HAN-063" name="threedsON.PS_gateway_fp_custom_embarcalero1_ON2" tests="1" failures="0" timestamp="12 Nov 2019 10:10:09 GMT" time="111.526" errors="0">
  <testcase name="v1" time="111.526" classname="threedsON.PS_gateway_fp_custom_embarcalero1_ON2"/>
</testsuite> <!-- threedsON.PS_gateway_fp_custom_embarcalero1_ON2 -->
