<?xml version="1.0" encoding="UTF-8"?>
<!-- Generated by org.testng.reporters.JUnitReportReporter -->
<testsuite skipped="0" hostname="PW-HAN-063" name="Aa" tests="1" failures="0" timestamp="12 Nov 2019 04:33:33 GMT" time="5.432" errors="0">
  <testcase name="meo" time="5.432" classname="Aa"/>
</testsuite> <!-- Aa -->
