<?xml version="1.0" encoding="UTF-8"?>
<!-- Generated by org.testng.reporters.JUnitReportReporter -->
<testsuite skipped="0" hostname="PW-HAN-063" name="PS_gateway_old_Test" tests="1" failures="0" timestamp="14 Oct 2019 13:06:27 GMT" time="1020.477" errors="0">
  <testcase name="execute" time="1020.477" classname="PS_gateway_old_Test"/>
</testsuite> <!-- PS_gateway_old_Test -->
