<?xml version="1.0" encoding="UTF-8"?>
<!-- Generated by org.testng.reporters.JUnitReportReporter -->
<testsuite skipped="0" hostname="PW-HAN-063" name="threedsON.PS_gateway_embarcalero1_ON" tests="1" failures="0" timestamp="18 Oct 2019 07:08:04 GMT" time="69.023" errors="0">
  <testcase name="v1" time="69.023" classname="threedsON.PS_gateway_embarcalero1_ON"/>
</testsuite> <!-- threedsON.PS_gateway_embarcalero1_ON -->
