<?xml version="1.0" encoding="UTF-8"?>
<!-- Generated by org.testng.reporters.JUnitReportReporter -->
<testsuite skipped="0" hostname="PW-HAN-063" name="threedsON.PS_gateway_brick_widget_1v6_widget_polk_ON" tests="1" failures="0" timestamp="08 Nov 2019 08:52:30 GMT" time="53.520" errors="0">
  <testcase name="polk" time="53.520" classname="threedsON.PS_gateway_brick_widget_1v6_widget_polk_ON"/>
</testsuite> <!-- threedsON.PS_gateway_brick_widget_1v6_widget_polk_ON -->
