<?xml version="1.0" encoding="UTF-8"?>
<!-- Generated by org.testng.reporters.JUnitReportReporter -->
<testsuite skipped="0" hostname="PW-HAN-063" name="threedsOFF.PS_gateway_corel_p2_3_embarcadero2" tests="1" failures="0" timestamp="02 Dec 2019 08:45:29 GMT" time="44.890" errors="0">
  <testcase name="v2" time="44.890" classname="threedsOFF.PS_gateway_corel_p2_3_embarcadero2"/>
</testsuite> <!-- threedsOFF.PS_gateway_corel_p2_3_embarcadero2 -->
