<?xml version="1.0" encoding="UTF-8"?>
<!-- Generated by org.testng.reporters.JUnitReportReporter -->
<testsuite skipped="0" hostname="PW-HAN-063" name="PS_paypal_Test" tests="1" failures="0" timestamp="03 Jan 2020 04:40:52 GMT" time="69.985" errors="0">
  <testcase name="execute" time="69.985" classname="PS_paypal_Test"/>
</testsuite> <!-- PS_paypal_Test -->
