<?xml version="1.0" encoding="UTF-8"?>
<!-- Generated by org.testng.reporters.JUnitReportReporter -->
<testsuite skipped="0" hostname="PW-HAN-063" name="PS_ccbrazilhipercard_Test" tests="1" failures="0" timestamp="16 Oct 2019 10:43:47 GMT" time="116.112" errors="0">
  <testcase name="execute" time="116.112" classname="PS_ccbrazilhipercard_Test"/>
</testsuite> <!-- PS_ccbrazilhipercard_Test -->
