<?xml version="1.0" encoding="UTF-8"?>
<!-- Generated by org.testng.reporters.JUnitReportReporter -->
<testsuite skipped="0" hostname="PW-HAN-063" name="threedsON.PS_gateway_fp_custom_embarcalero1_ON2" tests="1" failures="0" timestamp="01 Nov 2019 04:12:18 GMT" time="52.469" errors="0">
  <testcase name="v1" time="52.469" classname="threedsON.PS_gateway_fp_custom_embarcalero1_ON2"/>
</testsuite> <!-- threedsON.PS_gateway_fp_custom_embarcalero1_ON2 -->
