<?xml version="1.0" encoding="UTF-8"?>
<!-- Generated by org.testng.reporters.JUnitReportReporter -->
<testsuite skipped="0" hostname="PW-HAN-063" name="PS_Pagseguro_Test" tests="3" failures="0" timestamp="17 Oct 2019 03:55:22 GMT" time="419.770" errors="0">
  <testcase name="execute" time="202.855" classname="PS_Pagseguro_Test"/>
  <testcase name="execute" time="110.641" classname="PS_Pagseguro_Test"/>
  <testcase name="execute" time="106.274" classname="PS_Pagseguro_Test"/>
</testsuite> <!-- PS_Pagseguro_Test -->
