<?xml version="1.0" encoding="UTF-8"?>
<!-- Generated by org.testng.reporters.JUnitReportReporter -->
<testsuite skipped="0" hostname="DESKTOP-V097D2E" name="automation.project3ds.aSample" tests="1" failures="0" timestamp="16 Jul 2019 12:57:52 GMT" time="16.419" errors="0">
  <testcase name="sample" time="16.419" classname="automation.project3ds.aSample"/>
</testsuite> <!-- automation.project3ds.aSample -->
