<?xml version="1.0" encoding="UTF-8"?>
<!-- Generated by org.testng.reporters.JUnitReportReporter -->
<testsuite skipped="0" hostname="PW-HAN-063" name="threedsON.PS_gateway_html_1v5_embarcalero2_ON" tests="1" failures="0" timestamp="20 Jan 2020 05:06:24 GMT" time="60.179" errors="0">
  <testcase name="v2" time="60.179" classname="threedsON.PS_gateway_html_1v5_embarcalero2_ON"/>
</testsuite> <!-- threedsON.PS_gateway_html_1v5_embarcalero2_ON -->
