<?xml version="1.0" encoding="UTF-8"?>
<!-- Generated by org.testng.reporters.JUnitReportReporter -->
<testsuite skipped="0" hostname="PW-HAN-063" name="PS_ppro_idealpayments_Test" tests="1" failures="0" timestamp="07 Nov 2019 12:21:37 GMT" time="15.288" errors="0">
  <testcase name="execute" time="15.288" classname="PS_ppro_idealpayments_Test"/>
</testsuite> <!-- PS_ppro_idealpayments_Test -->
