<?xml version="1.0" encoding="UTF-8"?>
<!-- Generated by org.testng.reporters.JUnitReportReporter -->
<testsuite skipped="0" hostname="PW-HAN-063" name="p2_done.PS_sofort_sofortbt_Test" tests="1" failures="0" timestamp="16 Dec 2019 05:47:13 GMT" time="37.143" errors="0">
  <testcase name="execute" time="37.143" classname="p2_done.PS_sofort_sofortbt_Test"/>
</testsuite> <!-- p2_done.PS_sofort_sofortbt_Test -->
