<?xml version="1.0" encoding="UTF-8"?>
<!-- Generated by org.testng.reporters.JUnitReportReporter -->
<testsuite skipped="0" hostname="DESKTOP-V097D2E" name="automation.project3ds.BrickWidget_OFF1_1v5" tests="7" failures="0" timestamp="15 Aug 2019 10:30:36 GMT" time="167.695" errors="0">
  <testcase name="execute" time="18.914" classname="automation.project3ds.BrickWidget_OFF1_1v5"/>
  <testcase name="execute" time="19.341" classname="automation.project3ds.BrickWidget_OFF1_1v5"/>
  <testcase name="execute" time="49.883" classname="automation.project3ds.BrickWidget_OFF1_1v5"/>
  <testcase name="execute" time="20.058" classname="automation.project3ds.BrickWidget_OFF1_1v5"/>
  <testcase name="execute" time="20.475" classname="automation.project3ds.BrickWidget_OFF1_1v5"/>
  <testcase name="execute" time="19.197" classname="automation.project3ds.BrickWidget_OFF1_1v5"/>
  <testcase name="execute" time="19.827" classname="automation.project3ds.BrickWidget_OFF1_1v5"/>
</testsuite> <!-- automation.project3ds.BrickWidget_OFF1_1v5 -->
