<?xml version="1.0" encoding="UTF-8"?>
<!-- Generated by org.testng.reporters.JUnitReportReporter -->
<testsuite skipped="0" hostname="PW-HAN-063" name="p2_need_whitelist_pingback.PS_sofort_sofortbanktransfer_Test" tests="1" failures="0" timestamp="25 Dec 2019 08:26:23 GMT" time="39.107" errors="0">
  <testcase name="execute" time="39.107" classname="p2_need_whitelist_pingback.PS_sofort_sofortbanktransfer_Test"/>
</testsuite> <!-- p2_need_whitelist_pingback.PS_sofort_sofortbanktransfer_Test -->
