<?xml version="1.0" encoding="UTF-8"?>
<!-- Generated by org.testng.reporters.JUnitReportReporter -->
<testsuite skipped="0" hostname="PW-HAN-063" name="Logo" tests="1" failures="0" timestamp="18 Sep 2019 04:59:49 GMT" time="52.630" errors="0">
  <testcase name="buildLogoReport" time="52.630" classname="Logo"/>
</testsuite> <!-- Logo -->
