<?xml version="1.0" encoding="UTF-8"?>
<!-- Generated by org.testng.reporters.JUnitReportReporter -->
<testsuite skipped="0" hostname="DESKTOP-V097D2E" name="automation.project3ds.AppTest" tests="1" failures="0" timestamp="19 Jun 2019 06:01:31 GMT" time="0.036" errors="0">
  <testcase name="meo" time="0.036" classname="automation.project3ds.AppTest"/>
</testsuite> <!-- automation.project3ds.AppTest -->
