<?xml version="1.0" encoding="UTF-8"?>
<!-- Generated by org.testng.reporters.JUnitReportReporter -->
<testsuite skipped="0" hostname="PW-HAN-063" name="PS_gateway_old_Test_3dsOFF" tests="1" failures="0" timestamp="17 Oct 2019 05:52:04 GMT" time="30.905" errors="0">
  <testcase name="v2" time="30.905" classname="PS_gateway_old_Test_3dsOFF"/>
</testsuite> <!-- PS_gateway_old_Test_3dsOFF -->
