<?xml version="1.0" encoding="UTF-8"?>
<!-- Generated by org.testng.reporters.JUnitReportReporter -->
<testsuite skipped="0" hostname="DESKTOP-V097D2E" name="automation.project3ds.BrickHTML_Card1_ON_Test" tests="11" failures="0" timestamp="08 Aug 2019 09:02:54 GMT" time="502.408" errors="0">
  <testcase name="execute" time="24.462" classname="automation.project3ds.BrickHTML_Card1_ON_Test"/>
  <testcase name="execute" time="26.729" classname="automation.project3ds.BrickHTML_Card1_ON_Test"/>
  <testcase name="execute" time="38.275" classname="automation.project3ds.BrickHTML_Card1_ON_Test"/>
  <testcase name="execute" time="20.165" classname="automation.project3ds.BrickHTML_Card1_ON_Test"/>
  <testcase name="execute" time="213.213" classname="automation.project3ds.BrickHTML_Card1_ON_Test"/>
  <testcase name="execute" time="32.991" classname="automation.project3ds.BrickHTML_Card1_ON_Test"/>
  <testcase name="execute" time="37.188" classname="automation.project3ds.BrickHTML_Card1_ON_Test"/>
  <testcase name="execute" time="17.895" classname="automation.project3ds.BrickHTML_Card1_ON_Test"/>
  <testcase name="execute" time="33.556" classname="automation.project3ds.BrickHTML_Card1_ON_Test"/>
  <testcase name="execute" time="27.781" classname="automation.project3ds.BrickHTML_Card1_ON_Test"/>
  <testcase name="execute" time="30.153" classname="automation.project3ds.BrickHTML_Card1_ON_Test"/>
</testsuite> <!-- automation.project3ds.BrickHTML_Card1_ON_Test -->
