<?xml version="1.0" encoding="UTF-8"?>
<!-- Generated by org.testng.reporters.JUnitReportReporter -->
<testsuite skipped="0" hostname="PW-HAN-063" name="PS_ppro_multibanco_Test" tests="1" failures="0" timestamp="07 Nov 2019 12:27:01 GMT" time="29.420" errors="0">
  <testcase name="execute" time="29.420" classname="PS_ppro_multibanco_Test"/>
</testsuite> <!-- PS_ppro_multibanco_Test -->
