<?xml version="1.0" encoding="UTF-8"?>
<!-- Generated by org.testng.reporters.JUnitReportReporter -->
<testsuite skipped="0" hostname="PW-HAN-063" name="threedsOFF.PS_gateway_html_1v5_polk_ON" tests="1" failures="0" timestamp="06 Dec 2019 09:13:07 GMT" time="37.105" errors="0">
  <testcase name="polk" time="37.105" classname="threedsOFF.PS_gateway_html_1v5_polk_ON"/>
</testsuite> <!-- threedsOFF.PS_gateway_html_1v5_polk_ON -->
