<?xml version="1.0" encoding="UTF-8"?>
<!-- Generated by org.testng.reporters.JUnitReportReporter -->
<testsuite skipped="0" hostname="PW-HAN-063" name="threedsOFF.PS_gateway_widget_compact_embarcadero1_OFF" tests="1" failures="0" timestamp="03 Jan 2020 11:39:56 GMT" time="46.514" errors="0">
  <testcase name="v1" time="46.514" classname="threedsOFF.PS_gateway_widget_compact_embarcadero1_OFF"/>
</testsuite> <!-- threedsOFF.PS_gateway_widget_compact_embarcadero1_OFF -->
