<?xml version="1.0" encoding="UTF-8"?>
<!-- Generated by org.testng.reporters.JUnitReportReporter -->
<testsuite skipped="0" hostname="PW-HAN-063" name="PS_ppro_multibanco_Test" tests="1" failures="0" timestamp="15 Nov 2019 11:23:05 GMT" time="21.721" errors="0">
  <testcase name="execute" time="21.721" classname="PS_ppro_multibanco_Test"/>
</testsuite> <!-- PS_ppro_multibanco_Test -->
