<?xml version="1.0" encoding="UTF-8"?>
<!-- Generated by org.testng.reporters.JUnitReportReporter -->
<testsuite skipped="0" hostname="PW-HAN-063" name="PS_banktransfercn_Test" tests="1" failures="0" timestamp="26 Dec 2019 09:57:30 GMT" time="153.494" errors="0">
  <testcase name="execute" time="153.494" classname="PS_banktransfercn_Test"/>
</testsuite> <!-- PS_banktransfercn_Test -->
