<?xml version="1.0" encoding="UTF-8"?>
<!-- Generated by org.testng.reporters.JUnitReportReporter -->
<testsuite skipped="0" hostname="PW-HAN-063" name="PS_boletobancario_Personal_Test" tests="1" failures="0" timestamp="07 Nov 2019 12:51:30 GMT" time="19.548" errors="0">
  <testcase name="execute" time="19.548" classname="PS_boletobancario_Personal_Test"/>
</testsuite> <!-- PS_boletobancario_Personal_Test -->
