<?xml version="1.0" encoding="UTF-8"?>
<!-- Generated by org.testng.reporters.JUnitReportReporter -->
<testsuite skipped="0" hostname="PW-HAN-063" name="threedsON.PS_gateway_old_widget_embarcalero1_ON" tests="1" failures="0" timestamp="14 Nov 2019 05:12:08 GMT" time="37.031" errors="0">
  <testcase name="v1" time="37.031" classname="threedsON.PS_gateway_old_widget_embarcalero1_ON"/>
</testsuite> <!-- threedsON.PS_gateway_old_widget_embarcalero1_ON -->
