<?xml version="1.0" encoding="UTF-8"?>
<!-- Generated by org.testng.reporters.JUnitReportReporter -->
<testsuite skipped="0" hostname="PW-HAN-063" name="Case20_24_WidgetBrick_1v6_Test_ValidateExpirationDate" tests="4" failures="0" timestamp="23 Sep 2019 09:44:47 GMT" time="67.849" errors="0">
  <testcase name="todayValue" time="17.445" classname="Case20_24_WidgetBrick_1v6_Test_ValidateExpirationDate"/>
  <testcase name="futureValueLong" time="20.380" classname="Case20_24_WidgetBrick_1v6_Test_ValidateExpirationDate"/>
  <testcase name="futureValueShort" time="14.536" classname="Case20_24_WidgetBrick_1v6_Test_ValidateExpirationDate"/>
  <testcase name="pastValue" time="15.488" classname="Case20_24_WidgetBrick_1v6_Test_ValidateExpirationDate"/>
</testsuite> <!-- Case20_24_WidgetBrick_1v6_Test_ValidateExpirationDate -->
