<?xml version="1.0" encoding="UTF-8"?>
<!-- Generated by org.testng.reporters.JUnitReportReporter -->
<testsuite skipped="0" hostname="PW-HAN-063" name="p2_need_whitelist_pingback.PS_mollie_idealnl_Test" tests="1" failures="0" timestamp="02 Jan 2020 11:00:00 GMT" time="30.208" errors="0">
  <testcase name="execute" time="30.208" classname="p2_need_whitelist_pingback.PS_mollie_idealnl_Test"/>
</testsuite> <!-- p2_need_whitelist_pingback.PS_mollie_idealnl_Test -->
