<?xml version="1.0" encoding="UTF-8"?>
<!-- Generated by org.testng.reporters.JUnitReportReporter -->
<testsuite skipped="0" hostname="PW-HAN-063" name="threedsON.PS_gateway_brick_widget_1v5_embarcalero1_ON" tests="1" failures="0" timestamp="25 Nov 2019 04:36:27 GMT" time="77.313" errors="0">
  <testcase name="v1" time="77.313" classname="threedsON.PS_gateway_brick_widget_1v5_embarcalero1_ON"/>
</testsuite> <!-- threedsON.PS_gateway_brick_widget_1v5_embarcalero1_ON -->
