<?xml version="1.0" encoding="UTF-8"?>
<!-- Generated by org.testng.reporters.JUnitReportReporter -->
<testsuite skipped="0" hostname="PW-HAN-063" name="threedsOFF.PS_ccbrazilhipercard_old_widget_Test_3dsOFF" tests="1" failures="0" timestamp="06 Dec 2019 09:32:33 GMT" time="47.977" errors="0">
  <testcase name="execute" time="47.977" classname="threedsOFF.PS_ccbrazilhipercard_old_widget_Test_3dsOFF"/>
</testsuite> <!-- threedsOFF.PS_ccbrazilhipercard_old_widget_Test_3dsOFF -->
