<?xml version="1.0" encoding="UTF-8"?>
<!-- Generated by org.testng.reporters.JUnitReportReporter -->
<testsuite skipped="0" hostname="PW-HAN-063" name="PS_ebanx_itaubrazil_Test" tests="1" failures="0" timestamp="21 Nov 2019 12:18:42 GMT" time="64.183" errors="0">
  <testcase name="execute" time="64.183" classname="PS_ebanx_itaubrazil_Test"/>
</testsuite> <!-- PS_ebanx_itaubrazil_Test -->
