<?xml version="1.0" encoding="UTF-8"?>
<!-- Generated by org.testng.reporters.JUnitReportReporter -->
<testsuite skipped="0" hostname="PW-HAN-063" name="WidgetBrick_1v6_Test_ValidateExpirationDate" tests="4" failures="0" timestamp="04 Sep 2019 11:38:54 GMT" time="37.287" errors="0">
  <testcase name="pastValue" time="8.641" classname="WidgetBrick_1v6_Test_ValidateExpirationDate"/>
  <testcase name="futureValueLong" time="11.907" classname="WidgetBrick_1v6_Test_ValidateExpirationDate"/>
  <testcase name="futureValueShort" time="8.674" classname="WidgetBrick_1v6_Test_ValidateExpirationDate"/>
  <testcase name="todayValue" time="8.065" classname="WidgetBrick_1v6_Test_ValidateExpirationDate"/>
</testsuite> <!-- WidgetBrick_1v6_Test_ValidateExpirationDate -->
