<?xml version="1.0" encoding="UTF-8"?>
<!-- Generated by org.testng.reporters.JUnitReportReporter -->
<testsuite skipped="0" hostname="PW-HAN-063" name="PS_gateway_Test_3dsON" tests="3" failures="0" timestamp="17 Oct 2019 09:18:43 GMT" time="131.944" errors="0">
  <testcase name="polk" time="56.767" classname="PS_gateway_Test_3dsON"/>
  <testcase name="v2" time="38.462" classname="PS_gateway_Test_3dsON"/>
  <testcase name="v1" time="36.715" classname="PS_gateway_Test_3dsON"/>
</testsuite> <!-- PS_gateway_Test_3dsON -->
