<?xml version="1.0" encoding="UTF-8"?>
<!-- Generated by org.testng.reporters.JUnitReportReporter -->
<testsuite skipped="0" hostname="PW-HAN-063" name="Aa" tests="1" failures="0" timestamp="24 Oct 2019 04:50:05 GMT" time="4.740" errors="0">
  <testcase name="meo" time="4.740" classname="Aa"/>
</testsuite> <!-- Aa -->
