<?xml version="1.0" encoding="UTF-8"?>
<!-- Generated by org.testng.reporters.JUnitReportReporter -->
<testsuite skipped="0" hostname="PW-HAN-063" name="threedsON.PS_ccbrazil_compact_widget_Test_3dsON" tests="1" failures="0" timestamp="02 Dec 2019 08:12:19 GMT" time="29.983" errors="0">
  <testcase name="execute" time="29.983" classname="threedsON.PS_ccbrazil_compact_widget_Test_3dsON"/>
</testsuite> <!-- threedsON.PS_ccbrazil_compact_widget_Test_3dsON -->
