<?xml version="1.0" encoding="UTF-8"?>
<!-- Generated by org.testng.reporters.JUnitReportReporter -->
<testsuite skipped="0" hostname="PW-HAN-063" name="threedsOFF.PS_gateway_embarcalero1_OFF" tests="1" failures="0" timestamp="18 Oct 2019 03:49:34 GMT" time="35.958" errors="0">
  <testcase name="v1" time="35.958" classname="threedsOFF.PS_gateway_embarcalero1_OFF"/>
</testsuite> <!-- threedsOFF.PS_gateway_embarcalero1_OFF -->
