<?xml version="1.0" encoding="UTF-8"?>
<!-- Generated by org.testng.reporters.JUnitReportReporter -->
<testsuite skipped="0" hostname="PW-HAN-063" name="PS_belfius_Test" tests="1" failures="0" timestamp="04 Nov 2019 05:54:23 GMT" time="16.479" errors="0">
  <testcase name="execute" time="16.479" classname="PS_belfius_Test"/>
</testsuite> <!-- PS_belfius_Test -->
