<?xml version="1.0" encoding="UTF-8"?>
<!-- Generated by org.testng.reporters.JUnitReportReporter -->
<testsuite skipped="0" hostname="PW-HAN-063" name="threedsOFF.PS_gateway_corel_p2_3_embarcadero1" tests="1" failures="0" timestamp="06 Dec 2019 09:38:22 GMT" time="52.456" errors="0">
  <testcase name="v1" time="52.456" classname="threedsOFF.PS_gateway_corel_p2_3_embarcadero1"/>
</testsuite> <!-- threedsOFF.PS_gateway_corel_p2_3_embarcadero1 -->
