<?xml version="1.0" encoding="UTF-8"?>
<!-- Generated by org.testng.reporters.JUnitReportReporter -->
<testsuite skipped="0" hostname="PW-HAN-063" name="threedsOFF.PS_gateway_gameforge_p2_6_polk" tests="1" failures="0" timestamp="06 Dec 2019 09:22:06 GMT" time="38.231" errors="0">
  <testcase name="polk" time="38.231" classname="threedsOFF.PS_gateway_gameforge_p2_6_polk"/>
</testsuite> <!-- threedsOFF.PS_gateway_gameforge_p2_6_polk -->
