<?xml version="1.0" encoding="UTF-8"?>
<!-- Generated by org.testng.reporters.JUnitReportReporter -->
<testsuite skipped="0" hostname="PW-HAN-063" name="threedsOFF.PS_gateway_old_polk_OFF" tests="1" failures="0" timestamp="21 Oct 2019 04:36:31 GMT" time="43.986" errors="0">
  <testcase name="polk" time="43.986" classname="threedsOFF.PS_gateway_old_polk_OFF"/>
</testsuite> <!-- threedsOFF.PS_gateway_old_polk_OFF -->
