<?xml version="1.0" encoding="UTF-8"?>
<!-- Generated by org.testng.reporters.JUnitReportReporter -->
<testsuite skipped="0" hostname="DESKTOP-V097D2E" name="automation.project3ds.testBrickHTML" tests="1" failures="0" timestamp="18 Jul 2019 08:33:04 GMT" time="24.308" errors="0">
  <testcase name="execute" time="24.308" classname="automation.project3ds.testBrickHTML"/>
</testsuite> <!-- automation.project3ds.testBrickHTML -->
