<?xml version="1.0" encoding="UTF-8"?>
<!-- Generated by org.testng.reporters.JUnitReportReporter -->
<testsuite skipped="0" hostname="DESKTOP-V097D2E" name="FilterTestSample" tests="1" failures="0" timestamp="22 Aug 2019 11:01:48 GMT" time="3.243" errors="0">
  <testcase name="meo" time="3.243" classname="FilterTestSample"/>
</testsuite> <!-- FilterTestSample -->
