<?xml version="1.0" encoding="UTF-8"?>
<!-- Generated by org.testng.reporters.JUnitReportReporter -->
<testsuite skipped="0" hostname="PW-HAN-063" name="automation.project3ds.oldTest.Aa" tests="1" failures="0" timestamp="10 Sep 2019 11:31:55 GMT" time="0.015" errors="0">
  <testcase name="killRemain" time="0.015" classname="automation.project3ds.oldTest.Aa"/>
</testsuite> <!-- automation.project3ds.oldTest.Aa -->
