<?xml version="1.0" encoding="UTF-8"?>
<!-- Generated by org.testng.reporters.JUnitReportReporter -->
<testsuite skipped="0" hostname="PW-HAN-063" name="threedsOFF.PS_gateway_brick_widget_1v6_embarcadero1_OFF" tests="1" failures="0" timestamp="25 Nov 2019 04:53:15 GMT" time="82.302" errors="0">
  <testcase name="v1" time="82.302" classname="threedsOFF.PS_gateway_brick_widget_1v6_embarcadero1_OFF"/>
</testsuite> <!-- threedsOFF.PS_gateway_brick_widget_1v6_embarcadero1_OFF -->
