<?xml version="1.0" encoding="UTF-8"?>
<!-- Generated by org.testng.reporters.JUnitReportReporter -->
<testsuite skipped="0" hostname="PW-HAN-063" name="threedsON.PS_gateway_widget_compact_embarcalero1_ON" tests="1" failures="0" timestamp="02 Dec 2019 07:28:46 GMT" time="52.434" errors="0">
  <testcase name="v1" time="52.434" classname="threedsON.PS_gateway_widget_compact_embarcalero1_ON"/>
</testsuite> <!-- threedsON.PS_gateway_widget_compact_embarcalero1_ON -->
