<?xml version="1.0" encoding="UTF-8"?>
<!-- Generated by org.testng.reporters.JUnitReportReporter -->
<testsuite skipped="0" hostname="DESKTOP-V097D2E" name="automation.project3ds.Aa" tests="1" failures="0" timestamp="08 Jul 2019 04:52:28 GMT" time="0.011" errors="0">
  <testcase name="meo" time="0.011" classname="automation.project3ds.Aa"/>
</testsuite> <!-- automation.project3ds.Aa -->
