<?xml version="1.0" encoding="UTF-8"?>
<!-- Generated by org.testng.reporters.JUnitReportReporter -->
<testsuite skipped="0" hostname="PW-HAN-063" name="PS_Sofortbt_Test" tests="1" failures="0" timestamp="31 Oct 2019 09:48:17 GMT" time="66.423" errors="0">
  <testcase name="execute" time="66.423" classname="PS_Sofortbt_Test"/>
</testsuite> <!-- PS_Sofortbt_Test -->
