<?xml version="1.0" encoding="UTF-8"?>
<!-- Generated by org.testng.reporters.JUnitReportReporter -->
<testsuite skipped="0" hostname="PW-HAN-063" name="threedsON.PS_gateway_compact_widget_embarcalero1_ON" tests="1" failures="0" timestamp="13 Nov 2019 04:16:10 GMT" time="57.353" errors="0">
  <testcase name="v1" time="57.353" classname="threedsON.PS_gateway_compact_widget_embarcalero1_ON"/>
</testsuite> <!-- threedsON.PS_gateway_compact_widget_embarcalero1_ON -->
