<?xml version="1.0" encoding="UTF-8"?>
<!-- Generated by org.testng.reporters.JUnitReportReporter -->
<testsuite skipped="0" hostname="PW-HAN-063" name="threedsOFF.PS_gateway_fp_html_embarcalero2_OFF2" tests="1" failures="0" timestamp="21 Oct 2019 04:36:31 GMT" time="15.427" errors="0">
  <testcase name="v2" time="15.427" classname="threedsOFF.PS_gateway_fp_html_embarcalero2_OFF2"/>
</testsuite> <!-- threedsOFF.PS_gateway_fp_html_embarcalero2_OFF2 -->
