<?xml version="1.0" encoding="UTF-8"?>
<!-- Generated by org.testng.reporters.JUnitReportReporter -->
<testsuite skipped="0" hostname="PW-HAN-063" name="PS_astropay_oxxo_Test" tests="1" failures="0" timestamp="12 Dec 2019 12:32:53 GMT" time="36.278" errors="0">
  <testcase name="execute" time="36.278" classname="PS_astropay_oxxo_Test"/>
</testsuite> <!-- PS_astropay_oxxo_Test -->
