<?xml version="1.0" encoding="UTF-8"?>
<!-- Generated by org.testng.reporters.JUnitReportReporter -->
<testsuite skipped="0" hostname="PW-HAN-063" name="threedsON.PS_gateway_fp_custom_embarcalero2_ON2" tests="1" failures="0" timestamp="08 Nov 2019 08:52:30 GMT" time="37.040" errors="0">
  <testcase name="v2" time="37.040" classname="threedsON.PS_gateway_fp_custom_embarcalero2_ON2"/>
</testsuite> <!-- threedsON.PS_gateway_fp_custom_embarcalero2_ON2 -->
