<?xml version="1.0" encoding="UTF-8"?>
<!-- Generated by org.testng.reporters.JUnitReportReporter -->
<testsuite skipped="0" hostname="PW-HAN-063" name="threedsON.PS_ccbrazilhipercard_compact_widget_Test_3dsON" tests="1" failures="0" timestamp="02 Dec 2019 08:12:30 GMT" time="53.578" errors="0">
  <testcase name="execute" time="53.578" classname="threedsON.PS_ccbrazilhipercard_compact_widget_Test_3dsON"/>
</testsuite> <!-- threedsON.PS_ccbrazilhipercard_compact_widget_Test_3dsON -->
