<?xml version="1.0" encoding="UTF-8"?>
<!-- Generated by org.testng.reporters.JUnitReportReporter -->
<testsuite skipped="0" hostname="PW-HAN-063" name="threedsOFF.PS_gateway_widget_brick_1v6_embarcadero2_OFF" tests="1" failures="0" timestamp="02 Dec 2019 08:41:54 GMT" time="41.705" errors="0">
  <testcase name="v2" time="41.705" classname="threedsOFF.PS_gateway_widget_brick_1v6_embarcadero2_OFF"/>
</testsuite> <!-- threedsOFF.PS_gateway_widget_brick_1v6_embarcadero2_OFF -->
