<?xml version="1.0" encoding="UTF-8"?>
<!-- Generated by org.testng.reporters.JUnitReportReporter -->
<testsuite skipped="0" hostname="DESKTOP-V097D2E" name="automation.project3ds.oldTest.aSample" tests="1" failures="0" timestamp="21 Aug 2019 04:45:03 GMT" time="2.296" errors="0">
  <testcase name="meo" time="2.296" classname="automation.project3ds.oldTest.aSample"/>
</testsuite> <!-- automation.project3ds.oldTest.aSample -->
