<?xml version="1.0" encoding="UTF-8"?>
<!-- Generated by org.testng.reporters.JUnitReportReporter -->
<testsuite skipped="0" hostname="DESKTOP-V097D2E" name="automation.project3ds.BrickURL_OFF1_Test" tests="12" failures="0" timestamp="13 Aug 2019 07:20:22 GMT" time="317.551" errors="0">
  <testcase name="execute" time="28.154" classname="automation.project3ds.BrickURL_OFF1_Test"/>
  <testcase name="execute" time="20.409" classname="automation.project3ds.BrickURL_OFF1_Test"/>
  <testcase name="execute" time="18.786" classname="automation.project3ds.BrickURL_OFF1_Test"/>
  <testcase name="execute" time="26.003" classname="automation.project3ds.BrickURL_OFF1_Test"/>
  <testcase name="execute" time="43.681" classname="automation.project3ds.BrickURL_OFF1_Test"/>
  <testcase name="execute" time="21.555" classname="automation.project3ds.BrickURL_OFF1_Test"/>
  <testcase name="execute" time="20.336" classname="automation.project3ds.BrickURL_OFF1_Test"/>
  <testcase name="execute" time="28.442" classname="automation.project3ds.BrickURL_OFF1_Test"/>
  <testcase name="execute" time="21.737" classname="automation.project3ds.BrickURL_OFF1_Test"/>
  <testcase name="execute" time="37.086" classname="automation.project3ds.BrickURL_OFF1_Test"/>
  <testcase name="execute" time="25.411" classname="automation.project3ds.BrickURL_OFF1_Test"/>
  <testcase name="execute" time="25.951" classname="automation.project3ds.BrickURL_OFF1_Test"/>
</testsuite> <!-- automation.project3ds.BrickURL_OFF1_Test -->
