<?xml version="1.0" encoding="UTF-8"?>
<!-- Generated by org.testng.reporters.JUnitReportReporter -->
<testsuite skipped="0" hostname="DESKTOP-V097D2E" name="WidgetBrick_1v6_Test_tab_idealpayments_Ideal" tests="1" failures="0" timestamp="26 Aug 2019 05:00:58 GMT" time="39.507" errors="0">
  <testcase name="paymentSuccess" time="39.507" classname="WidgetBrick_1v6_Test_tab_idealpayments_Ideal"/>
</testsuite> <!-- WidgetBrick_1v6_Test_tab_idealpayments_Ideal -->
