<?xml version="1.0" encoding="UTF-8"?>
<!-- Generated by org.testng.reporters.JUnitReportReporter -->
<testsuite skipped="0" hostname="PW-HAN-063" name="threedsON.PS_gateway_fp_html_1v5_embarcalero2_ON2" tests="1" failures="0" timestamp="02 Dec 2019 07:46:57 GMT" time="43.497" errors="0">
  <testcase name="v2" time="43.497" classname="threedsON.PS_gateway_fp_html_1v5_embarcalero2_ON2"/>
</testsuite> <!-- threedsON.PS_gateway_fp_html_1v5_embarcalero2_ON2 -->
