<?xml version="1.0" encoding="UTF-8"?>
<!-- Generated by org.testng.reporters.JUnitReportReporter -->
<testsuite skipped="0" hostname="PW-HAN-063" name="threedsON.PS_gateway_old_widget_polk_ON" tests="1" failures="0" timestamp="21 Nov 2019 04:52:26 GMT" time="56.219" errors="0">
  <testcase name="polk" time="56.219" classname="threedsON.PS_gateway_old_widget_polk_ON"/>
</testsuite> <!-- threedsON.PS_gateway_old_widget_polk_ON -->
