<?xml version="1.0" encoding="UTF-8"?>
<!-- Generated by org.testng.reporters.JUnitReportReporter -->
<testsuite skipped="0" hostname="PW-HAN-063" name="PS_astropay_redcompra_Test" tests="1" failures="0" timestamp="13 Dec 2019 03:57:14 GMT" time="33.313" errors="0">
  <testcase name="execute" time="33.313" classname="PS_astropay_redcompra_Test"/>
</testsuite> <!-- PS_astropay_redcompra_Test -->
