<?xml version="1.0" encoding="UTF-8"?>
<!-- Generated by org.testng.reporters.JUnitReportReporter -->
<testsuite skipped="0" hostname="PW-HAN-063" name="threedsON.PS_ccbrazilhipercard_old_widget_Test_3dsON2" tests="1" failures="0" timestamp="20 Jan 2020 04:40:19 GMT" time="62.459" errors="0">
  <testcase name="execute" time="62.459" classname="threedsON.PS_ccbrazilhipercard_old_widget_Test_3dsON2"/>
</testsuite> <!-- threedsON.PS_ccbrazilhipercard_old_widget_Test_3dsON2 -->
