<?xml version="1.0" encoding="UTF-8"?>
<!-- Generated by org.testng.reporters.JUnitReportReporter -->
<testsuite skipped="0" hostname="PW-HAN-063" name="threedsOFF.PS_gateway_html_1v5_polk_ON" tests="1" failures="0" timestamp="03 Jan 2020 11:49:29 GMT" time="45.726" errors="0">
  <testcase name="polk" time="45.726" classname="threedsOFF.PS_gateway_html_1v5_polk_ON"/>
</testsuite> <!-- threedsOFF.PS_gateway_html_1v5_polk_ON -->
