<?xml version="1.0" encoding="UTF-8"?>
<!-- Generated by org.testng.reporters.JUnitReportReporter -->
<testsuite skipped="0" hostname="PW-HAN-063" name="PS_ebanx_servipagchile_Test" tests="1" failures="0" timestamp="18 Nov 2019 11:31:35 GMT" time="14.487" errors="0">
  <testcase name="execute" time="14.487" classname="PS_ebanx_servipagchile_Test"/>
</testsuite> <!-- PS_ebanx_servipagchile_Test -->
