<?xml version="1.0" encoding="UTF-8"?>
<!-- Generated by org.testng.reporters.JUnitReportReporter -->
<testsuite skipped="0" hostname="PW-HAN-063" name="PS_gateway_html_Test_3dsON" tests="3" failures="0" timestamp="17 Oct 2019 09:22:34 GMT" time="111.730" errors="0">
  <testcase name="v1" time="27.261" classname="PS_gateway_html_Test_3dsON"/>
  <testcase name="v2" time="34.424" classname="PS_gateway_html_Test_3dsON"/>
  <testcase name="polk" time="50.045" classname="PS_gateway_html_Test_3dsON"/>
</testsuite> <!-- PS_gateway_html_Test_3dsON -->
