<?xml version="1.0" encoding="UTF-8"?>
<!-- Generated by org.testng.reporters.JUnitReportReporter -->
<testsuite skipped="0" hostname="PW-HAN-063" name="threedsOFF.PS_gateway_widget_brick_1v5_polk_OFF" tests="1" failures="0" timestamp="09 Dec 2019 07:21:18 GMT" time="81.316" errors="0">
  <testcase name="polk" time="81.316" classname="threedsOFF.PS_gateway_widget_brick_1v5_polk_OFF"/>
</testsuite> <!-- threedsOFF.PS_gateway_widget_brick_1v5_polk_OFF -->
