<?xml version="1.0" encoding="UTF-8"?>
<!-- Generated by org.testng.reporters.JUnitReportReporter -->
<testsuite skipped="0" hostname="PW-HAN-063" name="PS_sofort_sofortbanktransfer_Test" tests="1" failures="0" timestamp="22 Nov 2019 08:21:41 GMT" time="57.642" errors="0">
  <testcase name="execute" time="57.642" classname="PS_sofort_sofortbanktransfer_Test"/>
</testsuite> <!-- PS_sofort_sofortbanktransfer_Test -->
