<?xml version="1.0" encoding="UTF-8"?>
<!-- Generated by org.testng.reporters.JUnitReportReporter -->
<testsuite skipped="0" hostname="PW-HAN-063" name="PS_netbanking_Test" tests="1" failures="0" timestamp="04 Dec 2019 11:51:49 GMT" time="294.700" errors="0">
  <testcase name="execute" time="294.700" classname="PS_netbanking_Test"/>
</testsuite> <!-- PS_netbanking_Test -->
