<?xml version="1.0" encoding="UTF-8"?>
<!-- Generated by org.testng.reporters.JUnitReportReporter -->
<testsuite skipped="0" hostname="PW-HAN-063" name="p1.Case20_24_WidgetBrick_1v6_Test_ValidateExpirationDate" tests="4" failures="0" timestamp="04 Oct 2019 09:31:05 GMT" time="45.688" errors="0">
  <testcase name="todayValue" time="9.228" classname="p1.Case20_24_WidgetBrick_1v6_Test_ValidateExpirationDate"/>
  <testcase name="futureValueLong" time="17.479" classname="p1.Case20_24_WidgetBrick_1v6_Test_ValidateExpirationDate"/>
  <testcase name="pastValue" time="9.387" classname="p1.Case20_24_WidgetBrick_1v6_Test_ValidateExpirationDate"/>
  <testcase name="futureValueShort" time="9.594" classname="p1.Case20_24_WidgetBrick_1v6_Test_ValidateExpirationDate"/>
</testsuite> <!-- p1.Case20_24_WidgetBrick_1v6_Test_ValidateExpirationDate -->
