<?xml version="1.0" encoding="UTF-8"?>
<!-- Generated by org.testng.reporters.JUnitReportReporter -->
<testsuite skipped="0" hostname="PW-HAN-063" name="threedsOFF.PS_gateway_compact_widget_embarcalero1_OFF" tests="1" failures="0" timestamp="25 Nov 2019 05:00:26 GMT" time="51.091" errors="0">
  <testcase name="v1" time="51.091" classname="threedsOFF.PS_gateway_compact_widget_embarcalero1_OFF"/>
</testsuite> <!-- threedsOFF.PS_gateway_compact_widget_embarcalero1_OFF -->
