<?xml version="1.0" encoding="UTF-8"?>
<!-- Generated by org.testng.reporters.JUnitReportReporter -->
<testsuite skipped="0" hostname="PW-HAN-063" name="PS_astropay_redpagos_Test" tests="1" failures="0" timestamp="13 Dec 2019 04:08:32 GMT" time="28.326" errors="0">
  <testcase name="execute" time="28.326" classname="PS_astropay_redpagos_Test"/>
</testsuite> <!-- PS_astropay_redpagos_Test -->
