<?xml version="1.0" encoding="UTF-8"?>
<!-- Generated by org.testng.reporters.JUnitReportReporter -->
<testsuite skipped="0" hostname="DESKTOP-V097D2E" name="automation.project3ds.BrickWidget_ON1_Test" tests="11" failures="0" timestamp="08 Aug 2019 12:17:36 GMT" time="290.078" errors="0">
  <testcase name="execute" time="25.883" classname="automation.project3ds.BrickWidget_ON1_Test"/>
  <testcase name="execute" time="24.532" classname="automation.project3ds.BrickWidget_ON1_Test"/>
  <testcase name="execute" time="24.210" classname="automation.project3ds.BrickWidget_ON1_Test"/>
  <testcase name="execute" time="23.876" classname="automation.project3ds.BrickWidget_ON1_Test"/>
  <testcase name="execute" time="23.466" classname="automation.project3ds.BrickWidget_ON1_Test"/>
  <testcase name="execute" time="23.967" classname="automation.project3ds.BrickWidget_ON1_Test"/>
  <testcase name="execute" time="25.106" classname="automation.project3ds.BrickWidget_ON1_Test"/>
  <testcase name="execute" time="34.454" classname="automation.project3ds.BrickWidget_ON1_Test"/>
  <testcase name="execute" time="25.825" classname="automation.project3ds.BrickWidget_ON1_Test"/>
  <testcase name="execute" time="28.754" classname="automation.project3ds.BrickWidget_ON1_Test"/>
  <testcase name="execute" time="30.005" classname="automation.project3ds.BrickWidget_ON1_Test"/>
</testsuite> <!-- automation.project3ds.BrickWidget_ON1_Test -->
