<?xml version="1.0" encoding="UTF-8"?>
<!-- Generated by org.testng.reporters.JUnitReportReporter -->
<testsuite skipped="0" hostname="PW-HAN-063" name="p2_done.PS_yandex_yandexmoney" tests="1" failures="0" timestamp="26 Nov 2019 03:59:29 GMT" time="55.543" errors="0">
  <testcase name="execute" time="55.543" classname="p2_done.PS_yandex_yandexmoney"/>
</testsuite> <!-- p2_done.PS_yandex_yandexmoney -->
