<?xml version="1.0" encoding="UTF-8"?>
<!-- Generated by org.testng.reporters.JUnitReportReporter -->
<testsuite skipped="0" hostname="DESKTOP-V097D2E" name="FindMobiamo" tests="1" failures="0" timestamp="22 Aug 2019 09:04:51 GMT" time="10.620" errors="0">
  <testcase name="findMobiamo" time="10.620" classname="FindMobiamo"/>
</testsuite> <!-- FindMobiamo -->
