<?xml version="1.0" encoding="UTF-8"?>
<!-- Generated by org.testng.reporters.JUnitReportReporter -->
<testsuite skipped="0" hostname="PW-HAN-063" name="p1.Case33_37_WidgetBrick_1v6_Test_StaticLink" tests="3" failures="0" timestamp="04 Oct 2019 09:58:50 GMT" time="59.986" errors="0">
  <testcase name="terms" time="12.125" classname="p1.Case33_37_WidgetBrick_1v6_Test_StaticLink"/>
  <testcase name="storedCardSwitch" time="19.195" classname="p1.Case33_37_WidgetBrick_1v6_Test_StaticLink"/>
  <testcase name="tryAgain" time="28.666" classname="p1.Case33_37_WidgetBrick_1v6_Test_StaticLink"/>
</testsuite> <!-- p1.Case33_37_WidgetBrick_1v6_Test_StaticLink -->
