<?xml version="1.0" encoding="UTF-8"?>
<!-- Generated by org.testng.reporters.JUnitReportReporter -->
<testsuite skipped="0" hostname="PW-HAN-063" name="Logo" tests="1" failures="0" timestamp="18 Sep 2019 08:50:16 GMT" time="50.997" errors="0">
  <testcase name="buildLogoReport" time="50.997" classname="Logo"/>
</testsuite> <!-- Logo -->
