<?xml version="1.0" encoding="UTF-8"?>
<!-- Generated by org.testng.reporters.JUnitReportReporter -->
<testsuite skipped="0" hostname="PW-HAN-063" name="threedsON.PS_gateway_widget_brick_1v5_embarcalero1_ON" tests="1" failures="0" timestamp="02 Dec 2019 07:29:41 GMT" time="59.050" errors="0">
  <testcase name="v1" time="59.050" classname="threedsON.PS_gateway_widget_brick_1v5_embarcalero1_ON"/>
</testsuite> <!-- threedsON.PS_gateway_widget_brick_1v5_embarcalero1_ON -->
