<?xml version="1.0" encoding="UTF-8"?>
<!-- Generated by org.testng.reporters.JUnitReportReporter -->
<testsuite skipped="0" hostname="PW-HAN-063" name="PS_astropay_transferenciabancaria_Test" tests="1" failures="0" timestamp="16 Dec 2019 09:34:55 GMT" time="45.993" errors="0">
  <testcase name="execute" time="45.993" classname="PS_astropay_transferenciabancaria_Test"/>
</testsuite> <!-- PS_astropay_transferenciabancaria_Test -->
