<?xml version="1.0" encoding="UTF-8"?>
<!-- Generated by org.testng.reporters.JUnitReportReporter -->
<testsuite skipped="0" hostname="PW-HAN-063" name="PS_ebanx_psecolombia_Test" tests="1" failures="0" timestamp="21 Nov 2019 12:22:02 GMT" time="16.634" errors="0">
  <testcase name="execute" time="16.634" classname="PS_ebanx_psecolombia_Test"/>
</testsuite> <!-- PS_ebanx_psecolombia_Test -->
