<?xml version="1.0" encoding="UTF-8"?>
<!-- Generated by org.testng.reporters.JUnitReportReporter -->
<testsuite skipped="0" hostname="PW-HAN-063" name="threedsOFF.PS_gateway_fp_custom_1v5_polk_ON2" tests="1" failures="0" timestamp="20 Jan 2020 07:11:20 GMT" time="40.385" errors="0">
  <testcase name="polk" time="40.385" classname="threedsOFF.PS_gateway_fp_custom_1v5_polk_ON2"/>
</testsuite> <!-- threedsOFF.PS_gateway_fp_custom_1v5_polk_ON2 -->
