<?xml version="1.0" encoding="UTF-8"?>
<!-- Generated by org.testng.reporters.JUnitReportReporter -->
<testsuite skipped="0" hostname="PW-HAN-063" name="PS_epspayments_Test" tests="1" failures="0" timestamp="01 Nov 2019 11:23:44 GMT" time="22.344" errors="0">
  <testcase name="execute" time="22.344" classname="PS_epspayments_Test"/>
</testsuite> <!-- PS_epspayments_Test -->
