<?xml version="1.0" encoding="UTF-8"?>
<!-- Generated by org.testng.reporters.JUnitReportReporter -->
<testsuite skipped="0" hostname="DESKTOP-V097D2E" name="automation.project3ds.BrickWidget_NoSongbird_Test" tests="36" failures="0" timestamp="01 Aug 2019 07:25:22 GMT" time="898.608" errors="0">
  <testcase name="execute" time="21.558" classname="automation.project3ds.BrickWidget_NoSongbird_Test"/>
  <testcase name="execute" time="22.599" classname="automation.project3ds.BrickWidget_NoSongbird_Test"/>
  <testcase name="execute" time="23.720" classname="automation.project3ds.BrickWidget_NoSongbird_Test"/>
  <testcase name="execute" time="23.897" classname="automation.project3ds.BrickWidget_NoSongbird_Test"/>
  <testcase name="execute" time="25.619" classname="automation.project3ds.BrickWidget_NoSongbird_Test"/>
  <testcase name="execute" time="24.086" classname="automation.project3ds.BrickWidget_NoSongbird_Test"/>
  <testcase name="execute" time="23.965" classname="automation.project3ds.BrickWidget_NoSongbird_Test"/>
  <testcase name="execute" time="25.012" classname="automation.project3ds.BrickWidget_NoSongbird_Test"/>
  <testcase name="execute" time="23.760" classname="automation.project3ds.BrickWidget_NoSongbird_Test"/>
  <testcase name="execute" time="22.590" classname="automation.project3ds.BrickWidget_NoSongbird_Test"/>
  <testcase name="execute" time="21.664" classname="automation.project3ds.BrickWidget_NoSongbird_Test"/>
  <testcase name="execute" time="21.554" classname="automation.project3ds.BrickWidget_NoSongbird_Test"/>
  <testcase name="execute" time="21.658" classname="automation.project3ds.BrickWidget_NoSongbird_Test"/>
  <testcase name="execute" time="21.744" classname="automation.project3ds.BrickWidget_NoSongbird_Test"/>
  <testcase name="execute" time="23.426" classname="automation.project3ds.BrickWidget_NoSongbird_Test"/>
  <testcase name="execute" time="24.856" classname="automation.project3ds.BrickWidget_NoSongbird_Test"/>
  <testcase name="execute" time="24.647" classname="automation.project3ds.BrickWidget_NoSongbird_Test"/>
  <testcase name="execute" time="25.163" classname="automation.project3ds.BrickWidget_NoSongbird_Test"/>
  <testcase name="execute" time="21.665" classname="automation.project3ds.BrickWidget_NoSongbird_Test"/>
  <testcase name="execute" time="24.639" classname="automation.project3ds.BrickWidget_NoSongbird_Test"/>
  <testcase name="execute" time="26.412" classname="automation.project3ds.BrickWidget_NoSongbird_Test"/>
  <testcase name="execute" time="27.796" classname="automation.project3ds.BrickWidget_NoSongbird_Test"/>
  <testcase name="execute" time="31.076" classname="automation.project3ds.BrickWidget_NoSongbird_Test"/>
  <testcase name="execute" time="26.680" classname="automation.project3ds.BrickWidget_NoSongbird_Test"/>
  <testcase name="execute" time="23.218" classname="automation.project3ds.BrickWidget_NoSongbird_Test"/>
  <testcase name="execute" time="25.014" classname="automation.project3ds.BrickWidget_NoSongbird_Test"/>
  <testcase name="execute" time="45.388" classname="automation.project3ds.BrickWidget_NoSongbird_Test"/>
  <testcase name="execute" time="24.538" classname="automation.project3ds.BrickWidget_NoSongbird_Test"/>
  <testcase name="execute" time="21.807" classname="automation.project3ds.BrickWidget_NoSongbird_Test"/>
  <testcase name="execute" time="22.548" classname="automation.project3ds.BrickWidget_NoSongbird_Test"/>
  <testcase name="execute" time="21.562" classname="automation.project3ds.BrickWidget_NoSongbird_Test"/>
  <testcase name="execute" time="22.107" classname="automation.project3ds.BrickWidget_NoSongbird_Test"/>
  <testcase name="execute" time="21.825" classname="automation.project3ds.BrickWidget_NoSongbird_Test"/>
  <testcase name="execute" time="41.268" classname="automation.project3ds.BrickWidget_NoSongbird_Test"/>
  <testcase name="execute" time="24.512" classname="automation.project3ds.BrickWidget_NoSongbird_Test"/>
  <testcase name="execute" time="25.035" classname="automation.project3ds.BrickWidget_NoSongbird_Test"/>
</testsuite> <!-- automation.project3ds.BrickWidget_NoSongbird_Test -->
