<?xml version="1.0" encoding="UTF-8"?>
<!-- Generated by org.testng.reporters.JUnitReportReporter -->
<testsuite skipped="0" hostname="PW-HAN-063" name="PS_ccbrazil_Test" tests="1" failures="0" timestamp="16 Oct 2019 10:42:56 GMT" time="69.314" errors="0">
  <testcase name="execute" time="69.314" classname="PS_ccbrazil_Test"/>
</testsuite> <!-- PS_ccbrazil_Test -->
