<?xml version="1.0" encoding="UTF-8"?>
<!-- Generated by org.testng.reporters.JUnitReportReporter -->
<testsuite skipped="0" hostname="PW-HAN-063" name="PS_astropay_santandermexico_Test" tests="1" failures="0" timestamp="13 Dec 2019 04:11:23 GMT" time="34.637" errors="0">
  <testcase name="execute" time="34.637" classname="PS_astropay_santandermexico_Test"/>
</testsuite> <!-- PS_astropay_santandermexico_Test -->
