<?xml version="1.0" encoding="UTF-8"?>
<!-- Generated by org.testng.reporters.JUnitReportReporter -->
<testsuite skipped="0" hostname="DESKTOP-V097D2E" name="automation.project3ds.BrickURL_Polk_Test" tests="1" failures="0" timestamp="13 Aug 2019 07:21:00 GMT" time="34.470" errors="0">
  <testcase name="execute" time="34.470" classname="automation.project3ds.BrickURL_Polk_Test"/>
</testsuite> <!-- automation.project3ds.BrickURL_Polk_Test -->
