<?xml version="1.0" encoding="UTF-8"?>
<!-- Generated by org.testng.reporters.JUnitReportReporter -->
<testsuite skipped="0" hostname="PW-HAN-063" name="PS_allthegate_Test" tests="1" failures="0" timestamp="10 Dec 2019 04:49:45 GMT" time="69.033" errors="0">
  <testcase name="execute" time="69.033" classname="PS_allthegate_Test"/>
</testsuite> <!-- PS_allthegate_Test -->
