<?xml version="1.0" encoding="UTF-8"?>
<!-- Generated by org.testng.reporters.JUnitReportReporter -->
<testsuite skipped="0" hostname="DESKTOP-V097D2E" name="automation.project3ds.aSample" tests="1" failures="0" timestamp="17 Jul 2019 11:38:33 GMT" time="0.024" errors="0">
  <testcase name="sample" time="0.024" classname="automation.project3ds.aSample"/>
</testsuite> <!-- automation.project3ds.aSample -->
