<?xml version="1.0" encoding="UTF-8"?>
<!-- Generated by org.testng.reporters.JUnitReportReporter -->
<testsuite skipped="0" hostname="PW-HAN-063" name="PS_sofortbanktransfer_Test" tests="1" failures="0" timestamp="24 Oct 2019 11:47:00 GMT" time="46.861" errors="0">
  <testcase name="execute" time="46.861" classname="PS_sofortbanktransfer_Test"/>
</testsuite> <!-- PS_sofortbanktransfer_Test -->
