<?xml version="1.0" encoding="UTF-8"?>
<!-- Generated by org.testng.reporters.JUnitReportReporter -->
<testsuite skipped="0" hostname="PW-HAN-063" name="PS_alipay_Test" tests="1" failures="0" timestamp="03 Jan 2020 05:47:30 GMT" time="53.585" errors="0">
  <testcase name="execute" time="53.585" classname="PS_alipay_Test"/>
</testsuite> <!-- PS_alipay_Test -->
