<?xml version="1.0" encoding="UTF-8"?>
<!-- Generated by org.testng.reporters.JUnitReportReporter -->
<testsuite skipped="0" hostname="PW-HAN-063" name="threedsOFF.PS_gateway_widget_old_polk_OFF" tests="1" failures="0" timestamp="03 Jan 2020 11:39:49 GMT" time="52.751" errors="0">
  <testcase name="polk" time="52.751" classname="threedsOFF.PS_gateway_widget_old_polk_OFF"/>
</testsuite> <!-- threedsOFF.PS_gateway_widget_old_polk_OFF -->
