<?xml version="1.0" encoding="UTF-8"?>
<!-- Generated by org.testng.reporters.JUnitReportReporter -->
<testsuite skipped="0" hostname="PW-HAN-063" name="Add_Merchant_PW_Test" tests="1" failures="0" timestamp="15 Jan 2020 08:14:54 GMT" time="166.857" errors="0">
  <testcase name="addMerchant" time="166.857" classname="Add_Merchant_PW_Test"/>
</testsuite> <!-- Add_Merchant_PW_Test -->
