<?xml version="1.0" encoding="UTF-8"?>
<!-- Generated by org.testng.reporters.JUnitReportReporter -->
<testsuite skipped="0" hostname="PW-HAN-063" name="PS_astropay_bancomermexico_Test" tests="1" failures="0" timestamp="12 Dec 2019 12:14:47 GMT" time="17.548" errors="0">
  <testcase name="execute" time="17.548" classname="PS_astropay_bancomermexico_Test"/>
</testsuite> <!-- PS_astropay_bancomermexico_Test -->
