<?xml version="1.0" encoding="UTF-8"?>
<!-- Generated by org.testng.reporters.JUnitReportReporter -->
<testsuite skipped="0" hostname="PW-HAN-063" name="threedsOFF.PS_gateway_custom_1v5_embarcalero2_OFF" tests="1" failures="0" timestamp="20 Jan 2020 06:20:30 GMT" time="30.997" errors="0">
  <testcase name="v2" time="30.997" classname="threedsOFF.PS_gateway_custom_1v5_embarcalero2_OFF"/>
</testsuite> <!-- threedsOFF.PS_gateway_custom_1v5_embarcalero2_OFF -->
