<?xml version="1.0" encoding="UTF-8"?>
<!-- Generated by org.testng.reporters.JUnitReportReporter -->
<testsuite skipped="0" hostname="PW-HAN-063" name="logo.Logo" tests="11" failures="0" timestamp="08 Oct 2019 04:03:46 GMT" time="632.785" errors="0">
  <testcase name="buildLogoReport" time="57.673" classname="logo.Logo"/>
  <testcase name="buildLogoReport" time="52.865" classname="logo.Logo"/>
  <testcase name="buildLogoReport" time="58.918" classname="logo.Logo"/>
  <testcase name="buildLogoReport" time="51.386" classname="logo.Logo"/>
  <testcase name="buildLogoReport" time="52.308" classname="logo.Logo"/>
  <testcase name="buildLogoReport" time="93.299" classname="logo.Logo"/>
  <testcase name="buildLogoReport" time="52.308" classname="logo.Logo"/>
  <testcase name="buildLogoReport" time="55.273" classname="logo.Logo"/>
  <testcase name="buildLogoReport" time="54.563" classname="logo.Logo"/>
  <testcase name="buildLogoReport" time="49.319" classname="logo.Logo"/>
  <testcase name="buildLogoReport" time="54.873" classname="logo.Logo"/>
</testsuite> <!-- logo.Logo -->
