<?xml version="1.0" encoding="UTF-8"?>
<!-- Generated by org.testng.reporters.JUnitReportReporter -->
<testsuite skipped="0" hostname="PW-HAN-063" name="threedsON.PS_gateway_widget_embarcalero1_ON" tests="1" failures="0" timestamp="01 Nov 2019 04:12:18 GMT" time="47.167" errors="0">
  <testcase name="v1" time="47.167" classname="threedsON.PS_gateway_widget_embarcalero1_ON"/>
</testsuite> <!-- threedsON.PS_gateway_widget_embarcalero1_ON -->
