<?xml version="1.0" encoding="UTF-8"?>
<!-- Generated by org.testng.reporters.JUnitReportReporter -->
<testsuite skipped="0" hostname="DESKTOP-V097D2E" name="automation.project3ds.testBrickHTML" tests="1" failures="0" timestamp="18 Jul 2019 10:47:00 GMT" time="156.327" errors="0">
  <testcase name="execute" time="156.327" classname="automation.project3ds.testBrickHTML"/>
</testsuite> <!-- automation.project3ds.testBrickHTML -->
