<?xml version="1.0" encoding="UTF-8"?>
<!-- Generated by org.testng.reporters.JUnitReportReporter -->
<testsuite skipped="0" hostname="PW-HAN-063" name="p2_done.PS_giropay_Test" tests="1" failures="0" timestamp="23 Dec 2019 05:28:47 GMT" time="41.424" errors="0">
  <testcase name="execute" time="41.424" classname="p2_done.PS_giropay_Test"/>
</testsuite> <!-- p2_done.PS_giropay_Test -->
