<?xml version="1.0" encoding="UTF-8"?>
<!-- Generated by org.testng.reporters.JUnitReportReporter -->
<testsuite skipped="0" hostname="PW-HAN-063" name="PS_dotpay_dotpaymt_Test" tests="1" failures="0" timestamp="24 Dec 2019 08:45:03 GMT" time="28.885" errors="0">
  <testcase name="execute" time="28.885" classname="PS_dotpay_dotpaymt_Test"/>
</testsuite> <!-- PS_dotpay_dotpaymt_Test -->
