<?xml version="1.0" encoding="UTF-8"?>
<!-- Generated by org.testng.reporters.JUnitReportReporter -->
<testsuite skipped="0" hostname="DESKTOP-V097D2E" name="automation.project3ds.Aa" tests="1" failures="0" timestamp="27 Jun 2019 05:28:27 GMT" time="5.678" errors="0">
  <testcase name="meo" time="5.678" classname="automation.project3ds.Aa"/>
</testsuite> <!-- automation.project3ds.Aa -->
