<?xml version="1.0" encoding="UTF-8"?>
<!-- Generated by org.testng.reporters.JUnitReportReporter -->
<testsuite skipped="0" hostname="DESKTOP-V097D2E" name="automation.project3ds.BrickWidget_OFF1_Test" tests="11" failures="0" timestamp="07 Aug 2019 09:57:24 GMT" time="387.844" errors="0">
  <testcase name="execute" time="34.063" classname="automation.project3ds.BrickWidget_OFF1_Test"/>
  <testcase name="execute" time="39.903" classname="automation.project3ds.BrickWidget_OFF1_Test"/>
  <testcase name="execute" time="55.007" classname="automation.project3ds.BrickWidget_OFF1_Test"/>
  <testcase name="execute" time="23.081" classname="automation.project3ds.BrickWidget_OFF1_Test"/>
  <testcase name="execute" time="23.347" classname="automation.project3ds.BrickWidget_OFF1_Test"/>
  <testcase name="execute" time="28.312" classname="automation.project3ds.BrickWidget_OFF1_Test"/>
  <testcase name="execute" time="60.727" classname="automation.project3ds.BrickWidget_OFF1_Test"/>
  <testcase name="execute" time="31.635" classname="automation.project3ds.BrickWidget_OFF1_Test"/>
  <testcase name="execute" time="32.932" classname="automation.project3ds.BrickWidget_OFF1_Test"/>
  <testcase name="execute" time="26.261" classname="automation.project3ds.BrickWidget_OFF1_Test"/>
  <testcase name="execute" time="32.576" classname="automation.project3ds.BrickWidget_OFF1_Test"/>
</testsuite> <!-- automation.project3ds.BrickWidget_OFF1_Test -->
