<?xml version="1.0" encoding="UTF-8"?>
<!-- Generated by org.testng.reporters.JUnitReportReporter -->
<testsuite skipped="0" hostname="PW-HAN-063" name="PS_boletobr_Bussiness_Test" tests="1" failures="0" timestamp="31 Oct 2019 10:45:55 GMT" time="23.642" errors="0">
  <testcase name="execute" time="23.642" classname="PS_boletobr_Bussiness_Test"/>
</testsuite> <!-- PS_boletobr_Bussiness_Test -->
