<?xml version="1.0" encoding="UTF-8"?>
<!-- Generated by org.testng.reporters.JUnitReportReporter -->
<testsuite skipped="0" hostname="DESKTOP-V097D2E" name="automation.project3ds.BrickURL_ON1_Test" tests="11" failures="0" timestamp="08 Aug 2019 10:04:48 GMT" time="345.491" errors="0">
  <testcase name="execute" time="20.051" classname="automation.project3ds.BrickURL_ON1_Test"/>
  <testcase name="execute" time="78.057" classname="automation.project3ds.BrickURL_ON1_Test"/>
  <testcase name="execute" time="36.786" classname="automation.project3ds.BrickURL_ON1_Test"/>
  <testcase name="execute" time="21.532" classname="automation.project3ds.BrickURL_ON1_Test"/>
  <testcase name="execute" time="32.331" classname="automation.project3ds.BrickURL_ON1_Test"/>
  <testcase name="execute" time="31.217" classname="automation.project3ds.BrickURL_ON1_Test"/>
  <testcase name="execute" time="29.329" classname="automation.project3ds.BrickURL_ON1_Test"/>
  <testcase name="execute" time="24.964" classname="automation.project3ds.BrickURL_ON1_Test"/>
  <testcase name="execute" time="22.752" classname="automation.project3ds.BrickURL_ON1_Test"/>
  <testcase name="execute" time="26.190" classname="automation.project3ds.BrickURL_ON1_Test"/>
  <testcase name="execute" time="22.282" classname="automation.project3ds.BrickURL_ON1_Test"/>
</testsuite> <!-- automation.project3ds.BrickURL_ON1_Test -->
