<?xml version="1.0" encoding="UTF-8"?>
<!-- Generated by org.testng.reporters.JUnitReportReporter -->
<testsuite skipped="0" hostname="PW-HAN-063" name="WidgetBrick_1v6_Screenshot" tests="1" failures="0" timestamp="04 Sep 2019 10:29:53 GMT" time="1326.979" errors="0">
  <testcase name="saveScreenshot" time="1326.979" classname="WidgetBrick_1v6_Screenshot"/>
</testsuite> <!-- WidgetBrick_1v6_Screenshot -->
