<?xml version="1.0" encoding="UTF-8"?>
<!-- Generated by org.testng.reporters.JUnitReportReporter -->
<testsuite skipped="0" hostname="PW-HAN-063" name="PS_btfinland_Test" tests="1" failures="0" timestamp="01 Nov 2019 10:56:27 GMT" time="37.943" errors="0">
  <testcase name="execute" time="37.943" classname="PS_btfinland_Test"/>
</testsuite> <!-- PS_btfinland_Test -->
