<?xml version="1.0" encoding="UTF-8"?>
<!-- Generated by org.testng.reporters.JUnitReportReporter -->
<testsuite skipped="0" hostname="DESKTOP-V097D2E" name="automation.project3ds.BrickWidget_ONPolk_Test" tests="1" failures="0" timestamp="07 Aug 2019 04:25:18 GMT" time="33.943" errors="0">
  <testcase name="execute" time="33.943" classname="automation.project3ds.BrickWidget_ONPolk_Test"/>
</testsuite> <!-- automation.project3ds.BrickWidget_ONPolk_Test -->
