<?xml version="1.0" encoding="UTF-8"?>
<!-- Generated by org.testng.reporters.JUnitReportReporter -->
<testsuite skipped="0" hostname="PW-HAN-063" name="threedsON.PS_gateway_corel_p2_3_embarcadero1" tests="1" failures="0" timestamp="20 Jan 2020 04:45:44 GMT" time="122.493" errors="0">
  <testcase name="v1" time="122.493" classname="threedsON.PS_gateway_corel_p2_3_embarcadero1"/>
</testsuite> <!-- threedsON.PS_gateway_corel_p2_3_embarcadero1 -->
