<?xml version="1.0" encoding="UTF-8"?>
<!-- Generated by org.testng.reporters.JUnitReportReporter -->
<testsuite skipped="0" hostname="DESKTOP-V097D2E" name="automation.project3ds.BrickHTML_Card1_OFF_Test" tests="12" failures="0" timestamp="13 Aug 2019 06:13:09 GMT" time="313.799" errors="0">
  <testcase name="execute" time="38.709" classname="automation.project3ds.BrickHTML_Card1_OFF_Test"/>
  <testcase name="execute" time="15.932" classname="automation.project3ds.BrickHTML_Card1_OFF_Test"/>
  <testcase name="execute" time="17.145" classname="automation.project3ds.BrickHTML_Card1_OFF_Test"/>
  <testcase name="execute" time="51.069" classname="automation.project3ds.BrickHTML_Card1_OFF_Test"/>
  <testcase name="execute" time="30.616" classname="automation.project3ds.BrickHTML_Card1_OFF_Test"/>
  <testcase name="execute" time="16.128" classname="automation.project3ds.BrickHTML_Card1_OFF_Test"/>
  <testcase name="execute" time="35.911" classname="automation.project3ds.BrickHTML_Card1_OFF_Test"/>
  <testcase name="execute" time="24.066" classname="automation.project3ds.BrickHTML_Card1_OFF_Test"/>
  <testcase name="execute" time="16.169" classname="automation.project3ds.BrickHTML_Card1_OFF_Test"/>
  <testcase name="execute" time="24.469" classname="automation.project3ds.BrickHTML_Card1_OFF_Test"/>
  <testcase name="execute" time="16.289" classname="automation.project3ds.BrickHTML_Card1_OFF_Test"/>
  <testcase name="execute" time="27.296" classname="automation.project3ds.BrickHTML_Card1_OFF_Test"/>
</testsuite> <!-- automation.project3ds.BrickHTML_Card1_OFF_Test -->
