<?xml version="1.0" encoding="UTF-8"?>
<!-- Generated by org.testng.reporters.JUnitReportReporter -->
<testsuite skipped="0" hostname="PW-HAN-063" name="threedsOFF.PS_gateway_fp_html_1v6_polk_ON3" tests="1" failures="0" timestamp="02 Dec 2019 06:00:37 GMT" time="14.825" errors="0">
  <testcase name="polk" time="14.825" classname="threedsOFF.PS_gateway_fp_html_1v6_polk_ON3"/>
</testsuite> <!-- threedsOFF.PS_gateway_fp_html_1v6_polk_ON3 -->
