<?xml version="1.0" encoding="UTF-8"?>
<!-- Generated by org.testng.reporters.JUnitReportReporter -->
<testsuite skipped="0" hostname="PW-HAN-063" name="automation.project3ds.oldTest.BrickWidget_Polk_Test" tests="1" failures="0" timestamp="16 Sep 2019 05:19:12 GMT" time="46.000" errors="0">
  <testcase name="execute" time="46.000" classname="automation.project3ds.oldTest.BrickWidget_Polk_Test"/>
</testsuite> <!-- automation.project3ds.oldTest.BrickWidget_Polk_Test -->
