<?xml version="1.0" encoding="UTF-8"?>
<!-- Generated by org.testng.reporters.JUnitReportReporter -->
<testsuite skipped="0" hostname="PW-HAN-063" name="threedsON.PS_gateway_custom_1v5_embarcalero1_ON" tests="1" failures="0" timestamp="20 Jan 2020 04:57:39 GMT" time="43.944" errors="0">
  <testcase name="v1" time="43.944" classname="threedsON.PS_gateway_custom_1v5_embarcalero1_ON"/>
</testsuite> <!-- threedsON.PS_gateway_custom_1v5_embarcalero1_ON -->
