<?xml version="1.0" encoding="UTF-8"?>
<!-- Generated by org.testng.reporters.JUnitReportReporter -->
<testsuite skipped="0" hostname="PW-HAN-063" name="threedsOFF.PS_gateway_gameforge_p2_6_polk" tests="1" failures="0" timestamp="03 Jan 2020 11:41:48 GMT" time="45.827" errors="0">
  <testcase name="polk" time="45.827" classname="threedsOFF.PS_gateway_gameforge_p2_6_polk"/>
</testsuite> <!-- threedsOFF.PS_gateway_gameforge_p2_6_polk -->
