<?xml version="1.0" encoding="UTF-8"?>
<!-- Generated by org.testng.reporters.JUnitReportReporter -->
<testsuite skipped="0" hostname="PW-HAN-063" name="logo.Aa" tests="1" failures="0" timestamp="01 Oct 2019 05:18:08 GMT" time="0.019" errors="0">
  <testcase name="makePayment" time="0.019" classname="logo.Aa"/>
</testsuite> <!-- logo.Aa -->
