<?xml version="1.0" encoding="UTF-8"?>
<!-- Generated by org.testng.reporters.JUnitReportReporter -->
<testsuite skipped="0" hostname="PW-HAN-063" name="PS_fasterpay_Test" tests="1" failures="0" timestamp="25 Dec 2019 07:16:20 GMT" time="112.566" errors="0">
  <testcase name="execute" time="112.566" classname="PS_fasterpay_Test"/>
</testsuite> <!-- PS_fasterpay_Test -->
